ARM GAS  C:\Users\FIRSTP~1\AppData\Local\Temp\ccsOPODg.s 			page 1


   1              		.syntax unified
   2              		.cpu cortex-m0
   3              		.fpu softvfp
   4              		.eabi_attribute 20, 1
   5              		.eabi_attribute 21, 1
   6              		.eabi_attribute 23, 3
   7              		.eabi_attribute 24, 1
   8              		.eabi_attribute 25, 1
   9              		.eabi_attribute 26, 1
  10              		.eabi_attribute 30, 1
  11              		.eabi_attribute 34, 0
  12              		.eabi_attribute 18, 4
  13              		.thumb
  14              		.syntax unified
  15              		.file	"main.c"
  16              		.text
  17              	.Ltext0:
  18              		.cfi_sections	.debug_frame
  19              		.global	__aeabi_uidiv
  20              		.section	.text.main,"ax",%progbits
  21              		.align	2
  22              		.global	main
  23              		.code	16
  24              		.thumb_func
  25              		.type	main, %function
  26              	main:
  27              	.LFB33:
  28              		.file 1 "main.c"
   1:main.c        **** #include "project.h"  
   2:main.c        **** #include <stdio.h>  
   3:main.c        **** #include <stdlib.h>
   4:main.c        **** 
   5:main.c        **** short afstand = 0;
   6:main.c        **** 
   7:main.c        **** 
   8:main.c        **** 
   9:main.c        ****     
  10:main.c        **** int main(void)  
  11:main.c        **** {  
  29              		.loc 1 11 0
  30              		.cfi_startproc
  31              		@ args = 0, pretend = 0, frame = 8
  32              		@ frame_needed = 0, uses_anonymous_args = 0
  33 0000 00B5     		push	{lr}
  34              		.cfi_def_cfa_offset 4
  35              		.cfi_offset 14, -4
  36 0002 83B0     		sub	sp, sp, #12
  37              		.cfi_def_cfa_offset 16
  12:main.c        ****     CyGlobalIntEnable; /* Enable global interrupts. */  
  38              		.loc 1 12 0
  39              		.syntax divided
  40              	@ 12 "main.c" 1
  41 0004 62B6     		CPSIE   i
  42              	@ 0 "" 2
  13:main.c        ****     
  14:main.c        ****     UART_Start();  
  43              		.loc 1 14 0
ARM GAS  C:\Users\FIRSTP~1\AppData\Local\Temp\ccsOPODg.s 			page 2


  44              		.thumb
  45              		.syntax unified
  46 0006 FFF7FEFF 		bl	UART_Start
  47              	.LVL0:
  15:main.c        ****     PWM_Start(); 
  48              		.loc 1 15 0
  49 000a FFF7FEFF 		bl	PWM_Start
  50              	.LVL1:
  16:main.c        ****     Timer_Start();
  51              		.loc 1 16 0
  52 000e FFF7FEFF 		bl	Timer_Start
  53              	.LVL2:
  17:main.c        ****   
  18:main.c        ****     PWM_WritePeriod(255);
  54              		.loc 1 18 0
  55 0012 FF20     		movs	r0, #255
  56 0014 FFF7FEFF 		bl	PWM_WritePeriod
  57              	.LVL3:
  19:main.c        ****     PWM_WriteCompare(127);
  58              		.loc 1 19 0
  59 0018 7F20     		movs	r0, #127
  60 001a FFF7FEFF 		bl	PWM_WriteCompare
  61              	.LVL4:
  62              	.L2:
  20:main.c        ****   
  21:main.c        ****  
  22:main.c        ****     char string[1];
  23:main.c        ****     for(;;)
  24:main.c        ****     {
  25:main.c        ****           if(Echo_Read() == 1)
  63              		.loc 1 25 0
  64 001e FFF7FEFF 		bl	Echo_Read
  65              	.LVL5:
  66 0022 0128     		cmp	r0, #1
  67 0024 FBD1     		bne	.L2
  26:main.c        ****          {        
  27:main.c        ****           afstand = (Timer_ReadCounter()/100);
  68              		.loc 1 27 0
  69 0026 FFF7FEFF 		bl	Timer_ReadCounter
  70              	.LVL6:
  71 002a 6421     		movs	r1, #100
  72 002c FFF7FEFF 		bl	__aeabi_uidiv
  73              	.LVL7:
  74 0030 00B2     		sxth	r0, r0
  75 0032 0B4B     		ldr	r3, .L4
  76 0034 1880     		strh	r0, [r3]
  28:main.c        ****           itoa(afstand,string,10);
  77              		.loc 1 28 0
  78 0036 0A22     		movs	r2, #10
  79 0038 01A9     		add	r1, sp, #4
  80 003a FFF7FEFF 		bl	itoa
  81              	.LVL8:
  29:main.c        ****           UART_UartPutString("Afstand in cm: ");
  82              		.loc 1 29 0
  83 003e 0948     		ldr	r0, .L4+4
  84 0040 FFF7FEFF 		bl	UART_UartPutString
  85              	.LVL9:
ARM GAS  C:\Users\FIRSTP~1\AppData\Local\Temp\ccsOPODg.s 			page 3


  30:main.c        ****           UART_UartPutString(string);
  86              		.loc 1 30 0
  87 0044 01A8     		add	r0, sp, #4
  88 0046 FFF7FEFF 		bl	UART_UartPutString
  89              	.LVL10:
  31:main.c        ****           UART_UartPutString("\n\r");
  90              		.loc 1 31 0
  91 004a 0748     		ldr	r0, .L4+8
  92 004c FFF7FEFF 		bl	UART_UartPutString
  93              	.LVL11:
  32:main.c        ****           Timer_WriteCounter(0);
  94              		.loc 1 32 0
  95 0050 0020     		movs	r0, #0
  96 0052 FFF7FEFF 		bl	Timer_WriteCounter
  97              	.LVL12:
  33:main.c        ****           CyDelay(500);
  98              		.loc 1 33 0
  99 0056 FA20     		movs	r0, #250
 100 0058 4000     		lsls	r0, r0, #1
 101 005a FFF7FEFF 		bl	CyDelay
 102              	.LVL13:
 103 005e DEE7     		b	.L2
 104              	.L5:
 105              		.align	2
 106              	.L4:
 107 0060 00000000 		.word	.LANCHOR0
 108 0064 00000000 		.word	.LC1
 109 0068 10000000 		.word	.LC3
 110              		.cfi_endproc
 111              	.LFE33:
 112              		.size	main, .-main
 113              		.global	afstand
 114              		.section	.rodata.str1.4,"aMS",%progbits,1
 115              		.align	2
 116              	.LC1:
 117 0000 41667374 		.ascii	"Afstand in cm: \000"
 117      616E6420 
 117      696E2063 
 117      6D3A2000 
 118              	.LC3:
 119 0010 0A0D00   		.ascii	"\012\015\000"
 120              		.bss
 121              		.align	1
 122              		.set	.LANCHOR0,. + 0
 123              		.type	afstand, %object
 124              		.size	afstand, 2
 125              	afstand:
 126 0000 0000     		.space	2
 127              		.text
 128              	.Letext0:
 129              		.file 2 "Generated_Source\\PSoC4/UART.h"
 130              		.file 3 "Generated_Source\\PSoC4/PWM.h"
 131              		.file 4 "Generated_Source\\PSoC4/Timer.h"
 132              		.file 5 "Generated_Source\\PSoC4/Echo.h"
 133              		.file 6 "c:\\program files (x86)\\cypress\\psoc creator\\4.2\\psoc creator\\import\\gnu\\arm\\5.4.
 134              		.file 7 "Generated_Source\\PSoC4/UART_SPI_UART.h"
 135              		.file 8 "Generated_Source\\PSoC4/CyLib.h"
ARM GAS  C:\Users\FIRSTP~1\AppData\Local\Temp\ccsOPODg.s 			page 4


 136              		.section	.debug_info,"",%progbits
 137              	.Ldebug_info0:
 138 0000 28020000 		.4byte	0x228
 139 0004 0400     		.2byte	0x4
 140 0006 00000000 		.4byte	.Ldebug_abbrev0
 141 000a 04       		.byte	0x4
 142 000b 01       		.uleb128 0x1
 143 000c D4000000 		.4byte	.LASF25
 144 0010 0C       		.byte	0xc
 145 0011 89010000 		.4byte	.LASF26
 146 0015 95010000 		.4byte	.LASF27
 147 0019 00000000 		.4byte	.Ldebug_ranges0+0
 148 001d 00000000 		.4byte	0
 149 0021 00000000 		.4byte	.Ldebug_line0
 150 0025 02       		.uleb128 0x2
 151 0026 01       		.byte	0x1
 152 0027 06       		.byte	0x6
 153 0028 13020000 		.4byte	.LASF0
 154 002c 02       		.uleb128 0x2
 155 002d 01       		.byte	0x1
 156 002e 08       		.byte	0x8
 157 002f 3F000000 		.4byte	.LASF1
 158 0033 02       		.uleb128 0x2
 159 0034 02       		.byte	0x2
 160 0035 05       		.byte	0x5
 161 0036 D7010000 		.4byte	.LASF2
 162 003a 02       		.uleb128 0x2
 163 003b 02       		.byte	0x2
 164 003c 07       		.byte	0x7
 165 003d 5F000000 		.4byte	.LASF3
 166 0041 02       		.uleb128 0x2
 167 0042 04       		.byte	0x4
 168 0043 05       		.byte	0x5
 169 0044 FE010000 		.4byte	.LASF4
 170 0048 02       		.uleb128 0x2
 171 0049 04       		.byte	0x4
 172 004a 07       		.byte	0x7
 173 004b 4D000000 		.4byte	.LASF5
 174 004f 02       		.uleb128 0x2
 175 0050 08       		.byte	0x8
 176 0051 05       		.byte	0x5
 177 0052 7B010000 		.4byte	.LASF6
 178 0056 02       		.uleb128 0x2
 179 0057 08       		.byte	0x8
 180 0058 07       		.byte	0x7
 181 0059 BD000000 		.4byte	.LASF7
 182 005d 03       		.uleb128 0x3
 183 005e 04       		.byte	0x4
 184 005f 05       		.byte	0x5
 185 0060 696E7400 		.ascii	"int\000"
 186 0064 02       		.uleb128 0x2
 187 0065 04       		.byte	0x4
 188 0066 07       		.byte	0x7
 189 0067 A6000000 		.4byte	.LASF8
 190 006b 02       		.uleb128 0x2
 191 006c 04       		.byte	0x4
 192 006d 04       		.byte	0x4
ARM GAS  C:\Users\FIRSTP~1\AppData\Local\Temp\ccsOPODg.s 			page 5


 193 006e 34000000 		.4byte	.LASF9
 194 0072 02       		.uleb128 0x2
 195 0073 08       		.byte	0x8
 196 0074 04       		.byte	0x4
 197 0075 7D000000 		.4byte	.LASF10
 198 0079 02       		.uleb128 0x2
 199 007a 01       		.byte	0x1
 200 007b 08       		.byte	0x8
 201 007c 90010000 		.4byte	.LASF11
 202 0080 02       		.uleb128 0x2
 203 0081 08       		.byte	0x8
 204 0082 04       		.byte	0x4
 205 0083 07020000 		.4byte	.LASF12
 206 0087 02       		.uleb128 0x2
 207 0088 04       		.byte	0x4
 208 0089 07       		.byte	0x7
 209 008a 72010000 		.4byte	.LASF13
 210 008e 04       		.uleb128 0x4
 211 008f 95000000 		.4byte	.LASF28
 212 0093 01       		.byte	0x1
 213 0094 0A       		.byte	0xa
 214 0095 5D000000 		.4byte	0x5d
 215 0099 00000000 		.4byte	.LFB33
 216 009d 6C000000 		.4byte	.LFE33-.LFB33
 217 00a1 01       		.uleb128 0x1
 218 00a2 9C       		.byte	0x9c
 219 00a3 8A010000 		.4byte	0x18a
 220 00a7 05       		.uleb128 0x5
 221 00a8 1A000000 		.4byte	.LASF29
 222 00ac 01       		.byte	0x1
 223 00ad 16       		.byte	0x16
 224 00ae 8A010000 		.4byte	0x18a
 225 00b2 02       		.uleb128 0x2
 226 00b3 91       		.byte	0x91
 227 00b4 74       		.sleb128 -12
 228 00b5 06       		.uleb128 0x6
 229 00b6 0A000000 		.4byte	.LVL0
 230 00ba AB010000 		.4byte	0x1ab
 231 00be 06       		.uleb128 0x6
 232 00bf 0E000000 		.4byte	.LVL1
 233 00c3 B6010000 		.4byte	0x1b6
 234 00c7 06       		.uleb128 0x6
 235 00c8 12000000 		.4byte	.LVL2
 236 00cc C2010000 		.4byte	0x1c2
 237 00d0 07       		.uleb128 0x7
 238 00d1 18000000 		.4byte	.LVL3
 239 00d5 CE010000 		.4byte	0x1ce
 240 00d9 E4000000 		.4byte	0xe4
 241 00dd 08       		.uleb128 0x8
 242 00de 01       		.uleb128 0x1
 243 00df 50       		.byte	0x50
 244 00e0 02       		.uleb128 0x2
 245 00e1 08       		.byte	0x8
 246 00e2 FF       		.byte	0xff
 247 00e3 00       		.byte	0
 248 00e4 07       		.uleb128 0x7
 249 00e5 1E000000 		.4byte	.LVL4
ARM GAS  C:\Users\FIRSTP~1\AppData\Local\Temp\ccsOPODg.s 			page 6


 250 00e9 DA010000 		.4byte	0x1da
 251 00ed F8000000 		.4byte	0xf8
 252 00f1 08       		.uleb128 0x8
 253 00f2 01       		.uleb128 0x1
 254 00f3 50       		.byte	0x50
 255 00f4 02       		.uleb128 0x2
 256 00f5 08       		.byte	0x8
 257 00f6 7F       		.byte	0x7f
 258 00f7 00       		.byte	0
 259 00f8 06       		.uleb128 0x6
 260 00f9 22000000 		.4byte	.LVL5
 261 00fd E6010000 		.4byte	0x1e6
 262 0101 06       		.uleb128 0x6
 263 0102 2A000000 		.4byte	.LVL6
 264 0106 F1010000 		.4byte	0x1f1
 265 010a 07       		.uleb128 0x7
 266 010b 3E000000 		.4byte	.LVL8
 267 010f FD010000 		.4byte	0x1fd
 268 0113 23010000 		.4byte	0x123
 269 0117 08       		.uleb128 0x8
 270 0118 01       		.uleb128 0x1
 271 0119 51       		.byte	0x51
 272 011a 02       		.uleb128 0x2
 273 011b 91       		.byte	0x91
 274 011c 74       		.sleb128 -12
 275 011d 08       		.uleb128 0x8
 276 011e 01       		.uleb128 0x1
 277 011f 52       		.byte	0x52
 278 0120 01       		.uleb128 0x1
 279 0121 3A       		.byte	0x3a
 280 0122 00       		.byte	0
 281 0123 07       		.uleb128 0x7
 282 0124 44000000 		.4byte	.LVL9
 283 0128 08020000 		.4byte	0x208
 284 012c 3A010000 		.4byte	0x13a
 285 0130 08       		.uleb128 0x8
 286 0131 01       		.uleb128 0x1
 287 0132 50       		.byte	0x50
 288 0133 05       		.uleb128 0x5
 289 0134 03       		.byte	0x3
 290 0135 00000000 		.4byte	.LC1
 291 0139 00       		.byte	0
 292 013a 07       		.uleb128 0x7
 293 013b 4A000000 		.4byte	.LVL10
 294 013f 08020000 		.4byte	0x208
 295 0143 4E010000 		.4byte	0x14e
 296 0147 08       		.uleb128 0x8
 297 0148 01       		.uleb128 0x1
 298 0149 50       		.byte	0x50
 299 014a 02       		.uleb128 0x2
 300 014b 91       		.byte	0x91
 301 014c 74       		.sleb128 -12
 302 014d 00       		.byte	0
 303 014e 07       		.uleb128 0x7
 304 014f 50000000 		.4byte	.LVL11
 305 0153 08020000 		.4byte	0x208
 306 0157 65010000 		.4byte	0x165
ARM GAS  C:\Users\FIRSTP~1\AppData\Local\Temp\ccsOPODg.s 			page 7


 307 015b 08       		.uleb128 0x8
 308 015c 01       		.uleb128 0x1
 309 015d 50       		.byte	0x50
 310 015e 05       		.uleb128 0x5
 311 015f 03       		.byte	0x3
 312 0160 10000000 		.4byte	.LC3
 313 0164 00       		.byte	0
 314 0165 07       		.uleb128 0x7
 315 0166 56000000 		.4byte	.LVL12
 316 016a 14020000 		.4byte	0x214
 317 016e 78010000 		.4byte	0x178
 318 0172 08       		.uleb128 0x8
 319 0173 01       		.uleb128 0x1
 320 0174 50       		.byte	0x50
 321 0175 01       		.uleb128 0x1
 322 0176 30       		.byte	0x30
 323 0177 00       		.byte	0
 324 0178 09       		.uleb128 0x9
 325 0179 5E000000 		.4byte	.LVL13
 326 017d 20020000 		.4byte	0x220
 327 0181 08       		.uleb128 0x8
 328 0182 01       		.uleb128 0x1
 329 0183 50       		.byte	0x50
 330 0184 03       		.uleb128 0x3
 331 0185 0A       		.byte	0xa
 332 0186 F401     		.2byte	0x1f4
 333 0188 00       		.byte	0
 334 0189 00       		.byte	0
 335 018a 0A       		.uleb128 0xa
 336 018b 79000000 		.4byte	0x79
 337 018f 9A010000 		.4byte	0x19a
 338 0193 0B       		.uleb128 0xb
 339 0194 87000000 		.4byte	0x87
 340 0198 00       		.byte	0
 341 0199 00       		.byte	0
 342 019a 0C       		.uleb128 0xc
 343 019b 00000000 		.4byte	.LASF30
 344 019f 01       		.byte	0x1
 345 01a0 05       		.byte	0x5
 346 01a1 33000000 		.4byte	0x33
 347 01a5 05       		.uleb128 0x5
 348 01a6 03       		.byte	0x3
 349 01a7 00000000 		.4byte	afstand
 350 01ab 0D       		.uleb128 0xd
 351 01ac 72000000 		.4byte	.LASF14
 352 01b0 72000000 		.4byte	.LASF14
 353 01b4 02       		.byte	0x2
 354 01b5 72       		.byte	0x72
 355 01b6 0E       		.uleb128 0xe
 356 01b7 E1010000 		.4byte	.LASF15
 357 01bb E1010000 		.4byte	.LASF15
 358 01bf 03       		.byte	0x3
 359 01c0 3201     		.2byte	0x132
 360 01c2 0E       		.uleb128 0xe
 361 01c3 9A000000 		.4byte	.LASF16
 362 01c7 9A000000 		.4byte	.LASF16
 363 01cb 04       		.byte	0x4
ARM GAS  C:\Users\FIRSTP~1\AppData\Local\Temp\ccsOPODg.s 			page 8


 364 01cc 3201     		.2byte	0x132
 365 01ce 0E       		.uleb128 0xe
 366 01cf 62010000 		.4byte	.LASF17
 367 01d3 62010000 		.4byte	.LASF17
 368 01d7 03       		.byte	0x3
 369 01d8 5001     		.2byte	0x150
 370 01da 0E       		.uleb128 0xe
 371 01db 84000000 		.4byte	.LASF18
 372 01df 84000000 		.4byte	.LASF18
 373 01e3 03       		.byte	0x3
 374 01e4 5501     		.2byte	0x155
 375 01e6 0D       		.uleb128 0xd
 376 01e7 B3000000 		.4byte	.LASF19
 377 01eb B3000000 		.4byte	.LASF19
 378 01ef 05       		.byte	0x5
 379 01f0 32       		.byte	0x32
 380 01f1 0E       		.uleb128 0xe
 381 01f2 08000000 		.4byte	.LASF20
 382 01f6 08000000 		.4byte	.LASF20
 383 01fa 04       		.byte	0x4
 384 01fb 4B01     		.2byte	0x14b
 385 01fd 0D       		.uleb128 0xd
 386 01fe 3A000000 		.4byte	.LASF21
 387 0202 3A000000 		.4byte	.LASF21
 388 0206 06       		.byte	0x6
 389 0207 CB       		.byte	0xcb
 390 0208 0E       		.uleb128 0xe
 391 0209 21000000 		.4byte	.LASF22
 392 020d 21000000 		.4byte	.LASF22
 393 0211 07       		.byte	0x7
 394 0212 2A03     		.2byte	0x32a
 395 0214 0E       		.uleb128 0xe
 396 0215 EB010000 		.4byte	.LASF23
 397 0219 EB010000 		.4byte	.LASF23
 398 021d 04       		.byte	0x4
 399 021e 4A01     		.2byte	0x14a
 400 0220 0D       		.uleb128 0xd
 401 0221 1F020000 		.4byte	.LASF24
 402 0225 1F020000 		.4byte	.LASF24
 403 0229 08       		.byte	0x8
 404 022a D9       		.byte	0xd9
 405 022b 00       		.byte	0
 406              		.section	.debug_abbrev,"",%progbits
 407              	.Ldebug_abbrev0:
 408 0000 01       		.uleb128 0x1
 409 0001 11       		.uleb128 0x11
 410 0002 01       		.byte	0x1
 411 0003 25       		.uleb128 0x25
 412 0004 0E       		.uleb128 0xe
 413 0005 13       		.uleb128 0x13
 414 0006 0B       		.uleb128 0xb
 415 0007 03       		.uleb128 0x3
 416 0008 0E       		.uleb128 0xe
 417 0009 1B       		.uleb128 0x1b
 418 000a 0E       		.uleb128 0xe
 419 000b 55       		.uleb128 0x55
 420 000c 17       		.uleb128 0x17
ARM GAS  C:\Users\FIRSTP~1\AppData\Local\Temp\ccsOPODg.s 			page 9


 421 000d 11       		.uleb128 0x11
 422 000e 01       		.uleb128 0x1
 423 000f 10       		.uleb128 0x10
 424 0010 17       		.uleb128 0x17
 425 0011 00       		.byte	0
 426 0012 00       		.byte	0
 427 0013 02       		.uleb128 0x2
 428 0014 24       		.uleb128 0x24
 429 0015 00       		.byte	0
 430 0016 0B       		.uleb128 0xb
 431 0017 0B       		.uleb128 0xb
 432 0018 3E       		.uleb128 0x3e
 433 0019 0B       		.uleb128 0xb
 434 001a 03       		.uleb128 0x3
 435 001b 0E       		.uleb128 0xe
 436 001c 00       		.byte	0
 437 001d 00       		.byte	0
 438 001e 03       		.uleb128 0x3
 439 001f 24       		.uleb128 0x24
 440 0020 00       		.byte	0
 441 0021 0B       		.uleb128 0xb
 442 0022 0B       		.uleb128 0xb
 443 0023 3E       		.uleb128 0x3e
 444 0024 0B       		.uleb128 0xb
 445 0025 03       		.uleb128 0x3
 446 0026 08       		.uleb128 0x8
 447 0027 00       		.byte	0
 448 0028 00       		.byte	0
 449 0029 04       		.uleb128 0x4
 450 002a 2E       		.uleb128 0x2e
 451 002b 01       		.byte	0x1
 452 002c 3F       		.uleb128 0x3f
 453 002d 19       		.uleb128 0x19
 454 002e 03       		.uleb128 0x3
 455 002f 0E       		.uleb128 0xe
 456 0030 3A       		.uleb128 0x3a
 457 0031 0B       		.uleb128 0xb
 458 0032 3B       		.uleb128 0x3b
 459 0033 0B       		.uleb128 0xb
 460 0034 27       		.uleb128 0x27
 461 0035 19       		.uleb128 0x19
 462 0036 49       		.uleb128 0x49
 463 0037 13       		.uleb128 0x13
 464 0038 8701     		.uleb128 0x87
 465 003a 19       		.uleb128 0x19
 466 003b 11       		.uleb128 0x11
 467 003c 01       		.uleb128 0x1
 468 003d 12       		.uleb128 0x12
 469 003e 06       		.uleb128 0x6
 470 003f 40       		.uleb128 0x40
 471 0040 18       		.uleb128 0x18
 472 0041 9642     		.uleb128 0x2116
 473 0043 19       		.uleb128 0x19
 474 0044 01       		.uleb128 0x1
 475 0045 13       		.uleb128 0x13
 476 0046 00       		.byte	0
 477 0047 00       		.byte	0
ARM GAS  C:\Users\FIRSTP~1\AppData\Local\Temp\ccsOPODg.s 			page 10


 478 0048 05       		.uleb128 0x5
 479 0049 34       		.uleb128 0x34
 480 004a 00       		.byte	0
 481 004b 03       		.uleb128 0x3
 482 004c 0E       		.uleb128 0xe
 483 004d 3A       		.uleb128 0x3a
 484 004e 0B       		.uleb128 0xb
 485 004f 3B       		.uleb128 0x3b
 486 0050 0B       		.uleb128 0xb
 487 0051 49       		.uleb128 0x49
 488 0052 13       		.uleb128 0x13
 489 0053 02       		.uleb128 0x2
 490 0054 18       		.uleb128 0x18
 491 0055 00       		.byte	0
 492 0056 00       		.byte	0
 493 0057 06       		.uleb128 0x6
 494 0058 898201   		.uleb128 0x4109
 495 005b 00       		.byte	0
 496 005c 11       		.uleb128 0x11
 497 005d 01       		.uleb128 0x1
 498 005e 31       		.uleb128 0x31
 499 005f 13       		.uleb128 0x13
 500 0060 00       		.byte	0
 501 0061 00       		.byte	0
 502 0062 07       		.uleb128 0x7
 503 0063 898201   		.uleb128 0x4109
 504 0066 01       		.byte	0x1
 505 0067 11       		.uleb128 0x11
 506 0068 01       		.uleb128 0x1
 507 0069 31       		.uleb128 0x31
 508 006a 13       		.uleb128 0x13
 509 006b 01       		.uleb128 0x1
 510 006c 13       		.uleb128 0x13
 511 006d 00       		.byte	0
 512 006e 00       		.byte	0
 513 006f 08       		.uleb128 0x8
 514 0070 8A8201   		.uleb128 0x410a
 515 0073 00       		.byte	0
 516 0074 02       		.uleb128 0x2
 517 0075 18       		.uleb128 0x18
 518 0076 9142     		.uleb128 0x2111
 519 0078 18       		.uleb128 0x18
 520 0079 00       		.byte	0
 521 007a 00       		.byte	0
 522 007b 09       		.uleb128 0x9
 523 007c 898201   		.uleb128 0x4109
 524 007f 01       		.byte	0x1
 525 0080 11       		.uleb128 0x11
 526 0081 01       		.uleb128 0x1
 527 0082 31       		.uleb128 0x31
 528 0083 13       		.uleb128 0x13
 529 0084 00       		.byte	0
 530 0085 00       		.byte	0
 531 0086 0A       		.uleb128 0xa
 532 0087 01       		.uleb128 0x1
 533 0088 01       		.byte	0x1
 534 0089 49       		.uleb128 0x49
ARM GAS  C:\Users\FIRSTP~1\AppData\Local\Temp\ccsOPODg.s 			page 11


 535 008a 13       		.uleb128 0x13
 536 008b 01       		.uleb128 0x1
 537 008c 13       		.uleb128 0x13
 538 008d 00       		.byte	0
 539 008e 00       		.byte	0
 540 008f 0B       		.uleb128 0xb
 541 0090 21       		.uleb128 0x21
 542 0091 00       		.byte	0
 543 0092 49       		.uleb128 0x49
 544 0093 13       		.uleb128 0x13
 545 0094 2F       		.uleb128 0x2f
 546 0095 0B       		.uleb128 0xb
 547 0096 00       		.byte	0
 548 0097 00       		.byte	0
 549 0098 0C       		.uleb128 0xc
 550 0099 34       		.uleb128 0x34
 551 009a 00       		.byte	0
 552 009b 03       		.uleb128 0x3
 553 009c 0E       		.uleb128 0xe
 554 009d 3A       		.uleb128 0x3a
 555 009e 0B       		.uleb128 0xb
 556 009f 3B       		.uleb128 0x3b
 557 00a0 0B       		.uleb128 0xb
 558 00a1 49       		.uleb128 0x49
 559 00a2 13       		.uleb128 0x13
 560 00a3 3F       		.uleb128 0x3f
 561 00a4 19       		.uleb128 0x19
 562 00a5 02       		.uleb128 0x2
 563 00a6 18       		.uleb128 0x18
 564 00a7 00       		.byte	0
 565 00a8 00       		.byte	0
 566 00a9 0D       		.uleb128 0xd
 567 00aa 2E       		.uleb128 0x2e
 568 00ab 00       		.byte	0
 569 00ac 3F       		.uleb128 0x3f
 570 00ad 19       		.uleb128 0x19
 571 00ae 3C       		.uleb128 0x3c
 572 00af 19       		.uleb128 0x19
 573 00b0 6E       		.uleb128 0x6e
 574 00b1 0E       		.uleb128 0xe
 575 00b2 03       		.uleb128 0x3
 576 00b3 0E       		.uleb128 0xe
 577 00b4 3A       		.uleb128 0x3a
 578 00b5 0B       		.uleb128 0xb
 579 00b6 3B       		.uleb128 0x3b
 580 00b7 0B       		.uleb128 0xb
 581 00b8 00       		.byte	0
 582 00b9 00       		.byte	0
 583 00ba 0E       		.uleb128 0xe
 584 00bb 2E       		.uleb128 0x2e
 585 00bc 00       		.byte	0
 586 00bd 3F       		.uleb128 0x3f
 587 00be 19       		.uleb128 0x19
 588 00bf 3C       		.uleb128 0x3c
 589 00c0 19       		.uleb128 0x19
 590 00c1 6E       		.uleb128 0x6e
 591 00c2 0E       		.uleb128 0xe
ARM GAS  C:\Users\FIRSTP~1\AppData\Local\Temp\ccsOPODg.s 			page 12


 592 00c3 03       		.uleb128 0x3
 593 00c4 0E       		.uleb128 0xe
 594 00c5 3A       		.uleb128 0x3a
 595 00c6 0B       		.uleb128 0xb
 596 00c7 3B       		.uleb128 0x3b
 597 00c8 05       		.uleb128 0x5
 598 00c9 00       		.byte	0
 599 00ca 00       		.byte	0
 600 00cb 00       		.byte	0
 601              		.section	.debug_aranges,"",%progbits
 602 0000 1C000000 		.4byte	0x1c
 603 0004 0200     		.2byte	0x2
 604 0006 00000000 		.4byte	.Ldebug_info0
 605 000a 04       		.byte	0x4
 606 000b 00       		.byte	0
 607 000c 0000     		.2byte	0
 608 000e 0000     		.2byte	0
 609 0010 00000000 		.4byte	.LFB33
 610 0014 6C000000 		.4byte	.LFE33-.LFB33
 611 0018 00000000 		.4byte	0
 612 001c 00000000 		.4byte	0
 613              		.section	.debug_ranges,"",%progbits
 614              	.Ldebug_ranges0:
 615 0000 00000000 		.4byte	.LFB33
 616 0004 6C000000 		.4byte	.LFE33
 617 0008 00000000 		.4byte	0
 618 000c 00000000 		.4byte	0
 619              		.section	.debug_line,"",%progbits
 620              	.Ldebug_line0:
 621 0000 11010000 		.section	.debug_str,"MS",%progbits,1
 621      0200EE00 
 621      00000201 
 621      FB0E0D00 
 621      01010101 
 622              	.LASF30:
 623 0000 61667374 		.ascii	"afstand\000"
 623      616E6400 
 624              	.LASF20:
 625 0008 54696D65 		.ascii	"Timer_ReadCounter\000"
 625      725F5265 
 625      6164436F 
 625      756E7465 
 625      7200
 626              	.LASF29:
 627 001a 73747269 		.ascii	"string\000"
 627      6E6700
 628              	.LASF22:
 629 0021 55415254 		.ascii	"UART_UartPutString\000"
 629      5F556172 
 629      74507574 
 629      53747269 
 629      6E6700
 630              	.LASF9:
 631 0034 666C6F61 		.ascii	"float\000"
 631      7400
 632              	.LASF21:
 633 003a 69746F61 		.ascii	"itoa\000"
ARM GAS  C:\Users\FIRSTP~1\AppData\Local\Temp\ccsOPODg.s 			page 13


 633      00
 634              	.LASF1:
 635 003f 756E7369 		.ascii	"unsigned char\000"
 635      676E6564 
 635      20636861 
 635      7200
 636              	.LASF5:
 637 004d 6C6F6E67 		.ascii	"long unsigned int\000"
 637      20756E73 
 637      69676E65 
 637      6420696E 
 637      7400
 638              	.LASF3:
 639 005f 73686F72 		.ascii	"short unsigned int\000"
 639      7420756E 
 639      7369676E 
 639      65642069 
 639      6E7400
 640              	.LASF14:
 641 0072 55415254 		.ascii	"UART_Start\000"
 641      5F537461 
 641      727400
 642              	.LASF10:
 643 007d 646F7562 		.ascii	"double\000"
 643      6C6500
 644              	.LASF18:
 645 0084 50574D5F 		.ascii	"PWM_WriteCompare\000"
 645      57726974 
 645      65436F6D 
 645      70617265 
 645      00
 646              	.LASF28:
 647 0095 6D61696E 		.ascii	"main\000"
 647      00
 648              	.LASF16:
 649 009a 54696D65 		.ascii	"Timer_Start\000"
 649      725F5374 
 649      61727400 
 650              	.LASF8:
 651 00a6 756E7369 		.ascii	"unsigned int\000"
 651      676E6564 
 651      20696E74 
 651      00
 652              	.LASF19:
 653 00b3 4563686F 		.ascii	"Echo_Read\000"
 653      5F526561 
 653      6400
 654              	.LASF7:
 655 00bd 6C6F6E67 		.ascii	"long long unsigned int\000"
 655      206C6F6E 
 655      6720756E 
 655      7369676E 
 655      65642069 
 656              	.LASF25:
 657 00d4 474E5520 		.ascii	"GNU C11 5.4.1 20160609 (release) [ARM/embedded-5-br"
 657      43313120 
 657      352E342E 
ARM GAS  C:\Users\FIRSTP~1\AppData\Local\Temp\ccsOPODg.s 			page 14


 657      31203230 
 657      31363036 
 658 0107 616E6368 		.ascii	"anch revision 237715] -mcpu=cortex-m0 -mthumb -g -O"
 658      20726576 
 658      6973696F 
 658      6E203233 
 658      37373135 
 659 013a 67202D66 		.ascii	"g -ffunction-sections -ffat-lto-objects\000"
 659      66756E63 
 659      74696F6E 
 659      2D736563 
 659      74696F6E 
 660              	.LASF17:
 661 0162 50574D5F 		.ascii	"PWM_WritePeriod\000"
 661      57726974 
 661      65506572 
 661      696F6400 
 662              	.LASF13:
 663 0172 73697A65 		.ascii	"sizetype\000"
 663      74797065 
 663      00
 664              	.LASF6:
 665 017b 6C6F6E67 		.ascii	"long long int\000"
 665      206C6F6E 
 665      6720696E 
 665      7400
 666              	.LASF26:
 667 0189 6D61696E 		.ascii	"main.c\000"
 667      2E6300
 668              	.LASF11:
 669 0190 63686172 		.ascii	"char\000"
 669      00
 670              	.LASF27:
 671 0195 433A5C55 		.ascii	"C:\\Users\\first processor\\Desktop\\UltraRangeSens"
 671      73657273 
 671      5C666972 
 671      73742070 
 671      726F6365 
 672 01c4 6F722E63 		.ascii	"or.cydsn\\POZ.cydsn\000"
 672      7964736E 
 672      5C504F5A 
 672      2E637964 
 672      736E00
 673              	.LASF2:
 674 01d7 73686F72 		.ascii	"short int\000"
 674      7420696E 
 674      7400
 675              	.LASF15:
 676 01e1 50574D5F 		.ascii	"PWM_Start\000"
 676      53746172 
 676      7400
 677              	.LASF23:
 678 01eb 54696D65 		.ascii	"Timer_WriteCounter\000"
 678      725F5772 
 678      69746543 
 678      6F756E74 
 678      657200
ARM GAS  C:\Users\FIRSTP~1\AppData\Local\Temp\ccsOPODg.s 			page 15


 679              	.LASF4:
 680 01fe 6C6F6E67 		.ascii	"long int\000"
 680      20696E74 
 680      00
 681              	.LASF12:
 682 0207 6C6F6E67 		.ascii	"long double\000"
 682      20646F75 
 682      626C6500 
 683              	.LASF0:
 684 0213 7369676E 		.ascii	"signed char\000"
 684      65642063 
 684      68617200 
 685              	.LASF24:
 686 021f 43794465 		.ascii	"CyDelay\000"
 686      6C617900 
 687              		.ident	"GCC: (GNU Tools for ARM Embedded Processors) 5.4.1 20160609 (release) [ARM/embedded-5-bran
