ARM GAS  C:\Users\ABAD_S~1\AppData\Local\Temp\ccwwLJqn.s 			page 1


   1              		.syntax unified
   2              		.cpu cortex-m0
   3              		.fpu softvfp
   4              		.eabi_attribute 20, 1
   5              		.eabi_attribute 21, 1
   6              		.eabi_attribute 23, 3
   7              		.eabi_attribute 24, 1
   8              		.eabi_attribute 25, 1
   9              		.eabi_attribute 26, 1
  10              		.eabi_attribute 30, 1
  11              		.eabi_attribute 34, 0
  12              		.eabi_attribute 18, 4
  13              		.thumb
  14              		.syntax unified
  15              		.file	"main.c"
  16              		.text
  17              	.Ltext0:
  18              		.cfi_sections	.debug_frame
  19              		.section	.text.Beep,"ax",%progbits
  20              		.align	2
  21              		.global	Beep
  22              		.code	16
  23              		.thumb_func
  24              		.type	Beep, %function
  25              	Beep:
  26              	.LFB33:
  27              		.file 1 "main.c"
   1:main.c        **** /*******************************
   2:main.c        ****  *   CODE BY: Abad Sethi       * 
   3:main.c        ****  *                             *
   4:main.c        ****  *  RFID reader with i2c LCD   *
   5:main.c        ****  *                             *
   6:main.c        ****  ******************************/
   7:main.c        **** 
   8:main.c        **** #include "project.h"
   9:main.c        **** #include "RC522.h"
  10:main.c        **** #include "LiquidCrystal_I2C.h"
  11:main.c        **** 
  12:main.c        **** uint32_t Addr = 0x27;
  13:main.c        **** 
  14:main.c        **** unsigned char status;
  15:main.c        **** 
  16:main.c        **** void Beep(uint16 Milliseconds)
  17:main.c        **** {
  28              		.loc 1 17 0
  29              		.cfi_startproc
  30              		@ args = 0, pretend = 0, frame = 0
  31              		@ frame_needed = 0, uses_anonymous_args = 0
  32              	.LVL0:
  33 0000 10B5     		push	{r4, lr}
  34              		.cfi_def_cfa_offset 8
  35              		.cfi_offset 4, -8
  36              		.cfi_offset 14, -4
  37 0002 0400     		movs	r4, r0
  18:main.c        **** 	PWM_1_Start();
  38              		.loc 1 18 0
  39 0004 FFF7FEFF 		bl	PWM_1_Start
ARM GAS  C:\Users\ABAD_S~1\AppData\Local\Temp\ccwwLJqn.s 			page 2


  40              	.LVL1:
  19:main.c        **** 	CyDelay(Milliseconds);
  41              		.loc 1 19 0
  42 0008 2000     		movs	r0, r4
  43 000a FFF7FEFF 		bl	CyDelay
  44              	.LVL2:
  20:main.c        **** 	PWM_1_Stop();
  45              		.loc 1 20 0
  46 000e FFF7FEFF 		bl	PWM_1_Stop
  47              	.LVL3:
  21:main.c        **** }
  48              		.loc 1 21 0
  49              		@ sp needed
  50 0012 10BD     		pop	{r4, pc}
  51              		.cfi_endproc
  52              	.LFE33:
  53              		.size	Beep, .-Beep
  54              		.section	.text.GreenLed,"ax",%progbits
  55              		.align	2
  56              		.global	GreenLed
  57              		.code	16
  58              		.thumb_func
  59              		.type	GreenLed, %function
  60              	GreenLed:
  61              	.LFB34:
  22:main.c        **** void GreenLed(uint16 Milliseconds)
  23:main.c        **** {
  62              		.loc 1 23 0
  63              		.cfi_startproc
  64              		@ args = 0, pretend = 0, frame = 0
  65              		@ frame_needed = 0, uses_anonymous_args = 0
  66              	.LVL4:
  67 0000 10B5     		push	{r4, lr}
  68              		.cfi_def_cfa_offset 8
  69              		.cfi_offset 4, -8
  70              		.cfi_offset 14, -4
  71 0002 0400     		movs	r4, r0
  24:main.c        **** 	PWM_2_Start();
  72              		.loc 1 24 0
  73 0004 FFF7FEFF 		bl	PWM_2_Start
  74              	.LVL5:
  25:main.c        **** 	CyDelay(Milliseconds);
  75              		.loc 1 25 0
  76 0008 2000     		movs	r0, r4
  77 000a FFF7FEFF 		bl	CyDelay
  78              	.LVL6:
  26:main.c        **** 	PWM_2_Stop();
  79              		.loc 1 26 0
  80 000e FFF7FEFF 		bl	PWM_2_Stop
  81              	.LVL7:
  27:main.c        **** }
  82              		.loc 1 27 0
  83              		@ sp needed
  84 0012 10BD     		pop	{r4, pc}
  85              		.cfi_endproc
  86              	.LFE34:
  87              		.size	GreenLed, .-GreenLed
ARM GAS  C:\Users\ABAD_S~1\AppData\Local\Temp\ccwwLJqn.s 			page 3


  88              		.section	.text.GreenLedBlink,"ax",%progbits
  89              		.align	2
  90              		.global	GreenLedBlink
  91              		.code	16
  92              		.thumb_func
  93              		.type	GreenLedBlink, %function
  94              	GreenLedBlink:
  95              	.LFB35:
  28:main.c        **** 
  29:main.c        **** void GreenLedBlink()
  30:main.c        **** {
  96              		.loc 1 30 0
  97              		.cfi_startproc
  98              		@ args = 0, pretend = 0, frame = 0
  99              		@ frame_needed = 0, uses_anonymous_args = 0
 100 0000 10B5     		push	{r4, lr}
 101              		.cfi_def_cfa_offset 8
 102              		.cfi_offset 4, -8
 103              		.cfi_offset 14, -4
  31:main.c        **** 	GreenLed(250);
 104              		.loc 1 31 0
 105 0002 FA20     		movs	r0, #250
 106 0004 FFF7FEFF 		bl	GreenLed
 107              	.LVL8:
  32:main.c        ****     CyDelay(250);
 108              		.loc 1 32 0
 109 0008 FA20     		movs	r0, #250
 110 000a FFF7FEFF 		bl	CyDelay
 111              	.LVL9:
  33:main.c        ****     GreenLed(250);
 112              		.loc 1 33 0
 113 000e FA20     		movs	r0, #250
 114 0010 FFF7FEFF 		bl	GreenLed
 115              	.LVL10:
  34:main.c        ****     CyDelay(250);
 116              		.loc 1 34 0
 117 0014 FA20     		movs	r0, #250
 118 0016 FFF7FEFF 		bl	CyDelay
 119              	.LVL11:
  35:main.c        ****     GreenLed(250);
 120              		.loc 1 35 0
 121 001a FA20     		movs	r0, #250
 122 001c FFF7FEFF 		bl	GreenLed
 123              	.LVL12:
  36:main.c        ****     CyDelay(250);
 124              		.loc 1 36 0
 125 0020 FA20     		movs	r0, #250
 126 0022 FFF7FEFF 		bl	CyDelay
 127              	.LVL13:
  37:main.c        ****     GreenLed(250);
 128              		.loc 1 37 0
 129 0026 FA20     		movs	r0, #250
 130 0028 FFF7FEFF 		bl	GreenLed
 131              	.LVL14:
  38:main.c        ****     CyDelay(250);
 132              		.loc 1 38 0
 133 002c FA20     		movs	r0, #250
ARM GAS  C:\Users\ABAD_S~1\AppData\Local\Temp\ccwwLJqn.s 			page 4


 134 002e FFF7FEFF 		bl	CyDelay
 135              	.LVL15:
  39:main.c        **** }
 136              		.loc 1 39 0
 137              		@ sp needed
 138 0032 10BD     		pop	{r4, pc}
 139              		.cfi_endproc
 140              	.LFE35:
 141              		.size	GreenLedBlink, .-GreenLedBlink
 142              		.section	.text.main,"ax",%progbits
 143              		.align	2
 144              		.global	main
 145              		.code	16
 146              		.thumb_func
 147              		.type	main, %function
 148              	main:
 149              	.LFB36:
  40:main.c        **** 
  41:main.c        **** 
  42:main.c        **** int main(void)
  43:main.c        **** {
 150              		.loc 1 43 0
 151              		.cfi_startproc
 152              		@ Volatile: function does not return.
 153              		@ args = 0, pretend = 0, frame = 0
 154              		@ frame_needed = 0, uses_anonymous_args = 0
 155 0000 10B5     		push	{r4, lr}
 156              		.cfi_def_cfa_offset 8
 157              		.cfi_offset 4, -8
 158              		.cfi_offset 14, -4
  44:main.c        ****     CyGlobalIntEnable; /* Enable global interrupts. */
 159              		.loc 1 44 0
 160              		.syntax divided
 161              	@ 44 "main.c" 1
 162 0002 62B6     		CPSIE   i
 163              	@ 0 "" 2
  45:main.c        ****     SPI_Start();
 164              		.loc 1 45 0
 165              		.thumb
 166              		.syntax unified
 167 0004 FFF7FEFF 		bl	SPI_Start
 168              	.LVL16:
  46:main.c        ****     I2C_Start();
 169              		.loc 1 46 0
 170 0008 FFF7FEFF 		bl	I2C_Start
 171              	.LVL17:
  47:main.c        ****     LiquidCrystal_I2C_init(Addr,16,2,0);
 172              		.loc 1 47 0
 173 000c 544B     		ldr	r3, .L7
 174 000e 1878     		ldrb	r0, [r3]
 175 0010 0023     		movs	r3, #0
 176 0012 0222     		movs	r2, #2
 177 0014 1021     		movs	r1, #16
 178 0016 FFF7FEFF 		bl	LiquidCrystal_I2C_init
 179              	.LVL18:
  48:main.c        ****     PCD_Init();
 180              		.loc 1 48 0
ARM GAS  C:\Users\ABAD_S~1\AppData\Local\Temp\ccwwLJqn.s 			page 5


 181 001a FFF7FEFF 		bl	PCD_Init
 182              	.LVL19:
  49:main.c        ****     begin();
 183              		.loc 1 49 0
 184 001e FFF7FEFF 		bl	begin
 185              	.LVL20:
  50:main.c        ****     //RED_Write(0U);
  51:main.c        ****     
  52:main.c        ****     //PWM_1_Start();
  53:main.c        ****     //PWM_1_WriteCompare(5);
  54:main.c        ****     //PWM_1_WriteCompare((int)PWM_1_ReadPeriod/2);
  55:main.c        ****     
  56:main.c        ****       //LCD_Position(0,0);  LCD_PrintString("Version: "); 
  57:main.c        ****       //LCD_PrintHexUint8(PCD_ReadRegister(VersionReg));   // test PCD_ReadRegister()
  58:main.c        ****     
  59:main.c        ****         
  60:main.c        ****     PCD_AntennaOn() ; PCD_ReadRegister(TxControlReg);   // for test PCD_WriteRegister()
 186              		.loc 1 60 0
 187 0022 FFF7FEFF 		bl	PCD_AntennaOn
 188              	.LVL21:
 189 0026 1420     		movs	r0, #20
 190 0028 FFF7FEFF 		bl	PCD_ReadRegister
 191              	.LVL22:
  61:main.c        ****     PCD_AntennaOff(); PCD_ReadRegister(TxControlReg);
 192              		.loc 1 61 0
 193 002c FFF7FEFF 		bl	PCD_AntennaOff
 194              	.LVL23:
 195 0030 1420     		movs	r0, #20
 196 0032 FFF7FEFF 		bl	PCD_ReadRegister
 197              	.LVL24:
 198              	.L5:
  62:main.c        ****     
  63:main.c        ****     
  64:main.c        ****     for(;;)
  65:main.c        ****     {
  66:main.c        ****         
  67:main.c        ****     clear();
 199              		.loc 1 67 0
 200 0036 FFF7FEFF 		bl	clear
 201              	.LVL25:
  68:main.c        ****     LCD_print("READ YOUR CARD");
 202              		.loc 1 68 0
 203 003a 4A48     		ldr	r0, .L7+4
 204 003c FFF7FEFF 		bl	LCD_print
 205              	.LVL26:
  69:main.c        ****     CyDelay(1000);
 206              		.loc 1 69 0
 207 0040 FA20     		movs	r0, #250
 208 0042 8000     		lsls	r0, r0, #2
 209 0044 FFF7FEFF 		bl	CyDelay
 210              	.LVL27:
  70:main.c        ****     clear();
 211              		.loc 1 70 0
 212 0048 FFF7FEFF 		bl	clear
 213              	.LVL28:
  71:main.c        ****     CyDelay(500);
 214              		.loc 1 71 0
ARM GAS  C:\Users\ABAD_S~1\AppData\Local\Temp\ccwwLJqn.s 			page 6


 215 004c FA20     		movs	r0, #250
 216 004e 4000     		lsls	r0, r0, #1
 217 0050 FFF7FEFF 		bl	CyDelay
 218              	.LVL29:
  72:main.c        ****     PCD_Reset();
 219              		.loc 1 72 0
 220 0054 FFF7FEFF 		bl	PCD_Reset
 221              	.LVL30:
  73:main.c        ****     PCD_Init();  
 222              		.loc 1 73 0
 223 0058 FFF7FEFF 		bl	PCD_Init
 224              	.LVL31:
  74:main.c        ****     PCD_WriteRegister(BitFramingReg,     0x07); //BitFraming
 225              		.loc 1 74 0
 226 005c 0721     		movs	r1, #7
 227 005e 0D20     		movs	r0, #13
 228 0060 FFF7FEFF 		bl	PCD_WriteRegister
 229              	.LVL32:
  75:main.c        **** 
  76:main.c        ****     PCD_WriteRegister(CommIEnReg,        0xF7);      //CommIEn
 230              		.loc 1 76 0
 231 0064 F721     		movs	r1, #247
 232 0066 0220     		movs	r0, #2
 233 0068 FFF7FEFF 		bl	PCD_WriteRegister
 234              	.LVL33:
  77:main.c        ****     PCD_ClearRegisterBitMask( ComIrqReg, 0x80);     // ComIrq
 235              		.loc 1 77 0
 236 006c 8021     		movs	r1, #128
 237 006e 0420     		movs	r0, #4
 238 0070 FFF7FEFF 		bl	PCD_ClearRegisterBitMask
 239              	.LVL34:
  78:main.c        ****     PCD_SetRegisterBitMask( FIFOLevelReg,0x80);     //immediately clears the internal FIFO   buffer
 240              		.loc 1 78 0
 241 0074 8021     		movs	r1, #128
 242 0076 0A20     		movs	r0, #10
 243 0078 FFF7FEFF 		bl	PCD_SetRegisterBitMask
 244              	.LVL35:
  79:main.c        ****     PCD_WriteRegister(CommandReg,        0x00);     // idle
 245              		.loc 1 79 0
 246 007c 0021     		movs	r1, #0
 247 007e 0120     		movs	r0, #1
 248 0080 FFF7FEFF 		bl	PCD_WriteRegister
 249              	.LVL36:
  80:main.c        ****     //fill Tx  buffer 
  81:main.c        ****     PCD_WriteRegister( FIFODataReg,        0x26); 
 250              		.loc 1 81 0
 251 0084 2621     		movs	r1, #38
 252 0086 0920     		movs	r0, #9
 253 0088 FFF7FEFF 		bl	PCD_WriteRegister
 254              	.LVL37:
  82:main.c        ****     // end fill Tx  buffer 
  83:main.c        ****     PCD_WriteRegister( CommandReg,        0x0C);    //send data, activate read
 255              		.loc 1 83 0
 256 008c 0C21     		movs	r1, #12
 257 008e 0120     		movs	r0, #1
 258 0090 FFF7FEFF 		bl	PCD_WriteRegister
 259              	.LVL38:
ARM GAS  C:\Users\ABAD_S~1\AppData\Local\Temp\ccwwLJqn.s 			page 7


  84:main.c        ****     PCD_SetRegisterBitMask( BitFramingReg,0x80);    //  buffer
 260              		.loc 1 84 0
 261 0094 8021     		movs	r1, #128
 262 0096 0D20     		movs	r0, #13
 263 0098 FFF7FEFF 		bl	PCD_SetRegisterBitMask
 264              	.LVL39:
  85:main.c        ****     status=PCD_ReadRegister(ComIrqReg) & 0b0100000;
 265              		.loc 1 85 0
 266 009c 0420     		movs	r0, #4
 267 009e FFF7FEFF 		bl	PCD_ReadRegister
 268              	.LVL40:
 269 00a2 2023     		movs	r3, #32
 270 00a4 1840     		ands	r0, r3
 271 00a6 304B     		ldr	r3, .L7+8
 272 00a8 1870     		strb	r0, [r3]
  86:main.c        ****    
  87:main.c        ****   
  88:main.c        ****     
  89:main.c        ****     // end   while
  90:main.c        ****     if(status) {
 273              		.loc 1 90 0
 274 00aa C4D0     		beq	.L5
  91:main.c        ****         Beep(150);
 275              		.loc 1 91 0
 276 00ac 9620     		movs	r0, #150
 277 00ae FFF7FEFF 		bl	Beep
 278              	.LVL41:
  92:main.c        ****         LCD_print("Verified user");
 279              		.loc 1 92 0
 280 00b2 2E48     		ldr	r0, .L7+12
 281 00b4 FFF7FEFF 		bl	LCD_print
 282              	.LVL42:
  93:main.c        ****         GreenLed(2000);
 283              		.loc 1 93 0
 284 00b8 FA24     		movs	r4, #250
 285 00ba E400     		lsls	r4, r4, #3
 286 00bc 2000     		movs	r0, r4
 287 00be FFF7FEFF 		bl	GreenLed
 288              	.LVL43:
  94:main.c        ****         clear();
 289              		.loc 1 94 0
 290 00c2 FFF7FEFF 		bl	clear
 291              	.LVL44:
  95:main.c        ****         LCD_print("Access granted");
 292              		.loc 1 95 0
 293 00c6 2A48     		ldr	r0, .L7+16
 294 00c8 FFF7FEFF 		bl	LCD_print
 295              	.LVL45:
  96:main.c        ****         CyDelay(2000);
 296              		.loc 1 96 0
 297 00cc 2000     		movs	r0, r4
 298 00ce FFF7FEFF 		bl	CyDelay
 299              	.LVL46:
  97:main.c        ****         clear();
 300              		.loc 1 97 0
 301 00d2 FFF7FEFF 		bl	clear
 302              	.LVL47:
ARM GAS  C:\Users\ABAD_S~1\AppData\Local\Temp\ccwwLJqn.s 			page 8


  98:main.c        ****         LCD_print("Welcome:");
 303              		.loc 1 98 0
 304 00d6 2748     		ldr	r0, .L7+20
 305 00d8 FFF7FEFF 		bl	LCD_print
 306              	.LVL48:
  99:main.c        ****         CyDelay(1400);
 307              		.loc 1 99 0
 308 00dc AF20     		movs	r0, #175
 309 00de C000     		lsls	r0, r0, #3
 310 00e0 FFF7FEFF 		bl	CyDelay
 311              	.LVL49:
 100:main.c        ****         setCursor(0,1);
 312              		.loc 1 100 0
 313 00e4 0121     		movs	r1, #1
 314 00e6 0020     		movs	r0, #0
 315 00e8 FFF7FEFF 		bl	setCursor
 316              	.LVL50:
 101:main.c        ****         LCD_print("Abad Sethi");
 317              		.loc 1 101 0
 318 00ec 2248     		ldr	r0, .L7+24
 319 00ee FFF7FEFF 		bl	LCD_print
 320              	.LVL51:
 102:main.c        ****         CyDelay(2000);
 321              		.loc 1 102 0
 322 00f2 2000     		movs	r0, r4
 323 00f4 FFF7FEFF 		bl	CyDelay
 324              	.LVL52:
 103:main.c        ****         clear();
 325              		.loc 1 103 0
 326 00f8 FFF7FEFF 		bl	clear
 327              	.LVL53:
 104:main.c        ****         setCursor(0,0);
 328              		.loc 1 104 0
 329 00fc 0021     		movs	r1, #0
 330 00fe 0020     		movs	r0, #0
 331 0100 FFF7FEFF 		bl	setCursor
 332              	.LVL54:
 105:main.c        ****         LCD_print("Buggy starts in");
 333              		.loc 1 105 0
 334 0104 1D48     		ldr	r0, .L7+28
 335 0106 FFF7FEFF 		bl	LCD_print
 336              	.LVL55:
 106:main.c        ****         CyDelay(1000);
 337              		.loc 1 106 0
 338 010a FA24     		movs	r4, #250
 339 010c A400     		lsls	r4, r4, #2
 340 010e 2000     		movs	r0, r4
 341 0110 FFF7FEFF 		bl	CyDelay
 342              	.LVL56:
 107:main.c        ****         setCursor(0,1);
 343              		.loc 1 107 0
 344 0114 0121     		movs	r1, #1
 345 0116 0020     		movs	r0, #0
 346 0118 FFF7FEFF 		bl	setCursor
 347              	.LVL57:
 108:main.c        ****         LCD_print("3..");
 348              		.loc 1 108 0
ARM GAS  C:\Users\ABAD_S~1\AppData\Local\Temp\ccwwLJqn.s 			page 9


 349 011c 1848     		ldr	r0, .L7+32
 350 011e FFF7FEFF 		bl	LCD_print
 351              	.LVL58:
 109:main.c        ****         CyDelay(1000);
 352              		.loc 1 109 0
 353 0122 2000     		movs	r0, r4
 354 0124 FFF7FEFF 		bl	CyDelay
 355              	.LVL59:
 110:main.c        ****         LCD_print("2..");
 356              		.loc 1 110 0
 357 0128 1648     		ldr	r0, .L7+36
 358 012a FFF7FEFF 		bl	LCD_print
 359              	.LVL60:
 111:main.c        ****         CyDelay(1000);
 360              		.loc 1 111 0
 361 012e 2000     		movs	r0, r4
 362 0130 FFF7FEFF 		bl	CyDelay
 363              	.LVL61:
 112:main.c        ****         LCD_print("1..");
 364              		.loc 1 112 0
 365 0134 1448     		ldr	r0, .L7+40
 366 0136 FFF7FEFF 		bl	LCD_print
 367              	.LVL62:
 113:main.c        ****         CyDelay(1000);
 368              		.loc 1 113 0
 369 013a 2000     		movs	r0, r4
 370 013c FFF7FEFF 		bl	CyDelay
 371              	.LVL63:
 114:main.c        ****         clear();
 372              		.loc 1 114 0
 373 0140 FFF7FEFF 		bl	clear
 374              	.LVL64:
 115:main.c        ****         LCD_print("BUGGY STARTED");
 375              		.loc 1 115 0
 376 0144 1148     		ldr	r0, .L7+44
 377 0146 FFF7FEFF 		bl	LCD_print
 378              	.LVL65:
 116:main.c        ****         setCursor(0,1);
 379              		.loc 1 116 0
 380 014a 0121     		movs	r1, #1
 381 014c 0020     		movs	r0, #0
 382 014e FFF7FEFF 		bl	setCursor
 383              	.LVL66:
 117:main.c        ****         LCD_print("SUCESSFULLY");
 384              		.loc 1 117 0
 385 0152 0F48     		ldr	r0, .L7+48
 386 0154 FFF7FEFF 		bl	LCD_print
 387              	.LVL67:
 118:main.c        ****         GreenLedBlink();
 388              		.loc 1 118 0
 389 0158 FFF7FEFF 		bl	GreenLedBlink
 390              	.LVL68:
 391 015c 6BE7     		b	.L5
 392              	.L8:
 393 015e C046     		.align	2
 394              	.L7:
 395 0160 00000000 		.word	.LANCHOR0
ARM GAS  C:\Users\ABAD_S~1\AppData\Local\Temp\ccwwLJqn.s 			page 10


 396 0164 00000000 		.word	.LC1
 397 0168 00000000 		.word	status
 398 016c 10000000 		.word	.LC4
 399 0170 20000000 		.word	.LC6
 400 0174 30000000 		.word	.LC8
 401 0178 3C000000 		.word	.LC10
 402 017c 48000000 		.word	.LC12
 403 0180 58000000 		.word	.LC14
 404 0184 5C000000 		.word	.LC16
 405 0188 60000000 		.word	.LC18
 406 018c 64000000 		.word	.LC20
 407 0190 74000000 		.word	.LC22
 408              		.cfi_endproc
 409              	.LFE36:
 410              		.size	main, .-main
 411              		.comm	status,1,1
 412              		.global	Addr
 413              		.comm	uid,12,4
 414              		.data
 415              		.align	2
 416              		.set	.LANCHOR0,. + 0
 417              		.type	Addr, %object
 418              		.size	Addr, 4
 419              	Addr:
 420 0000 27000000 		.word	39
 421              		.section	.rodata.str1.4,"aMS",%progbits,1
 422              		.align	2
 423              	.LC1:
 424 0000 52454144 		.ascii	"READ YOUR CARD\000"
 424      20594F55 
 424      52204341 
 424      524400
 425 000f 00       		.space	1
 426              	.LC4:
 427 0010 56657269 		.ascii	"Verified user\000"
 427      66696564 
 427      20757365 
 427      7200
 428 001e 0000     		.space	2
 429              	.LC6:
 430 0020 41636365 		.ascii	"Access granted\000"
 430      73732067 
 430      72616E74 
 430      656400
 431 002f 00       		.space	1
 432              	.LC8:
 433 0030 57656C63 		.ascii	"Welcome:\000"
 433      6F6D653A 
 433      00
 434 0039 000000   		.space	3
 435              	.LC10:
 436 003c 41626164 		.ascii	"Abad Sethi\000"
 436      20536574 
 436      686900
 437 0047 00       		.space	1
 438              	.LC12:
 439 0048 42756767 		.ascii	"Buggy starts in\000"
ARM GAS  C:\Users\ABAD_S~1\AppData\Local\Temp\ccwwLJqn.s 			page 11


 439      79207374 
 439      61727473 
 439      20696E00 
 440              	.LC14:
 441 0058 332E2E00 		.ascii	"3..\000"
 442              	.LC16:
 443 005c 322E2E00 		.ascii	"2..\000"
 444              	.LC18:
 445 0060 312E2E00 		.ascii	"1..\000"
 446              	.LC20:
 447 0064 42554747 		.ascii	"BUGGY STARTED\000"
 447      59205354 
 447      41525445 
 447      4400
 448 0072 0000     		.space	2
 449              	.LC22:
 450 0074 53554345 		.ascii	"SUCESSFULLY\000"
 450      53534655 
 450      4C4C5900 
 451              		.text
 452              	.Letext0:
 453              		.file 2 "c:\\program files (x86)\\cypress\\psoc creator\\4.2\\psoc creator\\import\\gnu\\arm\\5.4.
 454              		.file 3 "c:\\program files (x86)\\cypress\\psoc creator\\4.2\\psoc creator\\import\\gnu\\arm\\5.4.
 455              		.file 4 "Generated_Source\\PSoC4/cytypes.h"
 456              		.file 5 "RC522.h"
 457              		.file 6 "Generated_Source\\PSoC4/PWM_1.h"
 458              		.file 7 "Generated_Source\\PSoC4/CyLib.h"
 459              		.file 8 "Generated_Source\\PSoC4/PWM_2.h"
 460              		.file 9 "Generated_Source\\PSoC4/SPI.h"
 461              		.file 10 "Generated_Source\\PSoC4/I2C.h"
 462              		.file 11 "LiquidCrystal_I2C.h"
 463              		.section	.debug_info,"",%progbits
 464              	.Ldebug_info0:
 465 0000 48070000 		.4byte	0x748
 466 0004 0400     		.2byte	0x4
 467 0006 00000000 		.4byte	.Ldebug_abbrev0
 468 000a 04       		.byte	0x4
 469 000b 01       		.uleb128 0x1
 470 000c 56010000 		.4byte	.LASF44
 471 0010 0C       		.byte	0xc
 472 0011 3A020000 		.4byte	.LASF45
 473 0015 50020000 		.4byte	.LASF46
 474 0019 00000000 		.4byte	.Ldebug_ranges0+0
 475 001d 00000000 		.4byte	0
 476 0021 00000000 		.4byte	.Ldebug_line0
 477 0025 02       		.uleb128 0x2
 478 0026 01       		.byte	0x1
 479 0027 06       		.byte	0x6
 480 0028 EF020000 		.4byte	.LASF0
 481 002c 02       		.uleb128 0x2
 482 002d 01       		.byte	0x1
 483 002e 08       		.byte	0x8
 484 002f 1A010000 		.4byte	.LASF1
 485 0033 02       		.uleb128 0x2
 486 0034 02       		.byte	0x2
 487 0035 05       		.byte	0x5
 488 0036 F1000000 		.4byte	.LASF2
ARM GAS  C:\Users\ABAD_S~1\AppData\Local\Temp\ccwwLJqn.s 			page 12


 489 003a 02       		.uleb128 0x2
 490 003b 02       		.byte	0x2
 491 003c 07       		.byte	0x7
 492 003d 2F000000 		.4byte	.LASF3
 493 0041 02       		.uleb128 0x2
 494 0042 04       		.byte	0x4
 495 0043 05       		.byte	0x5
 496 0044 DA020000 		.4byte	.LASF4
 497 0048 03       		.uleb128 0x3
 498 0049 6C000000 		.4byte	.LASF9
 499 004d 02       		.byte	0x2
 500 004e 41       		.byte	0x41
 501 004f 53000000 		.4byte	0x53
 502 0053 02       		.uleb128 0x2
 503 0054 04       		.byte	0x4
 504 0055 07       		.byte	0x7
 505 0056 8E000000 		.4byte	.LASF5
 506 005a 02       		.uleb128 0x2
 507 005b 08       		.byte	0x8
 508 005c 05       		.byte	0x5
 509 005d 00000000 		.4byte	.LASF6
 510 0061 02       		.uleb128 0x2
 511 0062 08       		.byte	0x8
 512 0063 07       		.byte	0x7
 513 0064 35010000 		.4byte	.LASF7
 514 0068 04       		.uleb128 0x4
 515 0069 04       		.byte	0x4
 516 006a 05       		.byte	0x5
 517 006b 696E7400 		.ascii	"int\000"
 518 006f 02       		.uleb128 0x2
 519 0070 04       		.byte	0x4
 520 0071 07       		.byte	0x7
 521 0072 28010000 		.4byte	.LASF8
 522 0076 03       		.uleb128 0x3
 523 0077 D1020000 		.4byte	.LASF10
 524 007b 03       		.byte	0x3
 525 007c 30       		.byte	0x30
 526 007d 48000000 		.4byte	0x48
 527 0081 05       		.uleb128 0x5
 528 0082 FB000000 		.4byte	.LASF11
 529 0086 04       		.byte	0x4
 530 0087 E501     		.2byte	0x1e5
 531 0089 3A000000 		.4byte	0x3a
 532 008d 02       		.uleb128 0x2
 533 008e 04       		.byte	0x4
 534 008f 04       		.byte	0x4
 535 0090 61000000 		.4byte	.LASF12
 536 0094 02       		.uleb128 0x2
 537 0095 08       		.byte	0x8
 538 0096 04       		.byte	0x4
 539 0097 D4000000 		.4byte	.LASF13
 540 009b 02       		.uleb128 0x2
 541 009c 01       		.byte	0x1
 542 009d 08       		.byte	0x8
 543 009e 41020000 		.4byte	.LASF14
 544 00a2 02       		.uleb128 0x2
 545 00a3 08       		.byte	0x8
ARM GAS  C:\Users\ABAD_S~1\AppData\Local\Temp\ccwwLJqn.s 			page 13


 546 00a4 04       		.byte	0x4
 547 00a5 E3020000 		.4byte	.LASF15
 548 00a9 02       		.uleb128 0x2
 549 00aa 04       		.byte	0x4
 550 00ab 07       		.byte	0x7
 551 00ac F7010000 		.4byte	.LASF16
 552 00b0 06       		.uleb128 0x6
 553 00b1 0C       		.byte	0xc
 554 00b2 05       		.byte	0x5
 555 00b3 3A       		.byte	0x3a
 556 00b4 DD000000 		.4byte	0xdd
 557 00b8 07       		.uleb128 0x7
 558 00b9 67000000 		.4byte	.LASF17
 559 00bd 05       		.byte	0x5
 560 00be 3B       		.byte	0x3b
 561 00bf 2C000000 		.4byte	0x2c
 562 00c3 00       		.byte	0
 563 00c4 07       		.uleb128 0x7
 564 00c5 0E000000 		.4byte	.LASF18
 565 00c9 05       		.byte	0x5
 566 00ca 3C       		.byte	0x3c
 567 00cb DD000000 		.4byte	0xdd
 568 00cf 01       		.byte	0x1
 569 00d0 08       		.uleb128 0x8
 570 00d1 73616B00 		.ascii	"sak\000"
 571 00d5 05       		.byte	0x5
 572 00d6 3D       		.byte	0x3d
 573 00d7 2C000000 		.4byte	0x2c
 574 00db 0B       		.byte	0xb
 575 00dc 00       		.byte	0
 576 00dd 09       		.uleb128 0x9
 577 00de 2C000000 		.4byte	0x2c
 578 00e2 ED000000 		.4byte	0xed
 579 00e6 0A       		.uleb128 0xa
 580 00e7 A9000000 		.4byte	0xa9
 581 00eb 09       		.byte	0x9
 582 00ec 00       		.byte	0
 583 00ed 0B       		.uleb128 0xb
 584 00ee 55696400 		.ascii	"Uid\000"
 585 00f2 05       		.byte	0x5
 586 00f3 3E       		.byte	0x3e
 587 00f4 B0000000 		.4byte	0xb0
 588 00f8 0C       		.uleb128 0xc
 589 00f9 4C010000 		.4byte	.LASF19
 590 00fd 01       		.byte	0x1
 591 00fe 10       		.byte	0x10
 592 00ff 00000000 		.4byte	.LFB33
 593 0103 14000000 		.4byte	.LFE33-.LFB33
 594 0107 01       		.uleb128 0x1
 595 0108 9C       		.byte	0x9c
 596 0109 43010000 		.4byte	0x143
 597 010d 0D       		.uleb128 0xd
 598 010e 02010000 		.4byte	.LASF21
 599 0112 01       		.byte	0x1
 600 0113 10       		.byte	0x10
 601 0114 81000000 		.4byte	0x81
 602 0118 00000000 		.4byte	.LLST0
ARM GAS  C:\Users\ABAD_S~1\AppData\Local\Temp\ccwwLJqn.s 			page 14


 603 011c 0E       		.uleb128 0xe
 604 011d 08000000 		.4byte	.LVL1
 605 0121 6B060000 		.4byte	0x66b
 606 0125 0F       		.uleb128 0xf
 607 0126 0E000000 		.4byte	.LVL2
 608 012a 77060000 		.4byte	0x677
 609 012e 39010000 		.4byte	0x139
 610 0132 10       		.uleb128 0x10
 611 0133 01       		.uleb128 0x1
 612 0134 50       		.byte	0x50
 613 0135 02       		.uleb128 0x2
 614 0136 74       		.byte	0x74
 615 0137 00       		.sleb128 0
 616 0138 00       		.byte	0
 617 0139 0E       		.uleb128 0xe
 618 013a 12000000 		.4byte	.LVL3
 619 013e 82060000 		.4byte	0x682
 620 0142 00       		.byte	0
 621 0143 0C       		.uleb128 0xc
 622 0144 CB000000 		.4byte	.LASF20
 623 0148 01       		.byte	0x1
 624 0149 16       		.byte	0x16
 625 014a 00000000 		.4byte	.LFB34
 626 014e 14000000 		.4byte	.LFE34-.LFB34
 627 0152 01       		.uleb128 0x1
 628 0153 9C       		.byte	0x9c
 629 0154 8E010000 		.4byte	0x18e
 630 0158 0D       		.uleb128 0xd
 631 0159 02010000 		.4byte	.LASF21
 632 015d 01       		.byte	0x1
 633 015e 16       		.byte	0x16
 634 015f 81000000 		.4byte	0x81
 635 0163 21000000 		.4byte	.LLST1
 636 0167 0E       		.uleb128 0xe
 637 0168 08000000 		.4byte	.LVL5
 638 016c 8E060000 		.4byte	0x68e
 639 0170 0F       		.uleb128 0xf
 640 0171 0E000000 		.4byte	.LVL6
 641 0175 77060000 		.4byte	0x677
 642 0179 84010000 		.4byte	0x184
 643 017d 10       		.uleb128 0x10
 644 017e 01       		.uleb128 0x1
 645 017f 50       		.byte	0x50
 646 0180 02       		.uleb128 0x2
 647 0181 74       		.byte	0x74
 648 0182 00       		.sleb128 0
 649 0183 00       		.byte	0
 650 0184 0E       		.uleb128 0xe
 651 0185 12000000 		.4byte	.LVL7
 652 0189 9A060000 		.4byte	0x69a
 653 018d 00       		.byte	0
 654 018e 11       		.uleb128 0x11
 655 018f 1C000000 		.4byte	.LASF47
 656 0193 01       		.byte	0x1
 657 0194 1D       		.byte	0x1d
 658 0195 00000000 		.4byte	.LFB35
 659 0199 34000000 		.4byte	.LFE35-.LFB35
ARM GAS  C:\Users\ABAD_S~1\AppData\Local\Temp\ccwwLJqn.s 			page 15


 660 019d 01       		.uleb128 0x1
 661 019e 9C       		.byte	0x9c
 662 019f 40020000 		.4byte	0x240
 663 01a3 0F       		.uleb128 0xf
 664 01a4 08000000 		.4byte	.LVL8
 665 01a8 43010000 		.4byte	0x143
 666 01ac B7010000 		.4byte	0x1b7
 667 01b0 10       		.uleb128 0x10
 668 01b1 01       		.uleb128 0x1
 669 01b2 50       		.byte	0x50
 670 01b3 02       		.uleb128 0x2
 671 01b4 08       		.byte	0x8
 672 01b5 FA       		.byte	0xfa
 673 01b6 00       		.byte	0
 674 01b7 0F       		.uleb128 0xf
 675 01b8 0E000000 		.4byte	.LVL9
 676 01bc 77060000 		.4byte	0x677
 677 01c0 CB010000 		.4byte	0x1cb
 678 01c4 10       		.uleb128 0x10
 679 01c5 01       		.uleb128 0x1
 680 01c6 50       		.byte	0x50
 681 01c7 02       		.uleb128 0x2
 682 01c8 08       		.byte	0x8
 683 01c9 FA       		.byte	0xfa
 684 01ca 00       		.byte	0
 685 01cb 0F       		.uleb128 0xf
 686 01cc 14000000 		.4byte	.LVL10
 687 01d0 43010000 		.4byte	0x143
 688 01d4 DF010000 		.4byte	0x1df
 689 01d8 10       		.uleb128 0x10
 690 01d9 01       		.uleb128 0x1
 691 01da 50       		.byte	0x50
 692 01db 02       		.uleb128 0x2
 693 01dc 08       		.byte	0x8
 694 01dd FA       		.byte	0xfa
 695 01de 00       		.byte	0
 696 01df 0F       		.uleb128 0xf
 697 01e0 1A000000 		.4byte	.LVL11
 698 01e4 77060000 		.4byte	0x677
 699 01e8 F3010000 		.4byte	0x1f3
 700 01ec 10       		.uleb128 0x10
 701 01ed 01       		.uleb128 0x1
 702 01ee 50       		.byte	0x50
 703 01ef 02       		.uleb128 0x2
 704 01f0 08       		.byte	0x8
 705 01f1 FA       		.byte	0xfa
 706 01f2 00       		.byte	0
 707 01f3 0F       		.uleb128 0xf
 708 01f4 20000000 		.4byte	.LVL12
 709 01f8 43010000 		.4byte	0x143
 710 01fc 07020000 		.4byte	0x207
 711 0200 10       		.uleb128 0x10
 712 0201 01       		.uleb128 0x1
 713 0202 50       		.byte	0x50
 714 0203 02       		.uleb128 0x2
 715 0204 08       		.byte	0x8
 716 0205 FA       		.byte	0xfa
ARM GAS  C:\Users\ABAD_S~1\AppData\Local\Temp\ccwwLJqn.s 			page 16


 717 0206 00       		.byte	0
 718 0207 0F       		.uleb128 0xf
 719 0208 26000000 		.4byte	.LVL13
 720 020c 77060000 		.4byte	0x677
 721 0210 1B020000 		.4byte	0x21b
 722 0214 10       		.uleb128 0x10
 723 0215 01       		.uleb128 0x1
 724 0216 50       		.byte	0x50
 725 0217 02       		.uleb128 0x2
 726 0218 08       		.byte	0x8
 727 0219 FA       		.byte	0xfa
 728 021a 00       		.byte	0
 729 021b 0F       		.uleb128 0xf
 730 021c 2C000000 		.4byte	.LVL14
 731 0220 43010000 		.4byte	0x143
 732 0224 2F020000 		.4byte	0x22f
 733 0228 10       		.uleb128 0x10
 734 0229 01       		.uleb128 0x1
 735 022a 50       		.byte	0x50
 736 022b 02       		.uleb128 0x2
 737 022c 08       		.byte	0x8
 738 022d FA       		.byte	0xfa
 739 022e 00       		.byte	0
 740 022f 12       		.uleb128 0x12
 741 0230 32000000 		.4byte	.LVL15
 742 0234 77060000 		.4byte	0x677
 743 0238 10       		.uleb128 0x10
 744 0239 01       		.uleb128 0x1
 745 023a 50       		.byte	0x50
 746 023b 02       		.uleb128 0x2
 747 023c 08       		.byte	0x8
 748 023d FA       		.byte	0xfa
 749 023e 00       		.byte	0
 750 023f 00       		.byte	0
 751 0240 13       		.uleb128 0x13
 752 0241 51010000 		.4byte	.LASF48
 753 0245 01       		.byte	0x1
 754 0246 2A       		.byte	0x2a
 755 0247 68000000 		.4byte	0x68
 756 024b 00000000 		.4byte	.LFB36
 757 024f 94010000 		.4byte	.LFE36-.LFB36
 758 0253 01       		.uleb128 0x1
 759 0254 9C       		.byte	0x9c
 760 0255 38060000 		.4byte	0x638
 761 0259 0E       		.uleb128 0xe
 762 025a 08000000 		.4byte	.LVL16
 763 025e A6060000 		.4byte	0x6a6
 764 0262 0E       		.uleb128 0xe
 765 0263 0C000000 		.4byte	.LVL17
 766 0267 B1060000 		.4byte	0x6b1
 767 026b 0F       		.uleb128 0xf
 768 026c 1A000000 		.4byte	.LVL18
 769 0270 BC060000 		.4byte	0x6bc
 770 0274 88020000 		.4byte	0x288
 771 0278 10       		.uleb128 0x10
 772 0279 01       		.uleb128 0x1
 773 027a 51       		.byte	0x51
ARM GAS  C:\Users\ABAD_S~1\AppData\Local\Temp\ccwwLJqn.s 			page 17


 774 027b 01       		.uleb128 0x1
 775 027c 40       		.byte	0x40
 776 027d 10       		.uleb128 0x10
 777 027e 01       		.uleb128 0x1
 778 027f 52       		.byte	0x52
 779 0280 01       		.uleb128 0x1
 780 0281 32       		.byte	0x32
 781 0282 10       		.uleb128 0x10
 782 0283 01       		.uleb128 0x1
 783 0284 53       		.byte	0x53
 784 0285 01       		.uleb128 0x1
 785 0286 30       		.byte	0x30
 786 0287 00       		.byte	0
 787 0288 0E       		.uleb128 0xe
 788 0289 1E000000 		.4byte	.LVL19
 789 028d C7060000 		.4byte	0x6c7
 790 0291 0E       		.uleb128 0xe
 791 0292 22000000 		.4byte	.LVL20
 792 0296 D2060000 		.4byte	0x6d2
 793 029a 0E       		.uleb128 0xe
 794 029b 26000000 		.4byte	.LVL21
 795 029f DD060000 		.4byte	0x6dd
 796 02a3 0F       		.uleb128 0xf
 797 02a4 2C000000 		.4byte	.LVL22
 798 02a8 E8060000 		.4byte	0x6e8
 799 02ac B6020000 		.4byte	0x2b6
 800 02b0 10       		.uleb128 0x10
 801 02b1 01       		.uleb128 0x1
 802 02b2 50       		.byte	0x50
 803 02b3 01       		.uleb128 0x1
 804 02b4 44       		.byte	0x44
 805 02b5 00       		.byte	0
 806 02b6 0E       		.uleb128 0xe
 807 02b7 30000000 		.4byte	.LVL23
 808 02bb F3060000 		.4byte	0x6f3
 809 02bf 0F       		.uleb128 0xf
 810 02c0 36000000 		.4byte	.LVL24
 811 02c4 E8060000 		.4byte	0x6e8
 812 02c8 D2020000 		.4byte	0x2d2
 813 02cc 10       		.uleb128 0x10
 814 02cd 01       		.uleb128 0x1
 815 02ce 50       		.byte	0x50
 816 02cf 01       		.uleb128 0x1
 817 02d0 44       		.byte	0x44
 818 02d1 00       		.byte	0
 819 02d2 0E       		.uleb128 0xe
 820 02d3 3A000000 		.4byte	.LVL25
 821 02d7 FE060000 		.4byte	0x6fe
 822 02db 0F       		.uleb128 0xf
 823 02dc 40000000 		.4byte	.LVL26
 824 02e0 09070000 		.4byte	0x709
 825 02e4 F2020000 		.4byte	0x2f2
 826 02e8 10       		.uleb128 0x10
 827 02e9 01       		.uleb128 0x1
 828 02ea 50       		.byte	0x50
 829 02eb 05       		.uleb128 0x5
 830 02ec 03       		.byte	0x3
ARM GAS  C:\Users\ABAD_S~1\AppData\Local\Temp\ccwwLJqn.s 			page 18


 831 02ed 00000000 		.4byte	.LC1
 832 02f1 00       		.byte	0
 833 02f2 0F       		.uleb128 0xf
 834 02f3 48000000 		.4byte	.LVL27
 835 02f7 77060000 		.4byte	0x677
 836 02fb 07030000 		.4byte	0x307
 837 02ff 10       		.uleb128 0x10
 838 0300 01       		.uleb128 0x1
 839 0301 50       		.byte	0x50
 840 0302 03       		.uleb128 0x3
 841 0303 0A       		.byte	0xa
 842 0304 E803     		.2byte	0x3e8
 843 0306 00       		.byte	0
 844 0307 0E       		.uleb128 0xe
 845 0308 4C000000 		.4byte	.LVL28
 846 030c FE060000 		.4byte	0x6fe
 847 0310 0F       		.uleb128 0xf
 848 0311 54000000 		.4byte	.LVL29
 849 0315 77060000 		.4byte	0x677
 850 0319 25030000 		.4byte	0x325
 851 031d 10       		.uleb128 0x10
 852 031e 01       		.uleb128 0x1
 853 031f 50       		.byte	0x50
 854 0320 03       		.uleb128 0x3
 855 0321 0A       		.byte	0xa
 856 0322 F401     		.2byte	0x1f4
 857 0324 00       		.byte	0
 858 0325 0E       		.uleb128 0xe
 859 0326 58000000 		.4byte	.LVL30
 860 032a 14070000 		.4byte	0x714
 861 032e 0E       		.uleb128 0xe
 862 032f 5C000000 		.4byte	.LVL31
 863 0333 C7060000 		.4byte	0x6c7
 864 0337 0F       		.uleb128 0xf
 865 0338 64000000 		.4byte	.LVL32
 866 033c 1F070000 		.4byte	0x71f
 867 0340 4F030000 		.4byte	0x34f
 868 0344 10       		.uleb128 0x10
 869 0345 01       		.uleb128 0x1
 870 0346 50       		.byte	0x50
 871 0347 01       		.uleb128 0x1
 872 0348 3D       		.byte	0x3d
 873 0349 10       		.uleb128 0x10
 874 034a 01       		.uleb128 0x1
 875 034b 51       		.byte	0x51
 876 034c 01       		.uleb128 0x1
 877 034d 37       		.byte	0x37
 878 034e 00       		.byte	0
 879 034f 0F       		.uleb128 0xf
 880 0350 6C000000 		.4byte	.LVL33
 881 0354 1F070000 		.4byte	0x71f
 882 0358 68030000 		.4byte	0x368
 883 035c 10       		.uleb128 0x10
 884 035d 01       		.uleb128 0x1
 885 035e 50       		.byte	0x50
 886 035f 01       		.uleb128 0x1
 887 0360 32       		.byte	0x32
ARM GAS  C:\Users\ABAD_S~1\AppData\Local\Temp\ccwwLJqn.s 			page 19


 888 0361 10       		.uleb128 0x10
 889 0362 01       		.uleb128 0x1
 890 0363 51       		.byte	0x51
 891 0364 02       		.uleb128 0x2
 892 0365 09       		.byte	0x9
 893 0366 F7       		.byte	0xf7
 894 0367 00       		.byte	0
 895 0368 0F       		.uleb128 0xf
 896 0369 74000000 		.4byte	.LVL34
 897 036d 2A070000 		.4byte	0x72a
 898 0371 81030000 		.4byte	0x381
 899 0375 10       		.uleb128 0x10
 900 0376 01       		.uleb128 0x1
 901 0377 50       		.byte	0x50
 902 0378 01       		.uleb128 0x1
 903 0379 34       		.byte	0x34
 904 037a 10       		.uleb128 0x10
 905 037b 01       		.uleb128 0x1
 906 037c 51       		.byte	0x51
 907 037d 02       		.uleb128 0x2
 908 037e 09       		.byte	0x9
 909 037f 80       		.byte	0x80
 910 0380 00       		.byte	0
 911 0381 0F       		.uleb128 0xf
 912 0382 7C000000 		.4byte	.LVL35
 913 0386 35070000 		.4byte	0x735
 914 038a 9A030000 		.4byte	0x39a
 915 038e 10       		.uleb128 0x10
 916 038f 01       		.uleb128 0x1
 917 0390 50       		.byte	0x50
 918 0391 01       		.uleb128 0x1
 919 0392 3A       		.byte	0x3a
 920 0393 10       		.uleb128 0x10
 921 0394 01       		.uleb128 0x1
 922 0395 51       		.byte	0x51
 923 0396 02       		.uleb128 0x2
 924 0397 09       		.byte	0x9
 925 0398 80       		.byte	0x80
 926 0399 00       		.byte	0
 927 039a 0F       		.uleb128 0xf
 928 039b 84000000 		.4byte	.LVL36
 929 039f 1F070000 		.4byte	0x71f
 930 03a3 B2030000 		.4byte	0x3b2
 931 03a7 10       		.uleb128 0x10
 932 03a8 01       		.uleb128 0x1
 933 03a9 50       		.byte	0x50
 934 03aa 01       		.uleb128 0x1
 935 03ab 31       		.byte	0x31
 936 03ac 10       		.uleb128 0x10
 937 03ad 01       		.uleb128 0x1
 938 03ae 51       		.byte	0x51
 939 03af 01       		.uleb128 0x1
 940 03b0 30       		.byte	0x30
 941 03b1 00       		.byte	0
 942 03b2 0F       		.uleb128 0xf
 943 03b3 8C000000 		.4byte	.LVL37
 944 03b7 1F070000 		.4byte	0x71f
ARM GAS  C:\Users\ABAD_S~1\AppData\Local\Temp\ccwwLJqn.s 			page 20


 945 03bb CB030000 		.4byte	0x3cb
 946 03bf 10       		.uleb128 0x10
 947 03c0 01       		.uleb128 0x1
 948 03c1 50       		.byte	0x50
 949 03c2 01       		.uleb128 0x1
 950 03c3 39       		.byte	0x39
 951 03c4 10       		.uleb128 0x10
 952 03c5 01       		.uleb128 0x1
 953 03c6 51       		.byte	0x51
 954 03c7 02       		.uleb128 0x2
 955 03c8 08       		.byte	0x8
 956 03c9 26       		.byte	0x26
 957 03ca 00       		.byte	0
 958 03cb 0F       		.uleb128 0xf
 959 03cc 94000000 		.4byte	.LVL38
 960 03d0 1F070000 		.4byte	0x71f
 961 03d4 E3030000 		.4byte	0x3e3
 962 03d8 10       		.uleb128 0x10
 963 03d9 01       		.uleb128 0x1
 964 03da 50       		.byte	0x50
 965 03db 01       		.uleb128 0x1
 966 03dc 31       		.byte	0x31
 967 03dd 10       		.uleb128 0x10
 968 03de 01       		.uleb128 0x1
 969 03df 51       		.byte	0x51
 970 03e0 01       		.uleb128 0x1
 971 03e1 3C       		.byte	0x3c
 972 03e2 00       		.byte	0
 973 03e3 0F       		.uleb128 0xf
 974 03e4 9C000000 		.4byte	.LVL39
 975 03e8 35070000 		.4byte	0x735
 976 03ec FC030000 		.4byte	0x3fc
 977 03f0 10       		.uleb128 0x10
 978 03f1 01       		.uleb128 0x1
 979 03f2 50       		.byte	0x50
 980 03f3 01       		.uleb128 0x1
 981 03f4 3D       		.byte	0x3d
 982 03f5 10       		.uleb128 0x10
 983 03f6 01       		.uleb128 0x1
 984 03f7 51       		.byte	0x51
 985 03f8 02       		.uleb128 0x2
 986 03f9 09       		.byte	0x9
 987 03fa 80       		.byte	0x80
 988 03fb 00       		.byte	0
 989 03fc 0F       		.uleb128 0xf
 990 03fd A2000000 		.4byte	.LVL40
 991 0401 E8060000 		.4byte	0x6e8
 992 0405 0F040000 		.4byte	0x40f
 993 0409 10       		.uleb128 0x10
 994 040a 01       		.uleb128 0x1
 995 040b 50       		.byte	0x50
 996 040c 01       		.uleb128 0x1
 997 040d 34       		.byte	0x34
 998 040e 00       		.byte	0
 999 040f 0F       		.uleb128 0xf
 1000 0410 B2000000 		.4byte	.LVL41
 1001 0414 F8000000 		.4byte	0xf8
ARM GAS  C:\Users\ABAD_S~1\AppData\Local\Temp\ccwwLJqn.s 			page 21


 1002 0418 23040000 		.4byte	0x423
 1003 041c 10       		.uleb128 0x10
 1004 041d 01       		.uleb128 0x1
 1005 041e 50       		.byte	0x50
 1006 041f 02       		.uleb128 0x2
 1007 0420 08       		.byte	0x8
 1008 0421 96       		.byte	0x96
 1009 0422 00       		.byte	0
 1010 0423 0F       		.uleb128 0xf
 1011 0424 B8000000 		.4byte	.LVL42
 1012 0428 09070000 		.4byte	0x709
 1013 042c 3A040000 		.4byte	0x43a
 1014 0430 10       		.uleb128 0x10
 1015 0431 01       		.uleb128 0x1
 1016 0432 50       		.byte	0x50
 1017 0433 05       		.uleb128 0x5
 1018 0434 03       		.byte	0x3
 1019 0435 10000000 		.4byte	.LC4
 1020 0439 00       		.byte	0
 1021 043a 0F       		.uleb128 0xf
 1022 043b C2000000 		.4byte	.LVL43
 1023 043f 43010000 		.4byte	0x143
 1024 0443 4E040000 		.4byte	0x44e
 1025 0447 10       		.uleb128 0x10
 1026 0448 01       		.uleb128 0x1
 1027 0449 50       		.byte	0x50
 1028 044a 02       		.uleb128 0x2
 1029 044b 74       		.byte	0x74
 1030 044c 00       		.sleb128 0
 1031 044d 00       		.byte	0
 1032 044e 0E       		.uleb128 0xe
 1033 044f C6000000 		.4byte	.LVL44
 1034 0453 FE060000 		.4byte	0x6fe
 1035 0457 0F       		.uleb128 0xf
 1036 0458 CC000000 		.4byte	.LVL45
 1037 045c 09070000 		.4byte	0x709
 1038 0460 6E040000 		.4byte	0x46e
 1039 0464 10       		.uleb128 0x10
 1040 0465 01       		.uleb128 0x1
 1041 0466 50       		.byte	0x50
 1042 0467 05       		.uleb128 0x5
 1043 0468 03       		.byte	0x3
 1044 0469 20000000 		.4byte	.LC6
 1045 046d 00       		.byte	0
 1046 046e 0F       		.uleb128 0xf
 1047 046f D2000000 		.4byte	.LVL46
 1048 0473 77060000 		.4byte	0x677
 1049 0477 82040000 		.4byte	0x482
 1050 047b 10       		.uleb128 0x10
 1051 047c 01       		.uleb128 0x1
 1052 047d 50       		.byte	0x50
 1053 047e 02       		.uleb128 0x2
 1054 047f 74       		.byte	0x74
 1055 0480 00       		.sleb128 0
 1056 0481 00       		.byte	0
 1057 0482 0E       		.uleb128 0xe
 1058 0483 D6000000 		.4byte	.LVL47
ARM GAS  C:\Users\ABAD_S~1\AppData\Local\Temp\ccwwLJqn.s 			page 22


 1059 0487 FE060000 		.4byte	0x6fe
 1060 048b 0F       		.uleb128 0xf
 1061 048c DC000000 		.4byte	.LVL48
 1062 0490 09070000 		.4byte	0x709
 1063 0494 A2040000 		.4byte	0x4a2
 1064 0498 10       		.uleb128 0x10
 1065 0499 01       		.uleb128 0x1
 1066 049a 50       		.byte	0x50
 1067 049b 05       		.uleb128 0x5
 1068 049c 03       		.byte	0x3
 1069 049d 30000000 		.4byte	.LC8
 1070 04a1 00       		.byte	0
 1071 04a2 0F       		.uleb128 0xf
 1072 04a3 E4000000 		.4byte	.LVL49
 1073 04a7 77060000 		.4byte	0x677
 1074 04ab B7040000 		.4byte	0x4b7
 1075 04af 10       		.uleb128 0x10
 1076 04b0 01       		.uleb128 0x1
 1077 04b1 50       		.byte	0x50
 1078 04b2 03       		.uleb128 0x3
 1079 04b3 0A       		.byte	0xa
 1080 04b4 7805     		.2byte	0x578
 1081 04b6 00       		.byte	0
 1082 04b7 0F       		.uleb128 0xf
 1083 04b8 EC000000 		.4byte	.LVL50
 1084 04bc 40070000 		.4byte	0x740
 1085 04c0 CF040000 		.4byte	0x4cf
 1086 04c4 10       		.uleb128 0x10
 1087 04c5 01       		.uleb128 0x1
 1088 04c6 50       		.byte	0x50
 1089 04c7 01       		.uleb128 0x1
 1090 04c8 30       		.byte	0x30
 1091 04c9 10       		.uleb128 0x10
 1092 04ca 01       		.uleb128 0x1
 1093 04cb 51       		.byte	0x51
 1094 04cc 01       		.uleb128 0x1
 1095 04cd 31       		.byte	0x31
 1096 04ce 00       		.byte	0
 1097 04cf 0F       		.uleb128 0xf
 1098 04d0 F2000000 		.4byte	.LVL51
 1099 04d4 09070000 		.4byte	0x709
 1100 04d8 E6040000 		.4byte	0x4e6
 1101 04dc 10       		.uleb128 0x10
 1102 04dd 01       		.uleb128 0x1
 1103 04de 50       		.byte	0x50
 1104 04df 05       		.uleb128 0x5
 1105 04e0 03       		.byte	0x3
 1106 04e1 3C000000 		.4byte	.LC10
 1107 04e5 00       		.byte	0
 1108 04e6 0F       		.uleb128 0xf
 1109 04e7 F8000000 		.4byte	.LVL52
 1110 04eb 77060000 		.4byte	0x677
 1111 04ef FA040000 		.4byte	0x4fa
 1112 04f3 10       		.uleb128 0x10
 1113 04f4 01       		.uleb128 0x1
 1114 04f5 50       		.byte	0x50
 1115 04f6 02       		.uleb128 0x2
ARM GAS  C:\Users\ABAD_S~1\AppData\Local\Temp\ccwwLJqn.s 			page 23


 1116 04f7 74       		.byte	0x74
 1117 04f8 00       		.sleb128 0
 1118 04f9 00       		.byte	0
 1119 04fa 0E       		.uleb128 0xe
 1120 04fb FC000000 		.4byte	.LVL53
 1121 04ff FE060000 		.4byte	0x6fe
 1122 0503 0F       		.uleb128 0xf
 1123 0504 04010000 		.4byte	.LVL54
 1124 0508 40070000 		.4byte	0x740
 1125 050c 1B050000 		.4byte	0x51b
 1126 0510 10       		.uleb128 0x10
 1127 0511 01       		.uleb128 0x1
 1128 0512 50       		.byte	0x50
 1129 0513 01       		.uleb128 0x1
 1130 0514 30       		.byte	0x30
 1131 0515 10       		.uleb128 0x10
 1132 0516 01       		.uleb128 0x1
 1133 0517 51       		.byte	0x51
 1134 0518 01       		.uleb128 0x1
 1135 0519 30       		.byte	0x30
 1136 051a 00       		.byte	0
 1137 051b 0F       		.uleb128 0xf
 1138 051c 0A010000 		.4byte	.LVL55
 1139 0520 09070000 		.4byte	0x709
 1140 0524 32050000 		.4byte	0x532
 1141 0528 10       		.uleb128 0x10
 1142 0529 01       		.uleb128 0x1
 1143 052a 50       		.byte	0x50
 1144 052b 05       		.uleb128 0x5
 1145 052c 03       		.byte	0x3
 1146 052d 48000000 		.4byte	.LC12
 1147 0531 00       		.byte	0
 1148 0532 0F       		.uleb128 0xf
 1149 0533 14010000 		.4byte	.LVL56
 1150 0537 77060000 		.4byte	0x677
 1151 053b 46050000 		.4byte	0x546
 1152 053f 10       		.uleb128 0x10
 1153 0540 01       		.uleb128 0x1
 1154 0541 50       		.byte	0x50
 1155 0542 02       		.uleb128 0x2
 1156 0543 74       		.byte	0x74
 1157 0544 00       		.sleb128 0
 1158 0545 00       		.byte	0
 1159 0546 0F       		.uleb128 0xf
 1160 0547 1C010000 		.4byte	.LVL57
 1161 054b 40070000 		.4byte	0x740
 1162 054f 5E050000 		.4byte	0x55e
 1163 0553 10       		.uleb128 0x10
 1164 0554 01       		.uleb128 0x1
 1165 0555 50       		.byte	0x50
 1166 0556 01       		.uleb128 0x1
 1167 0557 30       		.byte	0x30
 1168 0558 10       		.uleb128 0x10
 1169 0559 01       		.uleb128 0x1
 1170 055a 51       		.byte	0x51
 1171 055b 01       		.uleb128 0x1
 1172 055c 31       		.byte	0x31
ARM GAS  C:\Users\ABAD_S~1\AppData\Local\Temp\ccwwLJqn.s 			page 24


 1173 055d 00       		.byte	0
 1174 055e 0F       		.uleb128 0xf
 1175 055f 22010000 		.4byte	.LVL58
 1176 0563 09070000 		.4byte	0x709
 1177 0567 75050000 		.4byte	0x575
 1178 056b 10       		.uleb128 0x10
 1179 056c 01       		.uleb128 0x1
 1180 056d 50       		.byte	0x50
 1181 056e 05       		.uleb128 0x5
 1182 056f 03       		.byte	0x3
 1183 0570 58000000 		.4byte	.LC14
 1184 0574 00       		.byte	0
 1185 0575 0F       		.uleb128 0xf
 1186 0576 28010000 		.4byte	.LVL59
 1187 057a 77060000 		.4byte	0x677
 1188 057e 89050000 		.4byte	0x589
 1189 0582 10       		.uleb128 0x10
 1190 0583 01       		.uleb128 0x1
 1191 0584 50       		.byte	0x50
 1192 0585 02       		.uleb128 0x2
 1193 0586 74       		.byte	0x74
 1194 0587 00       		.sleb128 0
 1195 0588 00       		.byte	0
 1196 0589 0F       		.uleb128 0xf
 1197 058a 2E010000 		.4byte	.LVL60
 1198 058e 09070000 		.4byte	0x709
 1199 0592 A0050000 		.4byte	0x5a0
 1200 0596 10       		.uleb128 0x10
 1201 0597 01       		.uleb128 0x1
 1202 0598 50       		.byte	0x50
 1203 0599 05       		.uleb128 0x5
 1204 059a 03       		.byte	0x3
 1205 059b 5C000000 		.4byte	.LC16
 1206 059f 00       		.byte	0
 1207 05a0 0F       		.uleb128 0xf
 1208 05a1 34010000 		.4byte	.LVL61
 1209 05a5 77060000 		.4byte	0x677
 1210 05a9 B4050000 		.4byte	0x5b4
 1211 05ad 10       		.uleb128 0x10
 1212 05ae 01       		.uleb128 0x1
 1213 05af 50       		.byte	0x50
 1214 05b0 02       		.uleb128 0x2
 1215 05b1 74       		.byte	0x74
 1216 05b2 00       		.sleb128 0
 1217 05b3 00       		.byte	0
 1218 05b4 0F       		.uleb128 0xf
 1219 05b5 3A010000 		.4byte	.LVL62
 1220 05b9 09070000 		.4byte	0x709
 1221 05bd CB050000 		.4byte	0x5cb
 1222 05c1 10       		.uleb128 0x10
 1223 05c2 01       		.uleb128 0x1
 1224 05c3 50       		.byte	0x50
 1225 05c4 05       		.uleb128 0x5
 1226 05c5 03       		.byte	0x3
 1227 05c6 60000000 		.4byte	.LC18
 1228 05ca 00       		.byte	0
 1229 05cb 0F       		.uleb128 0xf
ARM GAS  C:\Users\ABAD_S~1\AppData\Local\Temp\ccwwLJqn.s 			page 25


 1230 05cc 40010000 		.4byte	.LVL63
 1231 05d0 77060000 		.4byte	0x677
 1232 05d4 DF050000 		.4byte	0x5df
 1233 05d8 10       		.uleb128 0x10
 1234 05d9 01       		.uleb128 0x1
 1235 05da 50       		.byte	0x50
 1236 05db 02       		.uleb128 0x2
 1237 05dc 74       		.byte	0x74
 1238 05dd 00       		.sleb128 0
 1239 05de 00       		.byte	0
 1240 05df 0E       		.uleb128 0xe
 1241 05e0 44010000 		.4byte	.LVL64
 1242 05e4 FE060000 		.4byte	0x6fe
 1243 05e8 0F       		.uleb128 0xf
 1244 05e9 4A010000 		.4byte	.LVL65
 1245 05ed 09070000 		.4byte	0x709
 1246 05f1 FF050000 		.4byte	0x5ff
 1247 05f5 10       		.uleb128 0x10
 1248 05f6 01       		.uleb128 0x1
 1249 05f7 50       		.byte	0x50
 1250 05f8 05       		.uleb128 0x5
 1251 05f9 03       		.byte	0x3
 1252 05fa 64000000 		.4byte	.LC20
 1253 05fe 00       		.byte	0
 1254 05ff 0F       		.uleb128 0xf
 1255 0600 52010000 		.4byte	.LVL66
 1256 0604 40070000 		.4byte	0x740
 1257 0608 17060000 		.4byte	0x617
 1258 060c 10       		.uleb128 0x10
 1259 060d 01       		.uleb128 0x1
 1260 060e 50       		.byte	0x50
 1261 060f 01       		.uleb128 0x1
 1262 0610 30       		.byte	0x30
 1263 0611 10       		.uleb128 0x10
 1264 0612 01       		.uleb128 0x1
 1265 0613 51       		.byte	0x51
 1266 0614 01       		.uleb128 0x1
 1267 0615 31       		.byte	0x31
 1268 0616 00       		.byte	0
 1269 0617 0F       		.uleb128 0xf
 1270 0618 58010000 		.4byte	.LVL67
 1271 061c 09070000 		.4byte	0x709
 1272 0620 2E060000 		.4byte	0x62e
 1273 0624 10       		.uleb128 0x10
 1274 0625 01       		.uleb128 0x1
 1275 0626 50       		.byte	0x50
 1276 0627 05       		.uleb128 0x5
 1277 0628 03       		.byte	0x3
 1278 0629 74000000 		.4byte	.LC22
 1279 062d 00       		.byte	0
 1280 062e 0E       		.uleb128 0xe
 1281 062f 5C010000 		.4byte	.LVL68
 1282 0633 8E010000 		.4byte	0x18e
 1283 0637 00       		.byte	0
 1284 0638 14       		.uleb128 0x14
 1285 0639 75696400 		.ascii	"uid\000"
 1286 063d 05       		.byte	0x5
ARM GAS  C:\Users\ABAD_S~1\AppData\Local\Temp\ccwwLJqn.s 			page 26


 1287 063e 40       		.byte	0x40
 1288 063f ED000000 		.4byte	0xed
 1289 0643 05       		.uleb128 0x5
 1290 0644 03       		.byte	0x3
 1291 0645 00000000 		.4byte	uid
 1292 0649 15       		.uleb128 0x15
 1293 064a 2A000000 		.4byte	.LASF22
 1294 064e 01       		.byte	0x1
 1295 064f 0C       		.byte	0xc
 1296 0650 76000000 		.4byte	0x76
 1297 0654 05       		.uleb128 0x5
 1298 0655 03       		.byte	0x3
 1299 0656 00000000 		.4byte	Addr
 1300 065a 15       		.uleb128 0x15
 1301 065b 50000000 		.4byte	.LASF23
 1302 065f 01       		.byte	0x1
 1303 0660 0E       		.byte	0xe
 1304 0661 2C000000 		.4byte	0x2c
 1305 0665 05       		.uleb128 0x5
 1306 0666 03       		.byte	0x3
 1307 0667 00000000 		.4byte	status
 1308 066b 16       		.uleb128 0x16
 1309 066c A0000000 		.4byte	.LASF24
 1310 0670 A0000000 		.4byte	.LASF24
 1311 0674 06       		.byte	0x6
 1312 0675 3201     		.2byte	0x132
 1313 0677 17       		.uleb128 0x17
 1314 0678 10030000 		.4byte	.LASF25
 1315 067c 10030000 		.4byte	.LASF25
 1316 0680 07       		.byte	0x7
 1317 0681 D9       		.byte	0xd9
 1318 0682 16       		.uleb128 0x16
 1319 0683 0F010000 		.4byte	.LASF26
 1320 0687 0F010000 		.4byte	.LASF26
 1321 068b 06       		.byte	0x6
 1322 068c 3301     		.2byte	0x133
 1323 068e 16       		.uleb128 0x16
 1324 068f E5000000 		.4byte	.LASF27
 1325 0693 E5000000 		.4byte	.LASF27
 1326 0697 08       		.byte	0x8
 1327 0698 3201     		.2byte	0x132
 1328 069a 16       		.uleb128 0x16
 1329 069b FB020000 		.4byte	.LASF28
 1330 069f FB020000 		.4byte	.LASF28
 1331 06a3 08       		.byte	0x8
 1332 06a4 3301     		.2byte	0x133
 1333 06a6 17       		.uleb128 0x17
 1334 06a7 06030000 		.4byte	.LASF29
 1335 06ab 06030000 		.4byte	.LASF29
 1336 06af 09       		.byte	0x9
 1337 06b0 4D       		.byte	0x4d
 1338 06b1 17       		.uleb128 0x17
 1339 06b2 57000000 		.4byte	.LASF30
 1340 06b6 57000000 		.4byte	.LASF30
 1341 06ba 0A       		.byte	0xa
 1342 06bb 72       		.byte	0x72
 1343 06bc 17       		.uleb128 0x17
ARM GAS  C:\Users\ABAD_S~1\AppData\Local\Temp\ccwwLJqn.s 			page 27


 1344 06bd 12020000 		.4byte	.LASF31
 1345 06c1 12020000 		.4byte	.LASF31
 1346 06c5 0B       		.byte	0xb
 1347 06c6 47       		.byte	0x47
 1348 06c7 17       		.uleb128 0x17
 1349 06c8 E4010000 		.4byte	.LASF32
 1350 06cc E4010000 		.4byte	.LASF32
 1351 06d0 05       		.byte	0x5
 1352 06d1 E6       		.byte	0xe6
 1353 06d2 17       		.uleb128 0x17
 1354 06d3 AC000000 		.4byte	.LASF33
 1355 06d7 AC000000 		.4byte	.LASF33
 1356 06db 0B       		.byte	0xb
 1357 06dc 4E       		.byte	0x4e
 1358 06dd 17       		.uleb128 0x17
 1359 06de 42000000 		.4byte	.LASF34
 1360 06e2 42000000 		.4byte	.LASF34
 1361 06e6 05       		.byte	0x5
 1362 06e7 E8       		.byte	0xe8
 1363 06e8 17       		.uleb128 0x17
 1364 06e9 29020000 		.4byte	.LASF35
 1365 06ed 29020000 		.4byte	.LASF35
 1366 06f1 05       		.byte	0x5
 1367 06f2 D6       		.byte	0xd6
 1368 06f3 17       		.uleb128 0x17
 1369 06f4 C2020000 		.4byte	.LASF36
 1370 06f8 C2020000 		.4byte	.LASF36
 1371 06fc 05       		.byte	0x5
 1372 06fd E9       		.byte	0xe9
 1373 06fe 17       		.uleb128 0x17
 1374 06ff 16000000 		.4byte	.LASF37
 1375 0703 16000000 		.4byte	.LASF37
 1376 0707 0B       		.byte	0xb
 1377 0708 54       		.byte	0x54
 1378 0709 17       		.uleb128 0x17
 1379 070a DB000000 		.4byte	.LASF38
 1380 070e DB000000 		.4byte	.LASF38
 1381 0712 0B       		.byte	0xb
 1382 0713 8B       		.byte	0x8b
 1383 0714 17       		.uleb128 0x17
 1384 0715 46020000 		.4byte	.LASF39
 1385 0719 46020000 		.4byte	.LASF39
 1386 071d 05       		.byte	0x5
 1387 071e E7       		.byte	0xe7
 1388 071f 17       		.uleb128 0x17
 1389 0720 00020000 		.4byte	.LASF40
 1390 0724 00020000 		.4byte	.LASF40
 1391 0728 05       		.byte	0x5
 1392 0729 D4       		.byte	0xd4
 1393 072a 17       		.uleb128 0x17
 1394 072b B2000000 		.4byte	.LASF41
 1395 072f B2000000 		.4byte	.LASF41
 1396 0733 05       		.byte	0x5
 1397 0734 DF       		.byte	0xdf
 1398 0735 17       		.uleb128 0x17
 1399 0736 77000000 		.4byte	.LASF42
 1400 073a 77000000 		.4byte	.LASF42
ARM GAS  C:\Users\ABAD_S~1\AppData\Local\Temp\ccwwLJqn.s 			page 28


 1401 073e 05       		.byte	0x5
 1402 073f DC       		.byte	0xdc
 1403 0740 17       		.uleb128 0x17
 1404 0741 ED010000 		.4byte	.LASF43
 1405 0745 ED010000 		.4byte	.LASF43
 1406 0749 0B       		.byte	0xb
 1407 074a 88       		.byte	0x88
 1408 074b 00       		.byte	0
 1409              		.section	.debug_abbrev,"",%progbits
 1410              	.Ldebug_abbrev0:
 1411 0000 01       		.uleb128 0x1
 1412 0001 11       		.uleb128 0x11
 1413 0002 01       		.byte	0x1
 1414 0003 25       		.uleb128 0x25
 1415 0004 0E       		.uleb128 0xe
 1416 0005 13       		.uleb128 0x13
 1417 0006 0B       		.uleb128 0xb
 1418 0007 03       		.uleb128 0x3
 1419 0008 0E       		.uleb128 0xe
 1420 0009 1B       		.uleb128 0x1b
 1421 000a 0E       		.uleb128 0xe
 1422 000b 55       		.uleb128 0x55
 1423 000c 17       		.uleb128 0x17
 1424 000d 11       		.uleb128 0x11
 1425 000e 01       		.uleb128 0x1
 1426 000f 10       		.uleb128 0x10
 1427 0010 17       		.uleb128 0x17
 1428 0011 00       		.byte	0
 1429 0012 00       		.byte	0
 1430 0013 02       		.uleb128 0x2
 1431 0014 24       		.uleb128 0x24
 1432 0015 00       		.byte	0
 1433 0016 0B       		.uleb128 0xb
 1434 0017 0B       		.uleb128 0xb
 1435 0018 3E       		.uleb128 0x3e
 1436 0019 0B       		.uleb128 0xb
 1437 001a 03       		.uleb128 0x3
 1438 001b 0E       		.uleb128 0xe
 1439 001c 00       		.byte	0
 1440 001d 00       		.byte	0
 1441 001e 03       		.uleb128 0x3
 1442 001f 16       		.uleb128 0x16
 1443 0020 00       		.byte	0
 1444 0021 03       		.uleb128 0x3
 1445 0022 0E       		.uleb128 0xe
 1446 0023 3A       		.uleb128 0x3a
 1447 0024 0B       		.uleb128 0xb
 1448 0025 3B       		.uleb128 0x3b
 1449 0026 0B       		.uleb128 0xb
 1450 0027 49       		.uleb128 0x49
 1451 0028 13       		.uleb128 0x13
 1452 0029 00       		.byte	0
 1453 002a 00       		.byte	0
 1454 002b 04       		.uleb128 0x4
 1455 002c 24       		.uleb128 0x24
 1456 002d 00       		.byte	0
 1457 002e 0B       		.uleb128 0xb
ARM GAS  C:\Users\ABAD_S~1\AppData\Local\Temp\ccwwLJqn.s 			page 29


 1458 002f 0B       		.uleb128 0xb
 1459 0030 3E       		.uleb128 0x3e
 1460 0031 0B       		.uleb128 0xb
 1461 0032 03       		.uleb128 0x3
 1462 0033 08       		.uleb128 0x8
 1463 0034 00       		.byte	0
 1464 0035 00       		.byte	0
 1465 0036 05       		.uleb128 0x5
 1466 0037 16       		.uleb128 0x16
 1467 0038 00       		.byte	0
 1468 0039 03       		.uleb128 0x3
 1469 003a 0E       		.uleb128 0xe
 1470 003b 3A       		.uleb128 0x3a
 1471 003c 0B       		.uleb128 0xb
 1472 003d 3B       		.uleb128 0x3b
 1473 003e 05       		.uleb128 0x5
 1474 003f 49       		.uleb128 0x49
 1475 0040 13       		.uleb128 0x13
 1476 0041 00       		.byte	0
 1477 0042 00       		.byte	0
 1478 0043 06       		.uleb128 0x6
 1479 0044 13       		.uleb128 0x13
 1480 0045 01       		.byte	0x1
 1481 0046 0B       		.uleb128 0xb
 1482 0047 0B       		.uleb128 0xb
 1483 0048 3A       		.uleb128 0x3a
 1484 0049 0B       		.uleb128 0xb
 1485 004a 3B       		.uleb128 0x3b
 1486 004b 0B       		.uleb128 0xb
 1487 004c 01       		.uleb128 0x1
 1488 004d 13       		.uleb128 0x13
 1489 004e 00       		.byte	0
 1490 004f 00       		.byte	0
 1491 0050 07       		.uleb128 0x7
 1492 0051 0D       		.uleb128 0xd
 1493 0052 00       		.byte	0
 1494 0053 03       		.uleb128 0x3
 1495 0054 0E       		.uleb128 0xe
 1496 0055 3A       		.uleb128 0x3a
 1497 0056 0B       		.uleb128 0xb
 1498 0057 3B       		.uleb128 0x3b
 1499 0058 0B       		.uleb128 0xb
 1500 0059 49       		.uleb128 0x49
 1501 005a 13       		.uleb128 0x13
 1502 005b 38       		.uleb128 0x38
 1503 005c 0B       		.uleb128 0xb
 1504 005d 00       		.byte	0
 1505 005e 00       		.byte	0
 1506 005f 08       		.uleb128 0x8
 1507 0060 0D       		.uleb128 0xd
 1508 0061 00       		.byte	0
 1509 0062 03       		.uleb128 0x3
 1510 0063 08       		.uleb128 0x8
 1511 0064 3A       		.uleb128 0x3a
 1512 0065 0B       		.uleb128 0xb
 1513 0066 3B       		.uleb128 0x3b
 1514 0067 0B       		.uleb128 0xb
ARM GAS  C:\Users\ABAD_S~1\AppData\Local\Temp\ccwwLJqn.s 			page 30


 1515 0068 49       		.uleb128 0x49
 1516 0069 13       		.uleb128 0x13
 1517 006a 38       		.uleb128 0x38
 1518 006b 0B       		.uleb128 0xb
 1519 006c 00       		.byte	0
 1520 006d 00       		.byte	0
 1521 006e 09       		.uleb128 0x9
 1522 006f 01       		.uleb128 0x1
 1523 0070 01       		.byte	0x1
 1524 0071 49       		.uleb128 0x49
 1525 0072 13       		.uleb128 0x13
 1526 0073 01       		.uleb128 0x1
 1527 0074 13       		.uleb128 0x13
 1528 0075 00       		.byte	0
 1529 0076 00       		.byte	0
 1530 0077 0A       		.uleb128 0xa
 1531 0078 21       		.uleb128 0x21
 1532 0079 00       		.byte	0
 1533 007a 49       		.uleb128 0x49
 1534 007b 13       		.uleb128 0x13
 1535 007c 2F       		.uleb128 0x2f
 1536 007d 0B       		.uleb128 0xb
 1537 007e 00       		.byte	0
 1538 007f 00       		.byte	0
 1539 0080 0B       		.uleb128 0xb
 1540 0081 16       		.uleb128 0x16
 1541 0082 00       		.byte	0
 1542 0083 03       		.uleb128 0x3
 1543 0084 08       		.uleb128 0x8
 1544 0085 3A       		.uleb128 0x3a
 1545 0086 0B       		.uleb128 0xb
 1546 0087 3B       		.uleb128 0x3b
 1547 0088 0B       		.uleb128 0xb
 1548 0089 49       		.uleb128 0x49
 1549 008a 13       		.uleb128 0x13
 1550 008b 00       		.byte	0
 1551 008c 00       		.byte	0
 1552 008d 0C       		.uleb128 0xc
 1553 008e 2E       		.uleb128 0x2e
 1554 008f 01       		.byte	0x1
 1555 0090 3F       		.uleb128 0x3f
 1556 0091 19       		.uleb128 0x19
 1557 0092 03       		.uleb128 0x3
 1558 0093 0E       		.uleb128 0xe
 1559 0094 3A       		.uleb128 0x3a
 1560 0095 0B       		.uleb128 0xb
 1561 0096 3B       		.uleb128 0x3b
 1562 0097 0B       		.uleb128 0xb
 1563 0098 27       		.uleb128 0x27
 1564 0099 19       		.uleb128 0x19
 1565 009a 11       		.uleb128 0x11
 1566 009b 01       		.uleb128 0x1
 1567 009c 12       		.uleb128 0x12
 1568 009d 06       		.uleb128 0x6
 1569 009e 40       		.uleb128 0x40
 1570 009f 18       		.uleb128 0x18
 1571 00a0 9742     		.uleb128 0x2117
ARM GAS  C:\Users\ABAD_S~1\AppData\Local\Temp\ccwwLJqn.s 			page 31


 1572 00a2 19       		.uleb128 0x19
 1573 00a3 01       		.uleb128 0x1
 1574 00a4 13       		.uleb128 0x13
 1575 00a5 00       		.byte	0
 1576 00a6 00       		.byte	0
 1577 00a7 0D       		.uleb128 0xd
 1578 00a8 05       		.uleb128 0x5
 1579 00a9 00       		.byte	0
 1580 00aa 03       		.uleb128 0x3
 1581 00ab 0E       		.uleb128 0xe
 1582 00ac 3A       		.uleb128 0x3a
 1583 00ad 0B       		.uleb128 0xb
 1584 00ae 3B       		.uleb128 0x3b
 1585 00af 0B       		.uleb128 0xb
 1586 00b0 49       		.uleb128 0x49
 1587 00b1 13       		.uleb128 0x13
 1588 00b2 02       		.uleb128 0x2
 1589 00b3 17       		.uleb128 0x17
 1590 00b4 00       		.byte	0
 1591 00b5 00       		.byte	0
 1592 00b6 0E       		.uleb128 0xe
 1593 00b7 898201   		.uleb128 0x4109
 1594 00ba 00       		.byte	0
 1595 00bb 11       		.uleb128 0x11
 1596 00bc 01       		.uleb128 0x1
 1597 00bd 31       		.uleb128 0x31
 1598 00be 13       		.uleb128 0x13
 1599 00bf 00       		.byte	0
 1600 00c0 00       		.byte	0
 1601 00c1 0F       		.uleb128 0xf
 1602 00c2 898201   		.uleb128 0x4109
 1603 00c5 01       		.byte	0x1
 1604 00c6 11       		.uleb128 0x11
 1605 00c7 01       		.uleb128 0x1
 1606 00c8 31       		.uleb128 0x31
 1607 00c9 13       		.uleb128 0x13
 1608 00ca 01       		.uleb128 0x1
 1609 00cb 13       		.uleb128 0x13
 1610 00cc 00       		.byte	0
 1611 00cd 00       		.byte	0
 1612 00ce 10       		.uleb128 0x10
 1613 00cf 8A8201   		.uleb128 0x410a
 1614 00d2 00       		.byte	0
 1615 00d3 02       		.uleb128 0x2
 1616 00d4 18       		.uleb128 0x18
 1617 00d5 9142     		.uleb128 0x2111
 1618 00d7 18       		.uleb128 0x18
 1619 00d8 00       		.byte	0
 1620 00d9 00       		.byte	0
 1621 00da 11       		.uleb128 0x11
 1622 00db 2E       		.uleb128 0x2e
 1623 00dc 01       		.byte	0x1
 1624 00dd 3F       		.uleb128 0x3f
 1625 00de 19       		.uleb128 0x19
 1626 00df 03       		.uleb128 0x3
 1627 00e0 0E       		.uleb128 0xe
 1628 00e1 3A       		.uleb128 0x3a
ARM GAS  C:\Users\ABAD_S~1\AppData\Local\Temp\ccwwLJqn.s 			page 32


 1629 00e2 0B       		.uleb128 0xb
 1630 00e3 3B       		.uleb128 0x3b
 1631 00e4 0B       		.uleb128 0xb
 1632 00e5 11       		.uleb128 0x11
 1633 00e6 01       		.uleb128 0x1
 1634 00e7 12       		.uleb128 0x12
 1635 00e8 06       		.uleb128 0x6
 1636 00e9 40       		.uleb128 0x40
 1637 00ea 18       		.uleb128 0x18
 1638 00eb 9742     		.uleb128 0x2117
 1639 00ed 19       		.uleb128 0x19
 1640 00ee 01       		.uleb128 0x1
 1641 00ef 13       		.uleb128 0x13
 1642 00f0 00       		.byte	0
 1643 00f1 00       		.byte	0
 1644 00f2 12       		.uleb128 0x12
 1645 00f3 898201   		.uleb128 0x4109
 1646 00f6 01       		.byte	0x1
 1647 00f7 11       		.uleb128 0x11
 1648 00f8 01       		.uleb128 0x1
 1649 00f9 31       		.uleb128 0x31
 1650 00fa 13       		.uleb128 0x13
 1651 00fb 00       		.byte	0
 1652 00fc 00       		.byte	0
 1653 00fd 13       		.uleb128 0x13
 1654 00fe 2E       		.uleb128 0x2e
 1655 00ff 01       		.byte	0x1
 1656 0100 3F       		.uleb128 0x3f
 1657 0101 19       		.uleb128 0x19
 1658 0102 03       		.uleb128 0x3
 1659 0103 0E       		.uleb128 0xe
 1660 0104 3A       		.uleb128 0x3a
 1661 0105 0B       		.uleb128 0xb
 1662 0106 3B       		.uleb128 0x3b
 1663 0107 0B       		.uleb128 0xb
 1664 0108 27       		.uleb128 0x27
 1665 0109 19       		.uleb128 0x19
 1666 010a 49       		.uleb128 0x49
 1667 010b 13       		.uleb128 0x13
 1668 010c 8701     		.uleb128 0x87
 1669 010e 19       		.uleb128 0x19
 1670 010f 11       		.uleb128 0x11
 1671 0110 01       		.uleb128 0x1
 1672 0111 12       		.uleb128 0x12
 1673 0112 06       		.uleb128 0x6
 1674 0113 40       		.uleb128 0x40
 1675 0114 18       		.uleb128 0x18
 1676 0115 9742     		.uleb128 0x2117
 1677 0117 19       		.uleb128 0x19
 1678 0118 01       		.uleb128 0x1
 1679 0119 13       		.uleb128 0x13
 1680 011a 00       		.byte	0
 1681 011b 00       		.byte	0
 1682 011c 14       		.uleb128 0x14
 1683 011d 34       		.uleb128 0x34
 1684 011e 00       		.byte	0
 1685 011f 03       		.uleb128 0x3
ARM GAS  C:\Users\ABAD_S~1\AppData\Local\Temp\ccwwLJqn.s 			page 33


 1686 0120 08       		.uleb128 0x8
 1687 0121 3A       		.uleb128 0x3a
 1688 0122 0B       		.uleb128 0xb
 1689 0123 3B       		.uleb128 0x3b
 1690 0124 0B       		.uleb128 0xb
 1691 0125 49       		.uleb128 0x49
 1692 0126 13       		.uleb128 0x13
 1693 0127 3F       		.uleb128 0x3f
 1694 0128 19       		.uleb128 0x19
 1695 0129 02       		.uleb128 0x2
 1696 012a 18       		.uleb128 0x18
 1697 012b 00       		.byte	0
 1698 012c 00       		.byte	0
 1699 012d 15       		.uleb128 0x15
 1700 012e 34       		.uleb128 0x34
 1701 012f 00       		.byte	0
 1702 0130 03       		.uleb128 0x3
 1703 0131 0E       		.uleb128 0xe
 1704 0132 3A       		.uleb128 0x3a
 1705 0133 0B       		.uleb128 0xb
 1706 0134 3B       		.uleb128 0x3b
 1707 0135 0B       		.uleb128 0xb
 1708 0136 49       		.uleb128 0x49
 1709 0137 13       		.uleb128 0x13
 1710 0138 3F       		.uleb128 0x3f
 1711 0139 19       		.uleb128 0x19
 1712 013a 02       		.uleb128 0x2
 1713 013b 18       		.uleb128 0x18
 1714 013c 00       		.byte	0
 1715 013d 00       		.byte	0
 1716 013e 16       		.uleb128 0x16
 1717 013f 2E       		.uleb128 0x2e
 1718 0140 00       		.byte	0
 1719 0141 3F       		.uleb128 0x3f
 1720 0142 19       		.uleb128 0x19
 1721 0143 3C       		.uleb128 0x3c
 1722 0144 19       		.uleb128 0x19
 1723 0145 6E       		.uleb128 0x6e
 1724 0146 0E       		.uleb128 0xe
 1725 0147 03       		.uleb128 0x3
 1726 0148 0E       		.uleb128 0xe
 1727 0149 3A       		.uleb128 0x3a
 1728 014a 0B       		.uleb128 0xb
 1729 014b 3B       		.uleb128 0x3b
 1730 014c 05       		.uleb128 0x5
 1731 014d 00       		.byte	0
 1732 014e 00       		.byte	0
 1733 014f 17       		.uleb128 0x17
 1734 0150 2E       		.uleb128 0x2e
 1735 0151 00       		.byte	0
 1736 0152 3F       		.uleb128 0x3f
 1737 0153 19       		.uleb128 0x19
 1738 0154 3C       		.uleb128 0x3c
 1739 0155 19       		.uleb128 0x19
 1740 0156 6E       		.uleb128 0x6e
 1741 0157 0E       		.uleb128 0xe
 1742 0158 03       		.uleb128 0x3
ARM GAS  C:\Users\ABAD_S~1\AppData\Local\Temp\ccwwLJqn.s 			page 34


 1743 0159 0E       		.uleb128 0xe
 1744 015a 3A       		.uleb128 0x3a
 1745 015b 0B       		.uleb128 0xb
 1746 015c 3B       		.uleb128 0x3b
 1747 015d 0B       		.uleb128 0xb
 1748 015e 00       		.byte	0
 1749 015f 00       		.byte	0
 1750 0160 00       		.byte	0
 1751              		.section	.debug_loc,"",%progbits
 1752              	.Ldebug_loc0:
 1753              	.LLST0:
 1754 0000 00000000 		.4byte	.LVL0
 1755 0004 07000000 		.4byte	.LVL1-1
 1756 0008 0100     		.2byte	0x1
 1757 000a 50       		.byte	0x50
 1758 000b 07000000 		.4byte	.LVL1-1
 1759 000f 14000000 		.4byte	.LFE33
 1760 0013 0400     		.2byte	0x4
 1761 0015 F3       		.byte	0xf3
 1762 0016 01       		.uleb128 0x1
 1763 0017 50       		.byte	0x50
 1764 0018 9F       		.byte	0x9f
 1765 0019 00000000 		.4byte	0
 1766 001d 00000000 		.4byte	0
 1767              	.LLST1:
 1768 0021 00000000 		.4byte	.LVL4
 1769 0025 07000000 		.4byte	.LVL5-1
 1770 0029 0100     		.2byte	0x1
 1771 002b 50       		.byte	0x50
 1772 002c 07000000 		.4byte	.LVL5-1
 1773 0030 14000000 		.4byte	.LFE34
 1774 0034 0400     		.2byte	0x4
 1775 0036 F3       		.byte	0xf3
 1776 0037 01       		.uleb128 0x1
 1777 0038 50       		.byte	0x50
 1778 0039 9F       		.byte	0x9f
 1779 003a 00000000 		.4byte	0
 1780 003e 00000000 		.4byte	0
 1781              		.section	.debug_aranges,"",%progbits
 1782 0000 34000000 		.4byte	0x34
 1783 0004 0200     		.2byte	0x2
 1784 0006 00000000 		.4byte	.Ldebug_info0
 1785 000a 04       		.byte	0x4
 1786 000b 00       		.byte	0
 1787 000c 0000     		.2byte	0
 1788 000e 0000     		.2byte	0
 1789 0010 00000000 		.4byte	.LFB33
 1790 0014 14000000 		.4byte	.LFE33-.LFB33
 1791 0018 00000000 		.4byte	.LFB34
 1792 001c 14000000 		.4byte	.LFE34-.LFB34
 1793 0020 00000000 		.4byte	.LFB35
 1794 0024 34000000 		.4byte	.LFE35-.LFB35
 1795 0028 00000000 		.4byte	.LFB36
 1796 002c 94010000 		.4byte	.LFE36-.LFB36
 1797 0030 00000000 		.4byte	0
 1798 0034 00000000 		.4byte	0
 1799              		.section	.debug_ranges,"",%progbits
ARM GAS  C:\Users\ABAD_S~1\AppData\Local\Temp\ccwwLJqn.s 			page 35


 1800              	.Ldebug_ranges0:
 1801 0000 00000000 		.4byte	.LFB33
 1802 0004 14000000 		.4byte	.LFE33
 1803 0008 00000000 		.4byte	.LFB34
 1804 000c 14000000 		.4byte	.LFE34
 1805 0010 00000000 		.4byte	.LFB35
 1806 0014 34000000 		.4byte	.LFE35
 1807 0018 00000000 		.4byte	.LFB36
 1808 001c 94010000 		.4byte	.LFE36
 1809 0020 00000000 		.4byte	0
 1810 0024 00000000 		.4byte	0
 1811              		.section	.debug_line,"",%progbits
 1812              	.Ldebug_line0:
 1813 0000 1D020000 		.section	.debug_str,"MS",%progbits,1
 1813      02009301 
 1813      00000201 
 1813      FB0E0D00 
 1813      01010101 
 1814              	.LASF6:
 1815 0000 6C6F6E67 		.ascii	"long long int\000"
 1815      206C6F6E 
 1815      6720696E 
 1815      7400
 1816              	.LASF18:
 1817 000e 75696442 		.ascii	"uidByte\000"
 1817      79746500 
 1818              	.LASF37:
 1819 0016 636C6561 		.ascii	"clear\000"
 1819      7200
 1820              	.LASF47:
 1821 001c 47726565 		.ascii	"GreenLedBlink\000"
 1821      6E4C6564 
 1821      426C696E 
 1821      6B00
 1822              	.LASF22:
 1823 002a 41646472 		.ascii	"Addr\000"
 1823      00
 1824              	.LASF3:
 1825 002f 73686F72 		.ascii	"short unsigned int\000"
 1825      7420756E 
 1825      7369676E 
 1825      65642069 
 1825      6E7400
 1826              	.LASF34:
 1827 0042 5043445F 		.ascii	"PCD_AntennaOn\000"
 1827      416E7465 
 1827      6E6E614F 
 1827      6E00
 1828              	.LASF23:
 1829 0050 73746174 		.ascii	"status\000"
 1829      757300
 1830              	.LASF30:
 1831 0057 4932435F 		.ascii	"I2C_Start\000"
 1831      53746172 
 1831      7400
 1832              	.LASF12:
 1833 0061 666C6F61 		.ascii	"float\000"
ARM GAS  C:\Users\ABAD_S~1\AppData\Local\Temp\ccwwLJqn.s 			page 36


 1833      7400
 1834              	.LASF17:
 1835 0067 73697A65 		.ascii	"size\000"
 1835      00
 1836              	.LASF9:
 1837 006c 5F5F7569 		.ascii	"__uint32_t\000"
 1837      6E743332 
 1837      5F7400
 1838              	.LASF42:
 1839 0077 5043445F 		.ascii	"PCD_SetRegisterBitMask\000"
 1839      53657452 
 1839      65676973 
 1839      74657242 
 1839      69744D61 
 1840              	.LASF5:
 1841 008e 6C6F6E67 		.ascii	"long unsigned int\000"
 1841      20756E73 
 1841      69676E65 
 1841      6420696E 
 1841      7400
 1842              	.LASF24:
 1843 00a0 50574D5F 		.ascii	"PWM_1_Start\000"
 1843      315F5374 
 1843      61727400 
 1844              	.LASF33:
 1845 00ac 62656769 		.ascii	"begin\000"
 1845      6E00
 1846              	.LASF41:
 1847 00b2 5043445F 		.ascii	"PCD_ClearRegisterBitMask\000"
 1847      436C6561 
 1847      72526567 
 1847      69737465 
 1847      72426974 
 1848              	.LASF20:
 1849 00cb 47726565 		.ascii	"GreenLed\000"
 1849      6E4C6564 
 1849      00
 1850              	.LASF13:
 1851 00d4 646F7562 		.ascii	"double\000"
 1851      6C6500
 1852              	.LASF38:
 1853 00db 4C43445F 		.ascii	"LCD_print\000"
 1853      7072696E 
 1853      7400
 1854              	.LASF27:
 1855 00e5 50574D5F 		.ascii	"PWM_2_Start\000"
 1855      325F5374 
 1855      61727400 
 1856              	.LASF2:
 1857 00f1 73686F72 		.ascii	"short int\000"
 1857      7420696E 
 1857      7400
 1858              	.LASF11:
 1859 00fb 75696E74 		.ascii	"uint16\000"
 1859      313600
 1860              	.LASF21:
 1861 0102 4D696C6C 		.ascii	"Milliseconds\000"
ARM GAS  C:\Users\ABAD_S~1\AppData\Local\Temp\ccwwLJqn.s 			page 37


 1861      69736563 
 1861      6F6E6473 
 1861      00
 1862              	.LASF26:
 1863 010f 50574D5F 		.ascii	"PWM_1_Stop\000"
 1863      315F5374 
 1863      6F7000
 1864              	.LASF1:
 1865 011a 756E7369 		.ascii	"unsigned char\000"
 1865      676E6564 
 1865      20636861 
 1865      7200
 1866              	.LASF8:
 1867 0128 756E7369 		.ascii	"unsigned int\000"
 1867      676E6564 
 1867      20696E74 
 1867      00
 1868              	.LASF7:
 1869 0135 6C6F6E67 		.ascii	"long long unsigned int\000"
 1869      206C6F6E 
 1869      6720756E 
 1869      7369676E 
 1869      65642069 
 1870              	.LASF19:
 1871 014c 42656570 		.ascii	"Beep\000"
 1871      00
 1872              	.LASF48:
 1873 0151 6D61696E 		.ascii	"main\000"
 1873      00
 1874              	.LASF44:
 1875 0156 474E5520 		.ascii	"GNU C11 5.4.1 20160609 (release) [ARM/embedded-5-br"
 1875      43313120 
 1875      352E342E 
 1875      31203230 
 1875      31363036 
 1876 0189 616E6368 		.ascii	"anch revision 237715] -mcpu=cortex-m0 -mthumb -g -O"
 1876      20726576 
 1876      6973696F 
 1876      6E203233 
 1876      37373135 
 1877 01bc 67202D66 		.ascii	"g -ffunction-sections -ffat-lto-objects\000"
 1877      66756E63 
 1877      74696F6E 
 1877      2D736563 
 1877      74696F6E 
 1878              	.LASF32:
 1879 01e4 5043445F 		.ascii	"PCD_Init\000"
 1879      496E6974 
 1879      00
 1880              	.LASF43:
 1881 01ed 73657443 		.ascii	"setCursor\000"
 1881      7572736F 
 1881      7200
 1882              	.LASF16:
 1883 01f7 73697A65 		.ascii	"sizetype\000"
 1883      74797065 
 1883      00
ARM GAS  C:\Users\ABAD_S~1\AppData\Local\Temp\ccwwLJqn.s 			page 38


 1884              	.LASF40:
 1885 0200 5043445F 		.ascii	"PCD_WriteRegister\000"
 1885      57726974 
 1885      65526567 
 1885      69737465 
 1885      7200
 1886              	.LASF31:
 1887 0212 4C697175 		.ascii	"LiquidCrystal_I2C_init\000"
 1887      69644372 
 1887      79737461 
 1887      6C5F4932 
 1887      435F696E 
 1888              	.LASF35:
 1889 0229 5043445F 		.ascii	"PCD_ReadRegister\000"
 1889      52656164 
 1889      52656769 
 1889      73746572 
 1889      00
 1890              	.LASF45:
 1891 023a 6D61696E 		.ascii	"main.c\000"
 1891      2E6300
 1892              	.LASF14:
 1893 0241 63686172 		.ascii	"char\000"
 1893      00
 1894              	.LASF39:
 1895 0246 5043445F 		.ascii	"PCD_Reset\000"
 1895      52657365 
 1895      7400
 1896              	.LASF46:
 1897 0250 433A5C55 		.ascii	"C:\\Users\\Abad_Sethi\\Desktop\\AbadPxl\\2-EAI\\Pro"
 1897      73657273 
 1897      5C416261 
 1897      645F5365 
 1897      7468695C 
 1898 027d 6A656374 		.ascii	"ject_Onderzoek\\Autonomous_Cart\\AutonomousCart\\RF"
 1898      5F4F6E64 
 1898      65727A6F 
 1898      656B5C41 
 1898      75746F6E 
 1899 02ad 49445F52 		.ascii	"ID_Reader_PSOC.cydsn\000"
 1899      65616465 
 1899      725F5053 
 1899      4F432E63 
 1899      7964736E 
 1900              	.LASF36:
 1901 02c2 5043445F 		.ascii	"PCD_AntennaOff\000"
 1901      416E7465 
 1901      6E6E614F 
 1901      666600
 1902              	.LASF10:
 1903 02d1 75696E74 		.ascii	"uint32_t\000"
 1903      33325F74 
 1903      00
 1904              	.LASF4:
 1905 02da 6C6F6E67 		.ascii	"long int\000"
 1905      20696E74 
 1905      00
ARM GAS  C:\Users\ABAD_S~1\AppData\Local\Temp\ccwwLJqn.s 			page 39


 1906              	.LASF15:
 1907 02e3 6C6F6E67 		.ascii	"long double\000"
 1907      20646F75 
 1907      626C6500 
 1908              	.LASF0:
 1909 02ef 7369676E 		.ascii	"signed char\000"
 1909      65642063 
 1909      68617200 
 1910              	.LASF28:
 1911 02fb 50574D5F 		.ascii	"PWM_2_Stop\000"
 1911      325F5374 
 1911      6F7000
 1912              	.LASF29:
 1913 0306 5350495F 		.ascii	"SPI_Start\000"
 1913      53746172 
 1913      7400
 1914              	.LASF25:
 1915 0310 43794465 		.ascii	"CyDelay\000"
 1915      6C617900 
 1916              		.ident	"GCC: (GNU Tools for ARM Embedded Processors) 5.4.1 20160609 (release) [ARM/embedded-5-bran
