Loading plugins phase: Elapsed time ==> 0s.359ms
<CYPRESSTAG name="CyDsfit arguments...">
cydsfit arguments: -.fdsnotice -.fdswarpdepfile=warp_dependencies.txt -.fdselabdepfile=elab_dependencies.txt -.fdsbldfile=generated_files.txt -.fdsreffile=referenced_files.txt -p C:\Users\Abad_Sethi\Desktop\AbadPxl\2-EAI\Project_Onderzoek\Autonomous_Cart\AutonomousCart\I2C_LCD_PSOC.cydsn\I2C_LCD_PSOC.cyprj -d CY8C4245AXI-483 -s C:\Users\Abad_Sethi\Desktop\AbadPxl\2-EAI\Project_Onderzoek\Autonomous_Cart\AutonomousCart\I2C_LCD_PSOC.cydsn\Generated_Source\PSoC4 -- -yv2 -q10 -ygs -o2 -v3 -.fftcfgtype=LE
</CYPRESSTAG>
<CYPRESSTAG name="Design elaboration results...">
</CYPRESSTAG>
Elaboration phase: Elapsed time ==> 2s.569ms
<CYPRESSTAG name="HDL generation results...">
</CYPRESSTAG>
HDL generation phase: Elapsed time ==> 0s.169ms
<CYPRESSTAG name="Synthesis results...">

     | | | | | | |
   _________________
  -|               |-
  -|               |-
  -|               |-
  -|    CYPRESS    |-
  -|               |-
  -|               |-   Warp Verilog Synthesis Compiler: Version 6.3 IR 41
  -|               |-   Copyright (C) 1991-2001 Cypress Semiconductor
   |_______________|
     | | | | | | |

======================================================================
Compiling:  I2C_LCD_PSOC.v
Program  :   C:\Program Files (x86)\Cypress\PSoC Creator\4.2\PSoC Creator\warp\bin\warp.exe
Options  :    -yv2 -q10 -ygs -o2 -v3 -.fftcfgtype=LE -ya -.fftprj=C:\Users\Abad_Sethi\Desktop\AbadPxl\2-EAI\Project_Onderzoek\Autonomous_Cart\AutonomousCart\I2C_LCD_PSOC.cydsn\I2C_LCD_PSOC.cyprj -dcpsoc3 I2C_LCD_PSOC.v -verilog
======================================================================

======================================================================
Compiling:  I2C_LCD_PSOC.v
Program  :   C:\Program Files (x86)\Cypress\PSoC Creator\4.2\PSoC Creator\warp\bin\warp.exe
Options  :    -yv2 -q10 -ygs -o2 -v3 -.fftcfgtype=LE -ya -.fftprj=C:\Users\Abad_Sethi\Desktop\AbadPxl\2-EAI\Project_Onderzoek\Autonomous_Cart\AutonomousCart\I2C_LCD_PSOC.cydsn\I2C_LCD_PSOC.cyprj -dcpsoc3 I2C_LCD_PSOC.v -verilog
======================================================================

======================================================================
Compiling:  I2C_LCD_PSOC.v
Program  :   vlogfe
Options  :    -yv2 -q10 -ygs -o2 -v3 -.fftcfgtype=LE -ya -.fftprj=C:\Users\Abad_Sethi\Desktop\AbadPxl\2-EAI\Project_Onderzoek\Autonomous_Cart\AutonomousCart\I2C_LCD_PSOC.cydsn\I2C_LCD_PSOC.cyprj -dcpsoc3 -verilog I2C_LCD_PSOC.v
======================================================================

vlogfe V6.3 IR 41:  Verilog parser
Sun Mar 29 16:39:19 2020


======================================================================
Compiling:  I2C_LCD_PSOC.v
Program  :   vpp
Options  :    -yv2 -q10 I2C_LCD_PSOC.v
======================================================================

vpp V6.3 IR 41:  Verilog Pre-Processor
Sun Mar 29 16:39:19 2020

Flattening file 'C:\Program Files (x86)\Cypress\PSoC Creator\4.2\PSoC Creator\psoc\content\CyPrimitives\cyprimitives.cylib\cy_virtualmux_v1_0\cy_virtualmux_v1_0.v'
Flattening file 'C:\Program Files (x86)\Cypress\PSoC Creator\4.2\PSoC Creator\psoc\content\CyPrimitives\cyprimitives.cylib\ZeroTerminal\ZeroTerminal.v'
Flattening file 'C:\Program Files (x86)\Cypress\PSoC Creator\4.2\PSoC Creator\psoc\content\CyPrimitives\cyprimitives.cylib\or_v1_0\or_v1_0.v'
Flattening file 'C:\Program Files (x86)\Cypress\PSoC Creator\4.2\PSoC Creator\psoc\content\CyPrimitives\cyprimitives.cylib\cy_constant_v1_0\cy_constant_v1_0.v'
Flattening file 'C:\Program Files (x86)\Cypress\PSoC Creator\4.2\PSoC Creator\psoc\content\CyComponentLibrary\CyComponentLibrary.cylib\B_SPI_Master_v2_50\B_SPI_Master_v2_50.v'
Flattening file 'C:\Program Files (x86)\Cypress\PSoC Creator\4.2\PSoC Creator\warp\lib\common\cypress.v'
Flattening file 'C:\Program Files (x86)\Cypress\PSoC Creator\4.2\PSoC Creator\warp\lib\common\cy_psoc3_inc.v'

vpp:  No errors.

Library 'work' => directory 'lcpsoc3'
General_symbol_table
General_symbol_table
Linking 'C:\Program Files (x86)\Cypress\PSoC Creator\4.2\PSoC Creator\warp\lib\common\std.vhd'.
Linking 'C:\Program Files (x86)\Cypress\PSoC Creator\4.2\PSoC Creator\warp\lib\common\cypress.vhd'.
Linking 'C:\Program Files (x86)\Cypress\PSoC Creator\4.2\PSoC Creator\warp\lib\common\work\cypress.vif'.
Linking 'C:\Program Files (x86)\Cypress\PSoC Creator\4.2\PSoC Creator\warp\lib\ieee\work\stdlogic.vif'.
Linking 'C:\Program Files (x86)\Cypress\PSoC Creator\4.2\PSoC Creator\warp\lib\common\stdlogic\lpmpkg.vif'.
Linking 'C:\Program Files (x86)\Cypress\PSoC Creator\4.2\PSoC Creator\warp\lib\common\stdlogic\rtlpkg.vif'.
Linking 'C:\Program Files (x86)\Cypress\PSoC Creator\4.2\PSoC Creator\warp\lib\common\stdlogic\mod_cnst.vif'.
Linking 'C:\Program Files (x86)\Cypress\PSoC Creator\4.2\PSoC Creator\warp\lib\common\stdlogic\mod_mthv.vif'.
Linking 'C:\Program Files (x86)\Cypress\PSoC Creator\4.2\PSoC Creator\warp\lib\common\stdlogic\mod_genv.vif'.
Using control file 'I2C_LCD_PSOC.ctl'.
Linking 'C:\Program Files (x86)\Cypress\PSoC Creator\4.2\PSoC Creator\warp\lib\common\stdlogic\cy_psoc3pkg.vif'.
Linking 'C:\Program Files (x86)\Cypress\PSoC Creator\4.2\PSoC Creator\warp\lib\common\stdlogic\cy_psoc3.vif'.

vlogfe:  No errors.


======================================================================
Compiling:  I2C_LCD_PSOC.v
Program  :   tovif
Options  :    -yv2 -q10 -ygs -o2 -v3 -.fftcfgtype=LE -ya -.fftprj=C:\Users\Abad_Sethi\Desktop\AbadPxl\2-EAI\Project_Onderzoek\Autonomous_Cart\AutonomousCart\I2C_LCD_PSOC.cydsn\I2C_LCD_PSOC.cyprj -dcpsoc3 -verilog I2C_LCD_PSOC.v
======================================================================

tovif V6.3 IR 41:  High-level synthesis
Sun Mar 29 16:39:20 2020

Linking 'C:\Program Files (x86)\Cypress\PSoC Creator\4.2\PSoC Creator\warp\lib\common\std.vhd'.
Linking 'C:\Program Files (x86)\Cypress\PSoC Creator\4.2\PSoC Creator\warp\lib\common\cypress.vhd'.
Linking 'C:\Program Files (x86)\Cypress\PSoC Creator\4.2\PSoC Creator\warp\lib\common\work\cypress.vif'.
Linking 'C:\Program Files (x86)\Cypress\PSoC Creator\4.2\PSoC Creator\warp\lib\ieee\work\stdlogic.vif'.
Linking 'C:\Program Files (x86)\Cypress\PSoC Creator\4.2\PSoC Creator\warp\lib\common\stdlogic\lpmpkg.vif'.
Linking 'C:\Program Files (x86)\Cypress\PSoC Creator\4.2\PSoC Creator\warp\lib\common\stdlogic\rtlpkg.vif'.
Linking 'C:\Program Files (x86)\Cypress\PSoC Creator\4.2\PSoC Creator\warp\lib\common\stdlogic\mod_cnst.vif'.
Linking 'C:\Program Files (x86)\Cypress\PSoC Creator\4.2\PSoC Creator\warp\lib\common\stdlogic\mod_mthv.vif'.
Linking 'C:\Program Files (x86)\Cypress\PSoC Creator\4.2\PSoC Creator\warp\lib\common\stdlogic\mod_genv.vif'.
Linking 'C:\Users\Abad_Sethi\Desktop\AbadPxl\2-EAI\Project_Onderzoek\Autonomous_Cart\AutonomousCart\I2C_LCD_PSOC.cydsn\codegentemp\I2C_LCD_PSOC.ctl'.
Linking 'C:\Program Files (x86)\Cypress\PSoC Creator\4.2\PSoC Creator\psoc\content\CyPrimitives\cyprimitives.cylib\cy_virtualmux_v1_0\cy_virtualmux_v1_0.v'.
Linking 'C:\Users\Abad_Sethi\Desktop\AbadPxl\2-EAI\Project_Onderzoek\Autonomous_Cart\AutonomousCart\I2C_LCD_PSOC.cydsn\codegentemp\I2C_LCD_PSOC.v'.
Linking 'C:\Program Files (x86)\Cypress\PSoC Creator\4.2\PSoC Creator\psoc\content\CyPrimitives\cyprimitives.cylib\ZeroTerminal\ZeroTerminal.v'.
Linking 'C:\Program Files (x86)\Cypress\PSoC Creator\4.2\PSoC Creator\psoc\content\CyPrimitives\cyprimitives.cylib\or_v1_0\or_v1_0.v'.
Linking 'C:\Program Files (x86)\Cypress\PSoC Creator\4.2\PSoC Creator\psoc\content\CyPrimitives\cyprimitives.cylib\cy_constant_v1_0\cy_constant_v1_0.v'.
Linking 'C:\Program Files (x86)\Cypress\PSoC Creator\4.2\PSoC Creator\psoc\content\CyComponentLibrary\CyComponentLibrary.cylib\B_SPI_Master_v2_50\B_SPI_Master_v2_50.v'.
Linking 'C:\Program Files (x86)\Cypress\PSoC Creator\4.2\PSoC Creator\warp\lib\common\cypress.v'.
Linking 'C:\Program Files (x86)\Cypress\PSoC Creator\4.2\PSoC Creator\warp\lib\common\cy_psoc3_inc.v'.
Linking 'C:\Program Files (x86)\Cypress\PSoC Creator\4.2\PSoC Creator\warp\lib\common\stdlogic\cy_psoc3pkg.vif'.
Linking 'C:\Program Files (x86)\Cypress\PSoC Creator\4.2\PSoC Creator\warp\lib\common\stdlogic\cy_psoc3.vif'.

tovif:  No errors.


======================================================================
Compiling:  I2C_LCD_PSOC.v
Program  :   topld
Options  :    -yv2 -q10 -ygs -o2 -v3 -.fftcfgtype=LE -ya -.fftprj=C:\Users\Abad_Sethi\Desktop\AbadPxl\2-EAI\Project_Onderzoek\Autonomous_Cart\AutonomousCart\I2C_LCD_PSOC.cydsn\I2C_LCD_PSOC.cyprj -dcpsoc3 -verilog I2C_LCD_PSOC.v
======================================================================

topld V6.3 IR 41:  Synthesis and optimization
Sun Mar 29 16:39:20 2020

Linking 'C:\Program Files (x86)\Cypress\PSoC Creator\4.2\PSoC Creator\warp\lib\common\std.vhd'.
Linking 'C:\Program Files (x86)\Cypress\PSoC Creator\4.2\PSoC Creator\warp\lib\common\cypress.vhd'.
Linking 'C:\Program Files (x86)\Cypress\PSoC Creator\4.2\PSoC Creator\warp\lib\common\work\cypress.vif'.
Linking 'C:\Program Files (x86)\Cypress\PSoC Creator\4.2\PSoC Creator\warp\lib\ieee\work\stdlogic.vif'.
Linking 'C:\Program Files (x86)\Cypress\PSoC Creator\4.2\PSoC Creator\warp\lib\common\stdlogic\lpmpkg.vif'.
Linking 'C:\Program Files (x86)\Cypress\PSoC Creator\4.2\PSoC Creator\warp\lib\common\stdlogic\rtlpkg.vif'.
Linking 'C:\Program Files (x86)\Cypress\PSoC Creator\4.2\PSoC Creator\warp\lib\common\stdlogic\mod_cnst.vif'.
Linking 'C:\Program Files (x86)\Cypress\PSoC Creator\4.2\PSoC Creator\warp\lib\common\stdlogic\mod_mthv.vif'.
Linking 'C:\Program Files (x86)\Cypress\PSoC Creator\4.2\PSoC Creator\warp\lib\common\stdlogic\mod_genv.vif'.
Linking 'C:\Users\Abad_Sethi\Desktop\AbadPxl\2-EAI\Project_Onderzoek\Autonomous_Cart\AutonomousCart\I2C_LCD_PSOC.cydsn\codegentemp\I2C_LCD_PSOC.ctl'.
Linking 'C:\Program Files (x86)\Cypress\PSoC Creator\4.2\PSoC Creator\psoc\content\CyPrimitives\cyprimitives.cylib\cy_virtualmux_v1_0\cy_virtualmux_v1_0.v'.
Linking 'C:\Users\Abad_Sethi\Desktop\AbadPxl\2-EAI\Project_Onderzoek\Autonomous_Cart\AutonomousCart\I2C_LCD_PSOC.cydsn\codegentemp\I2C_LCD_PSOC.v'.
Linking 'C:\Program Files (x86)\Cypress\PSoC Creator\4.2\PSoC Creator\psoc\content\CyPrimitives\cyprimitives.cylib\ZeroTerminal\ZeroTerminal.v'.
Linking 'C:\Program Files (x86)\Cypress\PSoC Creator\4.2\PSoC Creator\psoc\content\CyPrimitives\cyprimitives.cylib\or_v1_0\or_v1_0.v'.
Linking 'C:\Program Files (x86)\Cypress\PSoC Creator\4.2\PSoC Creator\psoc\content\CyPrimitives\cyprimitives.cylib\cy_constant_v1_0\cy_constant_v1_0.v'.
Linking 'C:\Program Files (x86)\Cypress\PSoC Creator\4.2\PSoC Creator\psoc\content\CyComponentLibrary\CyComponentLibrary.cylib\B_SPI_Master_v2_50\B_SPI_Master_v2_50.v'.
Linking 'C:\Program Files (x86)\Cypress\PSoC Creator\4.2\PSoC Creator\warp\lib\common\cypress.v'.
Linking 'C:\Program Files (x86)\Cypress\PSoC Creator\4.2\PSoC Creator\warp\lib\common\cy_psoc3_inc.v'.
Linking 'C:\Program Files (x86)\Cypress\PSoC Creator\4.2\PSoC Creator\warp\lib\common\stdlogic\cy_psoc3pkg.vif'.
Linking 'C:\Program Files (x86)\Cypress\PSoC Creator\4.2\PSoC Creator\warp\lib\common\stdlogic\cy_psoc3.vif'.
Linking 'C:\Program Files (x86)\Cypress\PSoC Creator\4.2\PSoC Creator\warp\lib\lcpsoc3\stdlogic\cpsoc3.vif'.

----------------------------------------------------------
Detecting unused logic.
----------------------------------------------------------
    User names
	\I2C:Net_1257\
	\I2C:uncfg_rx_irq\
	\I2C:Net_1099\
	\I2C:Net_1258\
	Net_130
	Net_139
	Net_140
	Net_141
	Net_142
	Net_143
	Net_144
	Net_145
	Net_147
	Net_148
	Net_165
	\SPI:BSPIM:mosi_after_ld\
	\SPI:BSPIM:so_send\
	\SPI:BSPIM:mosi_fin\
	\SPI:BSPIM:mosi_cpha_0\
	\SPI:BSPIM:mosi_cpha_1\
	\SPI:BSPIM:pre_mosi\
	\SPI:BSPIM:dpcounter_zero\
	\SPI:BSPIM:control_7\
	\SPI:BSPIM:control_6\
	\SPI:BSPIM:control_5\
	\SPI:BSPIM:control_4\
	\SPI:BSPIM:control_3\
	\SPI:BSPIM:control_2\
	\SPI:BSPIM:control_1\
	\SPI:BSPIM:control_0\
	\SPI:Net_294\


Deleted 31 User equations/components.
Deleted 0 Synthesized equations/components.

------------------------------------------------------
Alias Detection
------------------------------------------------------
Aliasing one to tmpOE__MISO_net_0
Aliasing \I2C:select_s_wire\ to zero
Aliasing \I2C:rx_wire\ to zero
Aliasing \I2C:sclk_s_wire\ to zero
Aliasing \I2C:mosi_s_wire\ to zero
Aliasing \I2C:miso_m_wire\ to zero
Aliasing \I2C:tmpOE__sda_net_0\ to tmpOE__MISO_net_0
Aliasing \I2C:tmpOE__scl_net_0\ to tmpOE__MISO_net_0
Aliasing \I2C:cts_wire\ to zero
Aliasing \SPI:BSPIM:pol_supprt\ to zero
Aliasing \SPI:BSPIM:tx_status_3\ to \SPI:BSPIM:load_rx_data\
Aliasing \SPI:BSPIM:tx_status_6\ to zero
Aliasing \SPI:BSPIM:tx_status_5\ to zero
Aliasing \SPI:BSPIM:rx_status_3\ to zero
Aliasing \SPI:BSPIM:rx_status_2\ to zero
Aliasing \SPI:BSPIM:rx_status_1\ to zero
Aliasing \SPI:BSPIM:rx_status_0\ to zero
Aliasing \SPI:Net_289\ to zero
Aliasing tmpOE__MOSI_net_0 to tmpOE__MISO_net_0
Aliasing tmpOE__SCK_net_0 to tmpOE__MISO_net_0
Aliasing tmpOE__SDA_net_0 to tmpOE__MISO_net_0
Aliasing tmpOE__RESET_net_0 to tmpOE__MISO_net_0
Aliasing tmpOE__LED_net_0 to tmpOE__MISO_net_0
Aliasing \SPI:BSPIM:so_send_reg\\D\ to zero
Aliasing \SPI:BSPIM:mosi_pre_reg\\D\ to zero
Aliasing \SPI:BSPIM:dpcounter_one_reg\\D\ to \SPI:BSPIM:load_rx_data\
Removing Lhs of wire one[6] = tmpOE__MISO_net_0[1]
Removing Lhs of wire \I2C:select_s_wire\[10] = zero[2]
Removing Lhs of wire \I2C:rx_wire\[11] = zero[2]
Removing Lhs of wire \I2C:Net_1170\[14] = \I2C:Net_847\[9]
Removing Lhs of wire \I2C:sclk_s_wire\[15] = zero[2]
Removing Lhs of wire \I2C:mosi_s_wire\[16] = zero[2]
Removing Lhs of wire \I2C:miso_m_wire\[17] = zero[2]
Removing Lhs of wire \I2C:tmpOE__sda_net_0\[19] = tmpOE__MISO_net_0[1]
Removing Lhs of wire \I2C:tmpOE__scl_net_0\[25] = tmpOE__MISO_net_0[1]
Removing Lhs of wire \I2C:cts_wire\[34] = zero[2]
Removing Rhs of wire \SPI:Net_276\[59] = \SPI:Net_288\[60]
Removing Rhs of wire \SPI:BSPIM:load_rx_data\[64] = \SPI:BSPIM:dpcounter_one\[65]
Removing Lhs of wire \SPI:BSPIM:pol_supprt\[66] = zero[2]
Removing Lhs of wire \SPI:BSPIM:miso_to_dp\[67] = \SPI:Net_244\[68]
Removing Lhs of wire \SPI:Net_244\[68] = Net_164[3]
Removing Rhs of wire Net_163[72] = \SPI:BSPIM:mosi_reg\[73]
Removing Rhs of wire \SPI:BSPIM:tx_status_1\[95] = \SPI:BSPIM:dpMOSI_fifo_empty\[96]
Removing Rhs of wire \SPI:BSPIM:tx_status_2\[97] = \SPI:BSPIM:dpMOSI_fifo_not_full\[98]
Removing Lhs of wire \SPI:BSPIM:tx_status_3\[99] = \SPI:BSPIM:load_rx_data\[64]
Removing Rhs of wire \SPI:BSPIM:rx_status_4\[101] = \SPI:BSPIM:dpMISO_fifo_full\[102]
Removing Rhs of wire \SPI:BSPIM:rx_status_5\[103] = \SPI:BSPIM:dpMISO_fifo_not_empty\[104]
Removing Lhs of wire \SPI:BSPIM:tx_status_6\[106] = zero[2]
Removing Lhs of wire \SPI:BSPIM:tx_status_5\[107] = zero[2]
Removing Lhs of wire \SPI:BSPIM:rx_status_3\[108] = zero[2]
Removing Lhs of wire \SPI:BSPIM:rx_status_2\[109] = zero[2]
Removing Lhs of wire \SPI:BSPIM:rx_status_1\[110] = zero[2]
Removing Lhs of wire \SPI:BSPIM:rx_status_0\[111] = zero[2]
Removing Lhs of wire \SPI:Net_273\[121] = zero[2]
Removing Lhs of wire \SPI:Net_289\[161] = zero[2]
Removing Lhs of wire tmpOE__MOSI_net_0[163] = tmpOE__MISO_net_0[1]
Removing Lhs of wire tmpOE__SCK_net_0[169] = tmpOE__MISO_net_0[1]
Removing Lhs of wire tmpOE__SDA_net_0[175] = tmpOE__MISO_net_0[1]
Removing Lhs of wire tmpOE__RESET_net_0[181] = tmpOE__MISO_net_0[1]
Removing Lhs of wire tmpOE__LED_net_0[187] = tmpOE__MISO_net_0[1]
Removing Lhs of wire \SPI:BSPIM:so_send_reg\\D\[192] = zero[2]
Removing Lhs of wire \SPI:BSPIM:mosi_pre_reg\\D\[198] = zero[2]
Removing Lhs of wire \SPI:BSPIM:dpcounter_one_reg\\D\[200] = \SPI:BSPIM:load_rx_data\[64]
Removing Lhs of wire \SPI:BSPIM:mosi_from_dp_reg\\D\[201] = \SPI:BSPIM:mosi_from_dp\[79]

------------------------------------------------------
Aliased 0 equations, 38 wires.
------------------------------------------------------

----------------------------------------------------------
Circuit simplification
----------------------------------------------------------

Substituting virtuals - pass 1:

Note:  Expanding virtual equation for 'zero' (cost = 0):
zero <=  ('0') ;

Note:  Expanding virtual equation for '\SPI:BSPIM:load_rx_data\' (cost = 1):
\SPI:BSPIM:load_rx_data\ <= ((not \SPI:BSPIM:count_4\ and not \SPI:BSPIM:count_3\ and not \SPI:BSPIM:count_2\ and not \SPI:BSPIM:count_1\ and \SPI:BSPIM:count_0\));


Substituting virtuals - pass 2:


----------------------------------------------------------
Circuit simplification results:

	Expanded 2 signals.
	Turned 0 signals into soft nodes.
	Maximum default expansion cost was set at 3.
----------------------------------------------------------

------------------------------------------------------
Alias Detection
------------------------------------------------------

------------------------------------------------------
Aliased 0 equations, 0 wires.
------------------------------------------------------

Last attempt to remove unused logic - pass 1:


Last attempt to remove unused logic - pass 2:


topld:  No errors.

CYPRESS_DIR    : C:\Program Files (x86)\Cypress\PSoC Creator\4.2\PSoC Creator\warp
Warp Program   : C:\Program Files (x86)\Cypress\PSoC Creator\4.2\PSoC Creator\warp\bin\warp.exe
Warp Arguments : -yv2 -q10 -ygs -o2 -v3 -.fftcfgtype=LE -ya -.fftprj=C:\Users\Abad_Sethi\Desktop\AbadPxl\2-EAI\Project_Onderzoek\Autonomous_Cart\AutonomousCart\I2C_LCD_PSOC.cydsn\I2C_LCD_PSOC.cyprj -dcpsoc3 I2C_LCD_PSOC.v -verilog
</CYPRESSTAG>
Warp synthesis phase: Elapsed time ==> 1s.556ms
<CYPRESSTAG name="Fitter results...">
<CYPRESSTAG name="Fitter startup details...">
cyp3fit: V4.2.0.641, Family: PSoC3, Started at: Sunday, 29 March 2020 16:39:21
Options: -yv2 -q10 -ygs -o2 -v3 -.fftcfgtype=LE -ya -.fftprj=C:\Users\Abad_Sethi\Desktop\AbadPxl\2-EAI\Project_Onderzoek\Autonomous_Cart\AutonomousCart\I2C_LCD_PSOC.cydsn\I2C_LCD_PSOC.cyprj -d CY8C4245AXI-483 I2C_LCD_PSOC.v -verilog
</CYPRESSTAG>
<CYPRESSTAG name="Design parsing">
Design parsing phase: Elapsed time ==> 0s.022ms
</CYPRESSTAG>
<CYPRESSTAG name="Tech Mapping">
<CYPRESSTAG name="Initial Mapping" icon="FILE_RPT_TECHM">
    Converted constant MacroCell: \SPI:BSPIM:so_send_reg\ from registered to combinatorial
    Converted constant MacroCell: \SPI:BSPIM:mosi_pre_reg\ from registered to combinatorial

Removing unused cells resulting from optimization
Done removing unused cells.
<CYPRESSTAG name="Global Clock Selection" icon="FILE_RPT_TECHM">
    Fixed Function Clock 2: Automatic-assigning  clock 'I2C_SCBCLK'. Signal=\I2C:Net_847_ff2\
    Digital Clock 0: Automatic-assigning  clock 'SPI_IntClock'. Fanout=1, Signal=\SPI:Net_276_digital\
<CYPRESSTAG name="UDB Clock/Enable Remapping Results">
    UDB Clk/Enable \SPI:BSPIM:ClkEn\: with output requested to be synchronous
        ClockIn: ClockGenBlock:m0s8clockgenblockcell.gen_clk_out_0 was determined to be a global clock that is synchronous to HFClk
        EnableIn: Constant 1 was determined to be synchronous to ClockIn
        ClockOut: ClockGenBlock:m0s8clockgenblockcell.gen_clk_out_0, EnableOut: Constant 1
</CYPRESSTAG>
</CYPRESSTAG>

Removing unused cells resulting from optimization
Done removing unused cells.

Removing unused cells resulting from optimization
Done removing unused cells.
<CYPRESSTAG name="Duplicate Macrocell detection">
</CYPRESSTAG>
</CYPRESSTAG>
<CYPRESSTAG name="Duplicate Macrocell detection">
</CYPRESSTAG>
<CYPRESSTAG name="Design Equations" icon="FILE_RPT_EQUATION">

------------------------------------------------------------
Design Equations
------------------------------------------------------------
    <CYPRESSTAG name="Pin listing">

    ------------------------------------------------------------
    Pin listing
    ------------------------------------------------------------

    Pin : Name = MISO(0)
        Attributes:
            In Group/Port: True
            In Sync Option: NOSYNC
            Out Sync Option: AUTO
            Interrupt generated: False
            Interrupt mode: NONE
            Drive mode: HI_Z_DIGITAL
            VTrip: CMOS
            Slew: FAST
            Input Sync needed: False
            Output Sync needed: False
            SC shield enabled: False
            POR State: ANY
            LCD Mode: COMMON
            Register Mode: RegComb
            CaSense Mode: NEITHER
            Treat as pin: True
            Is OE Registered: False
            Uses Analog: False
            Can contain Digital: True
            Is SIO: False
            SIO Output Buf: NONREGULATED
            SIO Input Buf: SINGLE_ENDED
            SIO HiFreq: LOW
            SIO Hyst: DISABLED
            SIO Vtrip: MULTIPLIER_0_5
            SIO Multiplier Index: 0
            SIO RefSel: VCC_IO
            Required Capabilities: DIGITAL, ROUTABLE
            Initial Value: 0
            IO Voltage: 0
        PORT MAP (
            pa_out => MISO(0)__PA ,
            fb => Net_164 ,
            pad => MISO(0)_PAD );
        Properties:
        {
        }

    Pin : Name = \I2C:sda(0)\
        Attributes:
            In Group/Port: True
            In Sync Option: NOSYNC
            Out Sync Option: NOSYNC
            Interrupt generated: False
            Interrupt mode: NONE
            Drive mode: OPEN_DRAIN_LO
            VTrip: CMOS
            Slew: FAST
            Input Sync needed: False
            Output Sync needed: False
            SC shield enabled: False
            POR State: ANY
            LCD Mode: COMMON
            Register Mode: RegComb
            CaSense Mode: NEITHER
            Treat as pin: True
            Is OE Registered: False
            Uses Analog: False
            Can contain Digital: True
            Is SIO: False
            SIO Output Buf: NONREGULATED
            SIO Input Buf: SINGLE_ENDED
            SIO HiFreq: LOW
            SIO Hyst: DISABLED
            SIO Vtrip: MULTIPLIER_0_5
            SIO Multiplier Index: 0
            SIO RefSel: VCC_IO
            Required Capabilities: DIGITAL
            Initial Value: 1
            IO Voltage: 0
        PORT MAP (
            pa_out => \I2C:sda(0)\__PA ,
            fb => Net_150 ,
            pad => \I2C:sda(0)_PAD\ );
        Properties:
        {
        }

    Pin : Name = \I2C:scl(0)\
        Attributes:
            In Group/Port: True
            In Sync Option: NOSYNC
            Out Sync Option: NOSYNC
            Interrupt generated: False
            Interrupt mode: NONE
            Drive mode: OPEN_DRAIN_LO
            VTrip: CMOS
            Slew: FAST
            Input Sync needed: False
            Output Sync needed: False
            SC shield enabled: False
            POR State: ANY
            LCD Mode: COMMON
            Register Mode: RegComb
            CaSense Mode: NEITHER
            Treat as pin: True
            Is OE Registered: False
            Uses Analog: False
            Can contain Digital: True
            Is SIO: False
            SIO Output Buf: NONREGULATED
            SIO Input Buf: SINGLE_ENDED
            SIO HiFreq: LOW
            SIO Hyst: DISABLED
            SIO Vtrip: MULTIPLIER_0_5
            SIO Multiplier Index: 0
            SIO RefSel: VCC_IO
            Required Capabilities: DIGITAL
            Initial Value: 1
            IO Voltage: 0
        PORT MAP (
            pa_out => \I2C:scl(0)\__PA ,
            fb => Net_149 ,
            pad => \I2C:scl(0)_PAD\ );
        Properties:
        {
        }

    Pin : Name = MOSI(0)
        Attributes:
            In Group/Port: True
            In Sync Option: AUTO
            Out Sync Option: NOSYNC
            Interrupt generated: False
            Interrupt mode: NONE
            Drive mode: CMOS_OUT
            VTrip: EITHER
            Slew: FAST
            Input Sync needed: False
            Output Sync needed: False
            SC shield enabled: False
            POR State: ANY
            LCD Mode: COMMON
            Register Mode: RegComb
            CaSense Mode: NEITHER
            Treat as pin: True
            Is OE Registered: False
            Uses Analog: False
            Can contain Digital: True
            Is SIO: False
            SIO Output Buf: NONREGULATED
            SIO Input Buf: SINGLE_ENDED
            SIO HiFreq: LOW
            SIO Hyst: DISABLED
            SIO Vtrip: MULTIPLIER_0_5
            SIO Multiplier Index: 0
            SIO RefSel: VCC_IO
            Required Capabilities: DIGITAL, ROUTABLE
            Initial Value: 1
            IO Voltage: 0
        PORT MAP (
            pa_out => MOSI(0)__PA ,
            pin_input => Net_163 ,
            pad => MOSI(0)_PAD );
        Properties:
        {
        }

    Pin : Name = SCK(0)
        Attributes:
            In Group/Port: True
            In Sync Option: AUTO
            Out Sync Option: NOSYNC
            Interrupt generated: False
            Interrupt mode: NONE
            Drive mode: CMOS_OUT
            VTrip: EITHER
            Slew: FAST
            Input Sync needed: False
            Output Sync needed: False
            SC shield enabled: False
            POR State: ANY
            LCD Mode: COMMON
            Register Mode: RegComb
            CaSense Mode: NEITHER
            Treat as pin: True
            Is OE Registered: False
            Uses Analog: False
            Can contain Digital: True
            Is SIO: False
            SIO Output Buf: NONREGULATED
            SIO Input Buf: SINGLE_ENDED
            SIO HiFreq: LOW
            SIO Hyst: DISABLED
            SIO Vtrip: MULTIPLIER_0_5
            SIO Multiplier Index: 0
            SIO RefSel: VCC_IO
            Required Capabilities: DIGITAL, ROUTABLE
            Initial Value: 1
            IO Voltage: 0
        PORT MAP (
            pa_out => SCK(0)__PA ,
            pin_input => Net_162 ,
            pad => SCK(0)_PAD );
        Properties:
        {
        }

    Pin : Name = SDA(0)
        Attributes:
            In Group/Port: True
            In Sync Option: AUTO
            Out Sync Option: NOSYNC
            Interrupt generated: False
            Interrupt mode: NONE
            Drive mode: CMOS_OUT
            VTrip: EITHER
            Slew: FAST
            Input Sync needed: False
            Output Sync needed: False
            SC shield enabled: False
            POR State: ANY
            LCD Mode: COMMON
            Register Mode: RegComb
            CaSense Mode: NEITHER
            Treat as pin: True
            Is OE Registered: False
            Uses Analog: False
            Can contain Digital: True
            Is SIO: False
            SIO Output Buf: NONREGULATED
            SIO Input Buf: SINGLE_ENDED
            SIO HiFreq: LOW
            SIO Hyst: DISABLED
            SIO Vtrip: MULTIPLIER_0_5
            SIO Multiplier Index: 0
            SIO RefSel: VCC_IO
            Required Capabilities: DIGITAL, ROUTABLE
            Initial Value: 1
            IO Voltage: 0
        PORT MAP (
            pa_out => SDA(0)__PA ,
            pin_input => Net_161 ,
            pad => SDA(0)_PAD );
        Properties:
        {
        }

    Pin : Name = RESET(0)
        Attributes:
            In Group/Port: True
            In Sync Option: NOSYNC
            Out Sync Option: NOSYNC
            Interrupt generated: False
            Interrupt mode: NONE
            Drive mode: OPEN_DRAIN_LO
            VTrip: CMOS
            Slew: FAST
            Input Sync needed: False
            Output Sync needed: False
            SC shield enabled: False
            POR State: ANY
            LCD Mode: COMMON
            Register Mode: RegComb
            CaSense Mode: NEITHER
            Treat as pin: True
            Is OE Registered: False
            Uses Analog: False
            Can contain Digital: True
            Is SIO: False
            SIO Output Buf: NONREGULATED
            SIO Input Buf: SINGLE_ENDED
            SIO HiFreq: LOW
            SIO Hyst: DISABLED
            SIO Vtrip: MULTIPLIER_0_5
            SIO Multiplier Index: 0
            SIO RefSel: VCC_IO
            Required Capabilities: DIGITAL
            Initial Value: 1
            IO Voltage: 0
        PORT MAP (
            pa_out => RESET(0)__PA ,
            pad => RESET(0)_PAD );
        Properties:
        {
        }

    Pin : Name = LED(0)
        Attributes:
            In Group/Port: True
            In Sync Option: AUTO
            Out Sync Option: NOSYNC
            Interrupt generated: False
            Interrupt mode: NONE
            Drive mode: CMOS_OUT
            VTrip: EITHER
            Slew: FAST
            Input Sync needed: False
            Output Sync needed: False
            SC shield enabled: False
            POR State: ANY
            LCD Mode: COMMON
            Register Mode: RegComb
            CaSense Mode: NEITHER
            Treat as pin: True
            Is OE Registered: False
            Uses Analog: False
            Can contain Digital: True
            Is SIO: False
            SIO Output Buf: NONREGULATED
            SIO Input Buf: SINGLE_ENDED
            SIO HiFreq: LOW
            SIO Hyst: DISABLED
            SIO Vtrip: MULTIPLIER_0_5
            SIO Multiplier Index: 0
            SIO RefSel: VCC_IO
            Required Capabilities: DIGITAL
            Initial Value: 0
            IO Voltage: 0
        PORT MAP (
            pa_out => LED(0)__PA ,
            pad => LED(0)_PAD );
        Properties:
        {
        }
    </CYPRESSTAG>
    <CYPRESSTAG name="Macrocell listing" icon="FILE_RPT_EQUATION">

    ------------------------------------------------------------
    Macrocell listing
    ------------------------------------------------------------

    MacroCell: Name=\SPI:BSPIM:load_rx_data\, Mode=(Combinatorial)
        Total # of inputs        : 5
        Total # of product terms : 1
            Clock Enable: True
        Main Equation            : 1 pterm
        (
              !\SPI:BSPIM:count_4\ * !\SPI:BSPIM:count_3\ * 
              !\SPI:BSPIM:count_2\ * !\SPI:BSPIM:count_1\ * 
              \SPI:BSPIM:count_0\
        );
        Output = \SPI:BSPIM:load_rx_data\ (fanout=2)

    MacroCell: Name=\SPI:BSPIM:tx_status_0\, Mode=(Combinatorial)
        Total # of inputs        : 3
        Total # of product terms : 1
            Clock Enable: True
        Main Equation            : 1 pterm
        (
              \SPI:BSPIM:state_2\ * !\SPI:BSPIM:state_1\ * 
              \SPI:BSPIM:state_0\
        );
        Output = \SPI:BSPIM:tx_status_0\ (fanout=1)

    MacroCell: Name=\SPI:BSPIM:tx_status_4\, Mode=(Combinatorial)
        Total # of inputs        : 3
        Total # of product terms : 1
            Clock Enable: True
        Main Equation            : 1 pterm
        (
              !\SPI:BSPIM:state_2\ * !\SPI:BSPIM:state_1\ * 
              !\SPI:BSPIM:state_0\
        );
        Output = \SPI:BSPIM:tx_status_4\ (fanout=1)

    MacroCell: Name=\SPI:BSPIM:rx_status_6\, Mode=(Combinatorial)
        Total # of inputs        : 6
        Total # of product terms : 1
            Clock Enable: True
        Main Equation            : 1 pterm
        (
              !\SPI:BSPIM:count_4\ * !\SPI:BSPIM:count_3\ * 
              !\SPI:BSPIM:count_2\ * !\SPI:BSPIM:count_1\ * 
              \SPI:BSPIM:count_0\ * \SPI:BSPIM:rx_status_4\
        );
        Output = \SPI:BSPIM:rx_status_6\ (fanout=1)

    MacroCell: Name=Net_163, Mode=(D-Register)
        Total # of inputs        : 11
        Total # of product terms : 7
        List of special equations: 
            Clock  = (\SPI:Net_276_digital\) => Global
            Clock Enable: True
        Main Equation            : 7 pterms
        !(
              !Net_163 * !\SPI:BSPIM:state_2\ * \SPI:BSPIM:state_0\
            + !\SPI:BSPIM:state_2\ * !\SPI:BSPIM:state_1\ * 
              !\SPI:BSPIM:state_0\
            + !\SPI:BSPIM:state_2\ * !\SPI:BSPIM:state_0\ * 
              !\SPI:BSPIM:count_4\ * !\SPI:BSPIM:count_3\ * 
              !\SPI:BSPIM:count_2\ * \SPI:BSPIM:count_1\ * 
              !\SPI:BSPIM:count_0\ * !\SPI:BSPIM:ld_ident\
            + \SPI:BSPIM:state_2\ * !\SPI:BSPIM:state_1\ * 
              \SPI:BSPIM:state_0\
            + \SPI:BSPIM:state_2\ * \SPI:BSPIM:state_1\ * 
              !\SPI:BSPIM:state_0\
            + \SPI:BSPIM:state_2\ * !\SPI:BSPIM:mosi_from_dp\
            + !\SPI:BSPIM:state_0\ * !\SPI:BSPIM:mosi_from_dp\
        );
        Output = Net_163 (fanout=2)

    MacroCell: Name=\SPI:BSPIM:state_2\, Mode=(D-Register)
        Total # of inputs        : 10
        Total # of product terms : 3
        List of special equations: 
            Clock  = (\SPI:Net_276_digital\) => Global
            Clock Enable: True
        Main Equation            : 3 pterms
        (
              !\SPI:BSPIM:state_2\ * !\SPI:BSPIM:state_1\ * 
              \SPI:BSPIM:state_0\
            + !\SPI:BSPIM:state_2\ * \SPI:BSPIM:state_1\ * 
              !\SPI:BSPIM:state_0\ * !\SPI:BSPIM:count_4\ * 
              !\SPI:BSPIM:count_3\ * !\SPI:BSPIM:count_2\ * 
              \SPI:BSPIM:count_1\ * !\SPI:BSPIM:count_0\ * 
              !\SPI:BSPIM:ld_ident\
            + !\SPI:BSPIM:state_2\ * \SPI:BSPIM:state_0\ * 
              !\SPI:BSPIM:count_4\ * !\SPI:BSPIM:count_3\ * 
              \SPI:BSPIM:count_2\ * !\SPI:BSPIM:count_1\ * 
              \SPI:BSPIM:count_0\ * !\SPI:BSPIM:tx_status_1\
        );
        Output = \SPI:BSPIM:state_2\ (fanout=12)

    MacroCell: Name=\SPI:BSPIM:state_1\, Mode=(T-Register)
        Total # of inputs        : 10
        Total # of product terms : 4
        List of special equations: 
            Clock  = (\SPI:Net_276_digital\) => Global
            Clock Enable: True
        Main Equation            : 4 pterms
        (
              !\SPI:BSPIM:state_2\ * !\SPI:BSPIM:state_1\ * 
              \SPI:BSPIM:state_0\
            + !\SPI:BSPIM:state_2\ * \SPI:BSPIM:state_0\ * 
              !\SPI:BSPIM:count_4\ * !\SPI:BSPIM:count_3\ * 
              \SPI:BSPIM:count_2\ * !\SPI:BSPIM:count_1\ * 
              \SPI:BSPIM:count_0\ * !\SPI:BSPIM:tx_status_1\
            + \SPI:BSPIM:state_2\ * !\SPI:BSPIM:state_0\
            + \SPI:BSPIM:state_1\ * !\SPI:BSPIM:state_0\ * 
              !\SPI:BSPIM:count_4\ * !\SPI:BSPIM:count_3\ * 
              !\SPI:BSPIM:count_2\ * \SPI:BSPIM:count_1\ * 
              !\SPI:BSPIM:count_0\ * !\SPI:BSPIM:ld_ident\
        );
        Output = \SPI:BSPIM:state_1\ (fanout=12)

    MacroCell: Name=\SPI:BSPIM:state_0\, Mode=(T-Register)
        Total # of inputs        : 4
        Total # of product terms : 3
        List of special equations: 
            Clock  = (\SPI:Net_276_digital\) => Global
            Clock Enable: True
        Main Equation            : 3 pterms
        (
              !\SPI:BSPIM:state_2\ * \SPI:BSPIM:state_1\
            + \SPI:BSPIM:state_2\ * !\SPI:BSPIM:state_1\
            + !\SPI:BSPIM:state_1\ * !\SPI:BSPIM:state_0\ * 
              !\SPI:BSPIM:tx_status_1\
        );
        Output = \SPI:BSPIM:state_0\ (fanout=12)

    MacroCell: Name=Net_161, Mode=(D-Register)
        Total # of inputs        : 4
        Total # of product terms : 4
        List of special equations: 
            Clock  = (\SPI:Net_276_digital\) => Global
            Clock Enable: True
        Main Equation            : 4 pterms
        !(
              !\SPI:BSPIM:state_2\ * !\SPI:BSPIM:state_1\ * 
              \SPI:BSPIM:state_0\
            + !\SPI:BSPIM:state_2\ * \SPI:BSPIM:state_1\ * !Net_161
            + \SPI:BSPIM:state_2\ * !\SPI:BSPIM:state_1\ * 
              !\SPI:BSPIM:state_0\ * !Net_161
            + \SPI:BSPIM:state_1\ * \SPI:BSPIM:state_0\ * !Net_161
        );
        Output = Net_161 (fanout=2)

    MacroCell: Name=\SPI:BSPIM:load_cond\, Mode=(T-Register)
        Total # of inputs        : 9
        Total # of product terms : 4
        List of special equations: 
            Clock  = (\SPI:Net_276_digital\) => Global
            Clock Enable: True
        Main Equation            : 4 pterms
        (
              !\SPI:BSPIM:state_2\ * !\SPI:BSPIM:count_4\ * 
              !\SPI:BSPIM:count_3\ * !\SPI:BSPIM:count_2\ * 
              !\SPI:BSPIM:count_1\ * !\SPI:BSPIM:count_0\ * 
              \SPI:BSPIM:load_cond\
            + \SPI:BSPIM:state_2\ * !\SPI:BSPIM:state_1\ * 
              !\SPI:BSPIM:state_0\ * !\SPI:BSPIM:load_cond\
            + \SPI:BSPIM:state_1\ * !\SPI:BSPIM:count_4\ * 
              !\SPI:BSPIM:count_3\ * !\SPI:BSPIM:count_2\ * 
              !\SPI:BSPIM:count_1\ * !\SPI:BSPIM:count_0\ * 
              \SPI:BSPIM:load_cond\
            + \SPI:BSPIM:state_0\ * !\SPI:BSPIM:count_4\ * 
              !\SPI:BSPIM:count_3\ * !\SPI:BSPIM:count_2\ * 
              !\SPI:BSPIM:count_1\ * !\SPI:BSPIM:count_0\ * 
              \SPI:BSPIM:load_cond\
        );
        Output = \SPI:BSPIM:load_cond\ (fanout=1)

    MacroCell: Name=\SPI:BSPIM:ld_ident\, Mode=(T-Register)
        Total # of inputs        : 9
        Total # of product terms : 3
        List of special equations: 
            Clock  = (\SPI:Net_276_digital\) => Global
            Clock Enable: True
        Main Equation            : 3 pterms
        (
              \SPI:BSPIM:state_2\ * !\SPI:BSPIM:state_1\ * 
              !\SPI:BSPIM:state_0\ * !\SPI:BSPIM:ld_ident\
            + \SPI:BSPIM:state_2\ * \SPI:BSPIM:state_1\ * 
              !\SPI:BSPIM:state_0\ * \SPI:BSPIM:ld_ident\
            + \SPI:BSPIM:state_1\ * !\SPI:BSPIM:state_0\ * 
              !\SPI:BSPIM:count_4\ * !\SPI:BSPIM:count_3\ * 
              !\SPI:BSPIM:count_2\ * \SPI:BSPIM:count_1\ * 
              !\SPI:BSPIM:count_0\ * \SPI:BSPIM:ld_ident\
        );
        Output = \SPI:BSPIM:ld_ident\ (fanout=4)

    MacroCell: Name=\SPI:BSPIM:cnt_enable\, Mode=(T-Register)
        Total # of inputs        : 4
        Total # of product terms : 4
        List of special equations: 
            Clock  = (\SPI:Net_276_digital\) => Global
            Clock Enable: True
        Main Equation            : 4 pterms
        (
              !\SPI:BSPIM:state_2\ * !\SPI:BSPIM:state_1\ * 
              !\SPI:BSPIM:state_0\ * \SPI:BSPIM:cnt_enable\
            + !\SPI:BSPIM:state_2\ * \SPI:BSPIM:state_1\ * 
              \SPI:BSPIM:state_0\ * !\SPI:BSPIM:cnt_enable\
            + \SPI:BSPIM:state_2\ * !\SPI:BSPIM:state_1\ * 
              \SPI:BSPIM:state_0\ * \SPI:BSPIM:cnt_enable\
            + \SPI:BSPIM:state_2\ * \SPI:BSPIM:state_1\ * 
              !\SPI:BSPIM:state_0\ * \SPI:BSPIM:cnt_enable\
        );
        Output = \SPI:BSPIM:cnt_enable\ (fanout=2)

    MacroCell: Name=Net_162, Mode=(D-Register)
        Total # of inputs        : 4
        Total # of product terms : 2
        List of special equations: 
            Clock  = (\SPI:Net_276_digital\) => Global
            Clock Enable: True
        Main Equation            : 2 pterms
        (
              !\SPI:BSPIM:state_2\ * \SPI:BSPIM:state_1\ * 
              \SPI:BSPIM:state_0\
            + \SPI:BSPIM:state_1\ * \SPI:BSPIM:state_0\ * Net_162
        );
        Output = Net_162 (fanout=2)
    </CYPRESSTAG>
    <CYPRESSTAG name="Datapath listing">

    ------------------------------------------------------------
    Datapath listing
    ------------------------------------------------------------

    datapathcell: Name =\SPI:BSPIM:sR8:Dp:u0\
        PORT MAP (
            clock => \SPI:Net_276_digital\ ,
            cs_addr_2 => \SPI:BSPIM:state_2\ ,
            cs_addr_1 => \SPI:BSPIM:state_1\ ,
            cs_addr_0 => \SPI:BSPIM:state_0\ ,
            route_si => Net_164 ,
            f1_load => \SPI:BSPIM:load_rx_data\ ,
            so_comb => \SPI:BSPIM:mosi_from_dp\ ,
            f0_bus_stat_comb => \SPI:BSPIM:tx_status_2\ ,
            f0_blk_stat_comb => \SPI:BSPIM:tx_status_1\ ,
            f1_bus_stat_comb => \SPI:BSPIM:rx_status_5\ ,
            f1_blk_stat_comb => \SPI:BSPIM:rx_status_4\ );
        Properties:
        {
            a0_init = "00000000"
            a1_init = "00000000"
            ce0_sync = 1
            ce1_sync = 1
            cl0_sync = 1
            cl1_sync = 1
            cmsb_sync = 1
            co_msb_sync = 1
            cy_dpconfig = "0000000000000000000000001100000000000001010000000001000100010000000000011100000000010001000000000000000101000000000000010100000011111111000000001111111111111111000000000010001000001000111100000000000000000100"
            d0_init = "00000000"
            d1_init = "00000000"
            f0_blk_sync = 1
            f0_bus_sync = 1
            f1_blk_sync = 1
            f1_bus_sync = 1
            ff0_sync = 1
            ff1_sync = 1
            ov_msb_sync = 1
            so_sync = 1
            z0_sync = 1
            z1_sync = 1
        }
        Clock Polarity: Active High
        Clock Enable: True
    </CYPRESSTAG>
    <CYPRESSTAG name="Status register listing">
    </CYPRESSTAG>
    <CYPRESSTAG name="StatusI register listing">

    ------------------------------------------------------------
    StatusI register listing
    ------------------------------------------------------------

    statusicell: Name =\SPI:BSPIM:TxStsReg\
        PORT MAP (
            clock => \SPI:Net_276_digital\ ,
            status_4 => \SPI:BSPIM:tx_status_4\ ,
            status_3 => \SPI:BSPIM:load_rx_data\ ,
            status_2 => \SPI:BSPIM:tx_status_2\ ,
            status_1 => \SPI:BSPIM:tx_status_1\ ,
            status_0 => \SPI:BSPIM:tx_status_0\ );
        Properties:
        {
            cy_force_order = 1
            cy_int_mask = "0000000"
            cy_md_select = "0001001"
        }
        Clock Polarity: Active High
        Clock Enable: True

    statusicell: Name =\SPI:BSPIM:RxStsReg\
        PORT MAP (
            clock => \SPI:Net_276_digital\ ,
            status_6 => \SPI:BSPIM:rx_status_6\ ,
            status_5 => \SPI:BSPIM:rx_status_5\ ,
            status_4 => \SPI:BSPIM:rx_status_4\ );
        Properties:
        {
            cy_force_order = 1
            cy_int_mask = "0000000"
            cy_md_select = "1000000"
        }
        Clock Polarity: Active High
        Clock Enable: True
    </CYPRESSTAG>
    <CYPRESSTAG name="Sync listing">
    </CYPRESSTAG>
    <CYPRESSTAG name="Control register listing">
    </CYPRESSTAG>
    <CYPRESSTAG name="Count7 listing">

    ------------------------------------------------------------
    Count7 listing
    ------------------------------------------------------------

    count7cell: Name =\SPI:BSPIM:BitCounter\
        PORT MAP (
            clock => \SPI:Net_276_digital\ ,
            enable => \SPI:BSPIM:cnt_enable\ ,
            count_6 => \SPI:BSPIM:count_6\ ,
            count_5 => \SPI:BSPIM:count_5\ ,
            count_4 => \SPI:BSPIM:count_4\ ,
            count_3 => \SPI:BSPIM:count_3\ ,
            count_2 => \SPI:BSPIM:count_2\ ,
            count_1 => \SPI:BSPIM:count_1\ ,
            count_0 => \SPI:BSPIM:count_0\ ,
            tc => \SPI:BSPIM:cnt_tc\ );
        Properties:
        {
            cy_alt_mode = 0
            cy_init_value = "0000000"
            cy_period = "0001111"
            cy_route_en = 1
            cy_route_ld = 0
        }
        Clock Polarity: Active High
        Clock Enable: True
    </CYPRESSTAG>
    <CYPRESSTAG name="DRQ listing">
    </CYPRESSTAG>
    <CYPRESSTAG name="Interrupt listing">

    ------------------------------------------------------------
    Interrupt listing
    ------------------------------------------------------------

    interrupt: Name =\I2C:SCB_IRQ\
        PORT MAP (
            interrupt => Net_131 );
        Properties:
        {
            int_type = "10"
            is_nmi = 0
        }
    </CYPRESSTAG>
</CYPRESSTAG>
<CYPRESSTAG name="Technology mapping summary" expanded>

------------------------------------------------------------
Technology mapping summary
------------------------------------------------------------

Resource Type                 : Used : Free :  Max :  % Used
============================================================
Digital Clocks                :    1 :    3 :    4 : 25.00 %
Interrupts                    :    1 :   31 :   32 :  3.13 %
IO                            :   10 :   26 :   36 : 27.78 %
Segment LCD                   :    0 :    1 :    1 :  0.00 %
CapSense                      :    0 :    1 :    1 :  0.00 %
Die Temp                      :    0 :    1 :    1 :  0.00 %
Serial Communication (SCB)    :    1 :    1 :    2 : 50.00 %
Timer/Counter/PWM             :    0 :    4 :    4 :  0.00 %
UDB                           :      :      :      :        
  Macrocells                  :   13 :   19 :   32 : 40.63 %
  Unique P-terms              :   33 :   31 :   64 : 51.56 %
  Total P-terms               :   38 :      :      :        
  Datapath Cells              :    1 :    3 :    4 : 25.00 %
  Status Cells                :    3 :    1 :    4 : 75.00 %
    StatusI Registers         :    2 :      :      :        
    Routed Count7 Load/Enable :    1 :      :      :        
  Control Cells               :    1 :    3 :    4 : 25.00 %
    Count7 Cells              :    1 :      :      :        
Comparator/Opamp              :    0 :    2 :    2 :  0.00 %
LP Comparator                 :    0 :    2 :    2 :  0.00 %
SAR ADC                       :    0 :    1 :    1 :  0.00 %
DAC                           :      :      :      :        
  7-bit IDAC                  :    0 :    1 :    1 :  0.00 %
  8-bit IDAC                  :    0 :    1 :    1 :  0.00 %
</CYPRESSTAG>
Technology Mapping: Elapsed time ==> 0s.163ms
Tech Mapping phase: Elapsed time ==> 0s.211ms
</CYPRESSTAG>
<CYPRESSTAG name="Analog Placement">
<CYPRESSTAG name="FFB & IO Pre Placement">
<CYPRESSTAG name="Placement" icon="FILE_RPT_PLACEMENT">

Cell                                : Block                              
=========================================================================
MISO(0)                             : [IOP=(3)][IoId=(1)]                
\I2C:sda(0)\                        : [IOP=(4)][IoId=(1)]                
\I2C:scl(0)\                        : [IOP=(4)][IoId=(0)]                
MOSI(0)                             : [IOP=(3)][IoId=(0)]                
SCK(0)                              : [IOP=(0)][IoId=(4)]                
SDA(0)                              : [IOP=(0)][IoId=(5)]                
RESET(0)                            : [IOP=(0)][IoId=(0)]                
LED(0)                              : [IOP=(1)][IoId=(6)]                
ClockGenBlock                       : CLK_GEN_[FFB(CLK_GEN,0)]           
\I2C:SCB\                           : SCB_[FFB(SCB,0)]                   

</CYPRESSTAG>
</CYPRESSTAG>
<CYPRESSTAG name="Real Analog Placement">
Elapsed time ==> 0.2765366s
</CYPRESSTAG>
Analog Placement phase: Elapsed time ==> 0s.734ms
</CYPRESSTAG>
<CYPRESSTAG name="Analog Routing">
<CYPRESSTAG name="Analog Routing">
Route success=True, Iterations=1 Elapsed=0.0011991 secs
</CYPRESSTAG>
Analog Routing phase: Elapsed time ==> 0s.001ms
</CYPRESSTAG>
<CYPRESSTAG name="Analog Code Generation">
============ Analog Final Answer Routes ============
Dump of CyAnalogRoutingResultsDB
Map of net to items {
}
Map of item to net {
}
Mux Info {
}
Analog Code Generation phase: Elapsed time ==> 0s.055ms
</CYPRESSTAG>
<CYPRESSTAG name="Digital Placement">
<CYPRESSTAG name="Detailed placement messages">
I2076: Total run-time: 0.7 sec.

</CYPRESSTAG>
<CYPRESSTAG name="PLD Packing">
<CYPRESSTAG name="PLD Packing Summary" expanded>

------------------------------------------------------------
PLD Packing Summary
------------------------------------------------------------
            Resource Type : Used : Free :  Max :  % Used
    ====================================================
                     PLDs :    5 :    3 :    8 :  62.50%

<CYPRESSTAG name="PLD Statistics">

        PLD Resource Type :     Average/LAB
    =======================================
                   Inputs :            8.20
                   Pterms :            7.00
               Macrocells :            2.60
</CYPRESSTAG>
<CYPRESSTAG name="Packed PLD Contents">
Packed PLD Contents not displayed at this verbose level.</CYPRESSTAG>
</CYPRESSTAG>
PLD Packing: Elapsed time ==> 0s.002ms
</CYPRESSTAG>
<CYPRESSTAG name="Partitioning">
<CYPRESSTAG name="Initial Partitioning Summary">
Initial Partitioning Summary not displayed at this verbose level.</CYPRESSTAG>
<CYPRESSTAG name="Final Partitioning Summary">
Final Partitioning Summary not displayed at this verbose level.</CYPRESSTAG>
Partitioning: Elapsed time ==> 0s.016ms
</CYPRESSTAG>
<CYPRESSTAG name="Final Placement Summary">

------------------------------------------------------------
Final Placement Summary
------------------------------------------------------------

       Resource Type :      Count : Avg Inputs : Avg Outputs
    ========================================================
                 UDB :          3 :       9.67 :       4.33
<CYPRESSTAG name="Final Placement Details">
<CYPRESSTAG name="Component Details">

------------------------------------------------------------
Component Placement Details
------------------------------------------------------------
UDB [UDB=(0,0)] contents:
LAB@[UDB=(0,0)][LB=0] #macrocells=3, #inputs=11, #pterms=8
{
    [McSlotId=0]:     MacroCell: Name=\SPI:BSPIM:load_cond\, Mode=(T-Register) @ [UDB=(0,0)][LB=0][MC=0]
        Total # of inputs        : 9
        Total # of product terms : 4
        List of special equations: 
            Clock  = (\SPI:Net_276_digital\) => Global
            Clock Enable: True
        Main Equation            : 4 pterms
        (
              !\SPI:BSPIM:state_2\ * !\SPI:BSPIM:count_4\ * 
              !\SPI:BSPIM:count_3\ * !\SPI:BSPIM:count_2\ * 
              !\SPI:BSPIM:count_1\ * !\SPI:BSPIM:count_0\ * 
              \SPI:BSPIM:load_cond\
            + \SPI:BSPIM:state_2\ * !\SPI:BSPIM:state_1\ * 
              !\SPI:BSPIM:state_0\ * !\SPI:BSPIM:load_cond\
            + \SPI:BSPIM:state_1\ * !\SPI:BSPIM:count_4\ * 
              !\SPI:BSPIM:count_3\ * !\SPI:BSPIM:count_2\ * 
              !\SPI:BSPIM:count_1\ * !\SPI:BSPIM:count_0\ * 
              \SPI:BSPIM:load_cond\
            + \SPI:BSPIM:state_0\ * !\SPI:BSPIM:count_4\ * 
              !\SPI:BSPIM:count_3\ * !\SPI:BSPIM:count_2\ * 
              !\SPI:BSPIM:count_1\ * !\SPI:BSPIM:count_0\ * 
              \SPI:BSPIM:load_cond\
        );
        Output = \SPI:BSPIM:load_cond\ (fanout=1)
        Properties               : 
        {
        }

    [McSlotId=1]:     MacroCell: Name=\SPI:BSPIM:ld_ident\, Mode=(T-Register) @ [UDB=(0,0)][LB=0][MC=1]
        Total # of inputs        : 9
        Total # of product terms : 3
        List of special equations: 
            Clock  = (\SPI:Net_276_digital\) => Global
            Clock Enable: True
        Main Equation            : 3 pterms
        (
              \SPI:BSPIM:state_2\ * !\SPI:BSPIM:state_1\ * 
              !\SPI:BSPIM:state_0\ * !\SPI:BSPIM:ld_ident\
            + \SPI:BSPIM:state_2\ * \SPI:BSPIM:state_1\ * 
              !\SPI:BSPIM:state_0\ * \SPI:BSPIM:ld_ident\
            + \SPI:BSPIM:state_1\ * !\SPI:BSPIM:state_0\ * 
              !\SPI:BSPIM:count_4\ * !\SPI:BSPIM:count_3\ * 
              !\SPI:BSPIM:count_2\ * \SPI:BSPIM:count_1\ * 
              !\SPI:BSPIM:count_0\ * \SPI:BSPIM:ld_ident\
        );
        Output = \SPI:BSPIM:ld_ident\ (fanout=4)
        Properties               : 
        {
        }

    [McSlotId=2]:     MacroCell: Name=\SPI:BSPIM:rx_status_6\, Mode=(Combinatorial) @ [UDB=(0,0)][LB=0][MC=2]
        Total # of inputs        : 6
        Total # of product terms : 1
            Clock Enable: True
        Main Equation            : 1 pterm
        (
              !\SPI:BSPIM:count_4\ * !\SPI:BSPIM:count_3\ * 
              !\SPI:BSPIM:count_2\ * !\SPI:BSPIM:count_1\ * 
              \SPI:BSPIM:count_0\ * \SPI:BSPIM:rx_status_4\
        );
        Output = \SPI:BSPIM:rx_status_6\ (fanout=1)
        Properties               : 
        {
        }

    [McSlotId=3]: (empty)
}

LAB@[UDB=(0,0)][LB=1] #macrocells=2, #inputs=4, #pterms=5
{
    [McSlotId=0]:     MacroCell: Name=\SPI:BSPIM:cnt_enable\, Mode=(T-Register) @ [UDB=(0,0)][LB=1][MC=0]
        Total # of inputs        : 4
        Total # of product terms : 4
        List of special equations: 
            Clock  = (\SPI:Net_276_digital\) => Global
            Clock Enable: True
        Main Equation            : 4 pterms
        (
              !\SPI:BSPIM:state_2\ * !\SPI:BSPIM:state_1\ * 
              !\SPI:BSPIM:state_0\ * \SPI:BSPIM:cnt_enable\
            + !\SPI:BSPIM:state_2\ * \SPI:BSPIM:state_1\ * 
              \SPI:BSPIM:state_0\ * !\SPI:BSPIM:cnt_enable\
            + \SPI:BSPIM:state_2\ * !\SPI:BSPIM:state_1\ * 
              \SPI:BSPIM:state_0\ * \SPI:BSPIM:cnt_enable\
            + \SPI:BSPIM:state_2\ * \SPI:BSPIM:state_1\ * 
              !\SPI:BSPIM:state_0\ * \SPI:BSPIM:cnt_enable\
        );
        Output = \SPI:BSPIM:cnt_enable\ (fanout=3)
        Properties               : 
        {
        }

    [McSlotId=1]: (empty)
    [McSlotId=2]: (empty)
    [McSlotId=3]:     MacroCell: Name=\SPI:BSPIM:tx_status_4\, Mode=(Combinatorial) @ [UDB=(0,0)][LB=1][MC=3]
        Total # of inputs        : 3
        Total # of product terms : 1
            Clock Enable: True
        Main Equation            : 1 pterm
        (
              !\SPI:BSPIM:state_2\ * !\SPI:BSPIM:state_1\ * 
              !\SPI:BSPIM:state_0\
        );
        Output = \SPI:BSPIM:tx_status_4\ (fanout=1)
        Properties               : 
        {
        }
}

statusicell: Name =\SPI:BSPIM:TxStsReg\
    PORT MAP (
        clock => \SPI:Net_276_digital\ ,
        status_4 => \SPI:BSPIM:tx_status_4\ ,
        status_3 => \SPI:BSPIM:load_rx_data\ ,
        status_2 => \SPI:BSPIM:tx_status_2\ ,
        status_1 => \SPI:BSPIM:tx_status_1\ ,
        status_0 => \SPI:BSPIM:tx_status_0\ );
    Properties:
    {
        cy_force_order = 1
        cy_int_mask = "0000000"
        cy_md_select = "0001001"
    }
    Clock Polarity: Active High
    Clock Enable: True

UDB [UDB=(0,1)] contents:
LAB@[UDB=(0,1)][LB=0] #macrocells=3, #inputs=11, #pterms=8
{
    [McSlotId=0]:     MacroCell: Name=Net_163, Mode=(D-Register) @ [UDB=(0,1)][LB=0][MC=0]
        Total # of inputs        : 11
        Total # of product terms : 7
        List of special equations: 
            Clock  = (\SPI:Net_276_digital\) => Global
            Clock Enable: True
        Main Equation            : 7 pterms
        !(
              !Net_163 * !\SPI:BSPIM:state_2\ * \SPI:BSPIM:state_0\
            + !\SPI:BSPIM:state_2\ * !\SPI:BSPIM:state_1\ * 
              !\SPI:BSPIM:state_0\
            + !\SPI:BSPIM:state_2\ * !\SPI:BSPIM:state_0\ * 
              !\SPI:BSPIM:count_4\ * !\SPI:BSPIM:count_3\ * 
              !\SPI:BSPIM:count_2\ * \SPI:BSPIM:count_1\ * 
              !\SPI:BSPIM:count_0\ * !\SPI:BSPIM:ld_ident\
            + \SPI:BSPIM:state_2\ * !\SPI:BSPIM:state_1\ * 
              \SPI:BSPIM:state_0\
            + \SPI:BSPIM:state_2\ * \SPI:BSPIM:state_1\ * 
              !\SPI:BSPIM:state_0\
            + \SPI:BSPIM:state_2\ * !\SPI:BSPIM:mosi_from_dp\
            + !\SPI:BSPIM:state_0\ * !\SPI:BSPIM:mosi_from_dp\
        );
        Output = Net_163 (fanout=2)
        Properties               : 
        {
        }

    [McSlotId=1]:     MacroCell: Name=\SPI:BSPIM:load_rx_data\, Mode=(Combinatorial) @ [UDB=(0,1)][LB=0][MC=1]
        Total # of inputs        : 5
        Total # of product terms : 1
            Clock Enable: True
        Main Equation            : 1 pterm
        (
              !\SPI:BSPIM:count_4\ * !\SPI:BSPIM:count_3\ * 
              !\SPI:BSPIM:count_2\ * !\SPI:BSPIM:count_1\ * 
              \SPI:BSPIM:count_0\
        );
        Output = \SPI:BSPIM:load_rx_data\ (fanout=2)
        Properties               : 
        {
        }

    [McSlotId=2]:     MacroCell: Name=\SPI:BSPIM:tx_status_0\, Mode=(Combinatorial) @ [UDB=(0,1)][LB=0][MC=2]
        Total # of inputs        : 3
        Total # of product terms : 1
            Clock Enable: True
        Main Equation            : 1 pterm
        (
              \SPI:BSPIM:state_2\ * !\SPI:BSPIM:state_1\ * 
              \SPI:BSPIM:state_0\
        );
        Output = \SPI:BSPIM:tx_status_0\ (fanout=1)
        Properties               : 
        {
        }

    [McSlotId=3]: (empty)
}

LAB@[UDB=(0,1)][LB=1] #macrocells=3, #inputs=10, #pterms=8
{
    [McSlotId=0]:     MacroCell: Name=\SPI:BSPIM:state_1\, Mode=(T-Register) @ [UDB=(0,1)][LB=1][MC=0]
        Total # of inputs        : 10
        Total # of product terms : 4
        List of special equations: 
            Clock  = (\SPI:Net_276_digital\) => Global
            Clock Enable: True
        Main Equation            : 4 pterms
        (
              !\SPI:BSPIM:state_2\ * !\SPI:BSPIM:state_1\ * 
              \SPI:BSPIM:state_0\
            + !\SPI:BSPIM:state_2\ * \SPI:BSPIM:state_0\ * 
              !\SPI:BSPIM:count_4\ * !\SPI:BSPIM:count_3\ * 
              \SPI:BSPIM:count_2\ * !\SPI:BSPIM:count_1\ * 
              \SPI:BSPIM:count_0\ * !\SPI:BSPIM:tx_status_1\
            + \SPI:BSPIM:state_2\ * !\SPI:BSPIM:state_0\
            + \SPI:BSPIM:state_1\ * !\SPI:BSPIM:state_0\ * 
              !\SPI:BSPIM:count_4\ * !\SPI:BSPIM:count_3\ * 
              !\SPI:BSPIM:count_2\ * \SPI:BSPIM:count_1\ * 
              !\SPI:BSPIM:count_0\ * !\SPI:BSPIM:ld_ident\
        );
        Output = \SPI:BSPIM:state_1\ (fanout=12)
        Properties               : 
        {
        }

    [McSlotId=1]:     MacroCell: Name=\SPI:BSPIM:state_2\, Mode=(D-Register) @ [UDB=(0,1)][LB=1][MC=1]
        Total # of inputs        : 10
        Total # of product terms : 3
        List of special equations: 
            Clock  = (\SPI:Net_276_digital\) => Global
            Clock Enable: True
        Main Equation            : 3 pterms
        (
              !\SPI:BSPIM:state_2\ * !\SPI:BSPIM:state_1\ * 
              \SPI:BSPIM:state_0\
            + !\SPI:BSPIM:state_2\ * \SPI:BSPIM:state_1\ * 
              !\SPI:BSPIM:state_0\ * !\SPI:BSPIM:count_4\ * 
              !\SPI:BSPIM:count_3\ * !\SPI:BSPIM:count_2\ * 
              \SPI:BSPIM:count_1\ * !\SPI:BSPIM:count_0\ * 
              !\SPI:BSPIM:ld_ident\
            + !\SPI:BSPIM:state_2\ * \SPI:BSPIM:state_0\ * 
              !\SPI:BSPIM:count_4\ * !\SPI:BSPIM:count_3\ * 
              \SPI:BSPIM:count_2\ * !\SPI:BSPIM:count_1\ * 
              \SPI:BSPIM:count_0\ * !\SPI:BSPIM:tx_status_1\
        );
        Output = \SPI:BSPIM:state_2\ (fanout=12)
        Properties               : 
        {
        }

    [McSlotId=2]:     MacroCell: Name=\SPI:BSPIM:state_0\, Mode=(T-Register) @ [UDB=(0,1)][LB=1][MC=2]
        Total # of inputs        : 4
        Total # of product terms : 3
        List of special equations: 
            Clock  = (\SPI:Net_276_digital\) => Global
            Clock Enable: True
        Main Equation            : 3 pterms
        (
              !\SPI:BSPIM:state_2\ * \SPI:BSPIM:state_1\
            + \SPI:BSPIM:state_2\ * !\SPI:BSPIM:state_1\
            + !\SPI:BSPIM:state_1\ * !\SPI:BSPIM:state_0\ * 
              !\SPI:BSPIM:tx_status_1\
        );
        Output = \SPI:BSPIM:state_0\ (fanout=12)
        Properties               : 
        {
        }

    [McSlotId=3]: (empty)
}

datapathcell: Name =\SPI:BSPIM:sR8:Dp:u0\
    PORT MAP (
        clock => \SPI:Net_276_digital\ ,
        cs_addr_2 => \SPI:BSPIM:state_2\ ,
        cs_addr_1 => \SPI:BSPIM:state_1\ ,
        cs_addr_0 => \SPI:BSPIM:state_0\ ,
        route_si => Net_164 ,
        f1_load => \SPI:BSPIM:load_rx_data\ ,
        so_comb => \SPI:BSPIM:mosi_from_dp\ ,
        f0_bus_stat_comb => \SPI:BSPIM:tx_status_2\ ,
        f0_blk_stat_comb => \SPI:BSPIM:tx_status_1\ ,
        f1_bus_stat_comb => \SPI:BSPIM:rx_status_5\ ,
        f1_blk_stat_comb => \SPI:BSPIM:rx_status_4\ );
    Properties:
    {
        a0_init = "00000000"
        a1_init = "00000000"
        ce0_sync = 1
        ce1_sync = 1
        cl0_sync = 1
        cl1_sync = 1
        cmsb_sync = 1
        co_msb_sync = 1
        cy_dpconfig = "0000000000000000000000001100000000000001010000000001000100010000000000011100000000010001000000000000000101000000000000010100000011111111000000001111111111111111000000000010001000001000111100000000000000000100"
        d0_init = "00000000"
        d1_init = "00000000"
        f0_blk_sync = 1
        f0_bus_sync = 1
        f1_blk_sync = 1
        f1_bus_sync = 1
        ff0_sync = 1
        ff1_sync = 1
        ov_msb_sync = 1
        so_sync = 1
        z0_sync = 1
        z1_sync = 1
    }
    Clock Polarity: Active High
    Clock Enable: True

count7cell: Name =\SPI:BSPIM:BitCounter\
    PORT MAP (
        clock => \SPI:Net_276_digital\ ,
        enable => \SPI:BSPIM:cnt_enable\ ,
        count_6 => \SPI:BSPIM:count_6\ ,
        count_5 => \SPI:BSPIM:count_5\ ,
        count_4 => \SPI:BSPIM:count_4\ ,
        count_3 => \SPI:BSPIM:count_3\ ,
        count_2 => \SPI:BSPIM:count_2\ ,
        count_1 => \SPI:BSPIM:count_1\ ,
        count_0 => \SPI:BSPIM:count_0\ ,
        tc => \SPI:BSPIM:cnt_tc\ );
    Properties:
    {
        cy_alt_mode = 0
        cy_init_value = "0000000"
        cy_period = "0001111"
        cy_route_en = 1
        cy_route_ld = 0
    }
    Clock Polarity: Active High
    Clock Enable: True

UDB [UDB=(1,0)] contents:
LAB@[UDB=(1,0)][LB=0] #macrocells=2, #inputs=5, #pterms=6
{
    [McSlotId=0]: (empty)
    [McSlotId=1]:     MacroCell: Name=Net_162, Mode=(D-Register) @ [UDB=(1,0)][LB=0][MC=1]
        Total # of inputs        : 4
        Total # of product terms : 2
        List of special equations: 
            Clock  = (\SPI:Net_276_digital\) => Global
            Clock Enable: True
        Main Equation            : 2 pterms
        (
              !\SPI:BSPIM:state_2\ * \SPI:BSPIM:state_1\ * 
              \SPI:BSPIM:state_0\
            + \SPI:BSPIM:state_1\ * \SPI:BSPIM:state_0\ * Net_162
        );
        Output = Net_162 (fanout=2)
        Properties               : 
        {
        }

    [McSlotId=2]: (empty)
    [McSlotId=3]:     MacroCell: Name=Net_161, Mode=(D-Register) @ [UDB=(1,0)][LB=0][MC=3]
        Total # of inputs        : 4
        Total # of product terms : 4
        List of special equations: 
            Clock  = (\SPI:Net_276_digital\) => Global
            Clock Enable: True
        Main Equation            : 4 pterms
        !(
              !\SPI:BSPIM:state_2\ * !\SPI:BSPIM:state_1\ * 
              \SPI:BSPIM:state_0\
            + !\SPI:BSPIM:state_2\ * \SPI:BSPIM:state_1\ * !Net_161
            + \SPI:BSPIM:state_2\ * !\SPI:BSPIM:state_1\ * 
              !\SPI:BSPIM:state_0\ * !Net_161
            + \SPI:BSPIM:state_1\ * \SPI:BSPIM:state_0\ * !Net_161
        );
        Output = Net_161 (fanout=2)
        Properties               : 
        {
        }
}

statusicell: Name =\SPI:BSPIM:RxStsReg\
    PORT MAP (
        clock => \SPI:Net_276_digital\ ,
        status_6 => \SPI:BSPIM:rx_status_6\ ,
        status_5 => \SPI:BSPIM:rx_status_5\ ,
        status_4 => \SPI:BSPIM:rx_status_4\ );
    Properties:
    {
        cy_force_order = 1
        cy_int_mask = "0000000"
        cy_md_select = "1000000"
    }
    Clock Polarity: Active High
    Clock Enable: True

UDB [UDB=(1,1)] is empty.
Intr container @ [IntrContainer=(0)]: 
  Intr@ [IntrContainer=(0)][IntrId=(10)] 
    interrupt: Name =\I2C:SCB_IRQ\
        PORT MAP (
            interrupt => Net_131 );
        Properties:
        {
            int_type = "10"
            is_nmi = 0
        }
Port 0 contains the following IO cells:
[IoId=0]: 
Pin : Name = RESET(0)
    Attributes:
        In Group/Port: True
        In Sync Option: NOSYNC
        Out Sync Option: NOSYNC
        Interrupt generated: False
        Interrupt mode: NONE
        Drive mode: OPEN_DRAIN_LO
        VTrip: CMOS
        Slew: FAST
        Input Sync needed: False
        Output Sync needed: False
        SC shield enabled: False
        POR State: ANY
        LCD Mode: COMMON
        Register Mode: RegComb
        CaSense Mode: NEITHER
        Treat as pin: True
        Is OE Registered: False
        Uses Analog: False
        Can contain Digital: True
        Is SIO: False
        SIO Output Buf: NONREGULATED
        SIO Input Buf: SINGLE_ENDED
        SIO HiFreq: LOW
        SIO Hyst: DISABLED
        SIO Vtrip: MULTIPLIER_0_5
        SIO Multiplier Index: 0
        SIO RefSel: VCC_IO
        Required Capabilities: DIGITAL
        Initial Value: 1
        IO Voltage: 0
    PORT MAP (
        pa_out => RESET(0)__PA ,
        pad => RESET(0)_PAD );
    Properties:
    {
    }

[IoId=4]: 
Pin : Name = SCK(0)
    Attributes:
        In Group/Port: True
        In Sync Option: AUTO
        Out Sync Option: NOSYNC
        Interrupt generated: False
        Interrupt mode: NONE
        Drive mode: CMOS_OUT
        VTrip: EITHER
        Slew: FAST
        Input Sync needed: False
        Output Sync needed: False
        SC shield enabled: False
        POR State: ANY
        LCD Mode: COMMON
        Register Mode: RegComb
        CaSense Mode: NEITHER
        Treat as pin: True
        Is OE Registered: False
        Uses Analog: False
        Can contain Digital: True
        Is SIO: False
        SIO Output Buf: NONREGULATED
        SIO Input Buf: SINGLE_ENDED
        SIO HiFreq: LOW
        SIO Hyst: DISABLED
        SIO Vtrip: MULTIPLIER_0_5
        SIO Multiplier Index: 0
        SIO RefSel: VCC_IO
        Required Capabilities: DIGITAL, ROUTABLE
        Initial Value: 1
        IO Voltage: 0
    PORT MAP (
        pa_out => SCK(0)__PA ,
        pin_input => Net_162 ,
        pad => SCK(0)_PAD );
    Properties:
    {
    }

[IoId=5]: 
Pin : Name = SDA(0)
    Attributes:
        In Group/Port: True
        In Sync Option: AUTO
        Out Sync Option: NOSYNC
        Interrupt generated: False
        Interrupt mode: NONE
        Drive mode: CMOS_OUT
        VTrip: EITHER
        Slew: FAST
        Input Sync needed: False
        Output Sync needed: False
        SC shield enabled: False
        POR State: ANY
        LCD Mode: COMMON
        Register Mode: RegComb
        CaSense Mode: NEITHER
        Treat as pin: True
        Is OE Registered: False
        Uses Analog: False
        Can contain Digital: True
        Is SIO: False
        SIO Output Buf: NONREGULATED
        SIO Input Buf: SINGLE_ENDED
        SIO HiFreq: LOW
        SIO Hyst: DISABLED
        SIO Vtrip: MULTIPLIER_0_5
        SIO Multiplier Index: 0
        SIO RefSel: VCC_IO
        Required Capabilities: DIGITAL, ROUTABLE
        Initial Value: 1
        IO Voltage: 0
    PORT MAP (
        pa_out => SDA(0)__PA ,
        pin_input => Net_161 ,
        pad => SDA(0)_PAD );
    Properties:
    {
    }

Port 1 contains the following IO cells:
[IoId=6]: 
Pin : Name = LED(0)
    Attributes:
        In Group/Port: True
        In Sync Option: AUTO
        Out Sync Option: NOSYNC
        Interrupt generated: False
        Interrupt mode: NONE
        Drive mode: CMOS_OUT
        VTrip: EITHER
        Slew: FAST
        Input Sync needed: False
        Output Sync needed: False
        SC shield enabled: False
        POR State: ANY
        LCD Mode: COMMON
        Register Mode: RegComb
        CaSense Mode: NEITHER
        Treat as pin: True
        Is OE Registered: False
        Uses Analog: False
        Can contain Digital: True
        Is SIO: False
        SIO Output Buf: NONREGULATED
        SIO Input Buf: SINGLE_ENDED
        SIO HiFreq: LOW
        SIO Hyst: DISABLED
        SIO Vtrip: MULTIPLIER_0_5
        SIO Multiplier Index: 0
        SIO RefSel: VCC_IO
        Required Capabilities: DIGITAL
        Initial Value: 0
        IO Voltage: 0
    PORT MAP (
        pa_out => LED(0)__PA ,
        pad => LED(0)_PAD );
    Properties:
    {
    }

Port 2 contains the following IO cells:
Port 3 contains the following IO cells:
[IoId=0]: 
Pin : Name = MOSI(0)
    Attributes:
        In Group/Port: True
        In Sync Option: AUTO
        Out Sync Option: NOSYNC
        Interrupt generated: False
        Interrupt mode: NONE
        Drive mode: CMOS_OUT
        VTrip: EITHER
        Slew: FAST
        Input Sync needed: False
        Output Sync needed: False
        SC shield enabled: False
        POR State: ANY
        LCD Mode: COMMON
        Register Mode: RegComb
        CaSense Mode: NEITHER
        Treat as pin: True
        Is OE Registered: False
        Uses Analog: False
        Can contain Digital: True
        Is SIO: False
        SIO Output Buf: NONREGULATED
        SIO Input Buf: SINGLE_ENDED
        SIO HiFreq: LOW
        SIO Hyst: DISABLED
        SIO Vtrip: MULTIPLIER_0_5
        SIO Multiplier Index: 0
        SIO RefSel: VCC_IO
        Required Capabilities: DIGITAL, ROUTABLE
        Initial Value: 1
        IO Voltage: 0
    PORT MAP (
        pa_out => MOSI(0)__PA ,
        pin_input => Net_163 ,
        pad => MOSI(0)_PAD );
    Properties:
    {
    }

[IoId=1]: 
Pin : Name = MISO(0)
    Attributes:
        In Group/Port: True
        In Sync Option: NOSYNC
        Out Sync Option: AUTO
        Interrupt generated: False
        Interrupt mode: NONE
        Drive mode: HI_Z_DIGITAL
        VTrip: CMOS
        Slew: FAST
        Input Sync needed: False
        Output Sync needed: False
        SC shield enabled: False
        POR State: ANY
        LCD Mode: COMMON
        Register Mode: RegComb
        CaSense Mode: NEITHER
        Treat as pin: True
        Is OE Registered: False
        Uses Analog: False
        Can contain Digital: True
        Is SIO: False
        SIO Output Buf: NONREGULATED
        SIO Input Buf: SINGLE_ENDED
        SIO HiFreq: LOW
        SIO Hyst: DISABLED
        SIO Vtrip: MULTIPLIER_0_5
        SIO Multiplier Index: 0
        SIO RefSel: VCC_IO
        Required Capabilities: DIGITAL, ROUTABLE
        Initial Value: 0
        IO Voltage: 0
    PORT MAP (
        pa_out => MISO(0)__PA ,
        fb => Net_164 ,
        pad => MISO(0)_PAD );
    Properties:
    {
    }

Port 4 contains the following IO cells:
[IoId=0]: 
Pin : Name = \I2C:scl(0)\
    Attributes:
        In Group/Port: True
        In Sync Option: NOSYNC
        Out Sync Option: NOSYNC
        Interrupt generated: False
        Interrupt mode: NONE
        Drive mode: OPEN_DRAIN_LO
        VTrip: CMOS
        Slew: FAST
        Input Sync needed: False
        Output Sync needed: False
        SC shield enabled: False
        POR State: ANY
        LCD Mode: COMMON
        Register Mode: RegComb
        CaSense Mode: NEITHER
        Treat as pin: True
        Is OE Registered: False
        Uses Analog: False
        Can contain Digital: True
        Is SIO: False
        SIO Output Buf: NONREGULATED
        SIO Input Buf: SINGLE_ENDED
        SIO HiFreq: LOW
        SIO Hyst: DISABLED
        SIO Vtrip: MULTIPLIER_0_5
        SIO Multiplier Index: 0
        SIO RefSel: VCC_IO
        Required Capabilities: DIGITAL
        Initial Value: 1
        IO Voltage: 0
    PORT MAP (
        pa_out => \I2C:scl(0)\__PA ,
        fb => Net_149 ,
        pad => \I2C:scl(0)_PAD\ );
    Properties:
    {
    }

[IoId=1]: 
Pin : Name = \I2C:sda(0)\
    Attributes:
        In Group/Port: True
        In Sync Option: NOSYNC
        Out Sync Option: NOSYNC
        Interrupt generated: False
        Interrupt mode: NONE
        Drive mode: OPEN_DRAIN_LO
        VTrip: CMOS
        Slew: FAST
        Input Sync needed: False
        Output Sync needed: False
        SC shield enabled: False
        POR State: ANY
        LCD Mode: COMMON
        Register Mode: RegComb
        CaSense Mode: NEITHER
        Treat as pin: True
        Is OE Registered: False
        Uses Analog: False
        Can contain Digital: True
        Is SIO: False
        SIO Output Buf: NONREGULATED
        SIO Input Buf: SINGLE_ENDED
        SIO HiFreq: LOW
        SIO Hyst: DISABLED
        SIO Vtrip: MULTIPLIER_0_5
        SIO Multiplier Index: 0
        SIO RefSel: VCC_IO
        Required Capabilities: DIGITAL
        Initial Value: 1
        IO Voltage: 0
    PORT MAP (
        pa_out => \I2C:sda(0)\__PA ,
        fb => Net_150 ,
        pad => \I2C:sda(0)_PAD\ );
    Properties:
    {
    }

ARM group 0: empty
Clock group 0: 
    Clock Block @ F(Clock,0): 
    m0s8clockblockcell: Name =ClockBlock
        PORT MAP (
            hfclk => ClockBlock_HFClk ,
            imo => ClockBlock_IMO ,
            ext => ClockBlock_ExtClk ,
            sysclk => ClockBlock_SysClk ,
            ilo => ClockBlock_ILO ,
            lfclk => ClockBlock_LFClk ,
            dsi_in_0 => ClockBlock_Routed1 ,
            ff_div_2 => \I2C:Net_847_ff2\ ,
            udb_div_0 => dclk_to_genclk );
        Properties:
        {
        }
LCD group 0: empty
PICU group 0: empty
LPCOMP group 0: empty
SCB group 0: 
    SCB Block @ F(SCB,0): 
    m0s8scbcell: Name =\I2C:SCB\
        PORT MAP (
            clock => \I2C:Net_847_ff2\ ,
            interrupt => Net_131 ,
            uart_tx => \I2C:tx_wire\ ,
            uart_rts => \I2C:rts_wire\ ,
            mosi_m => \I2C:mosi_m_wire\ ,
            select_m_3 => \I2C:select_m_wire_3\ ,
            select_m_2 => \I2C:select_m_wire_2\ ,
            select_m_1 => \I2C:select_m_wire_1\ ,
            select_m_0 => \I2C:select_m_wire_0\ ,
            sclk_m => \I2C:sclk_m_wire\ ,
            miso_s => \I2C:miso_s_wire\ ,
            i2c_scl => Net_149 ,
            i2c_sda => Net_150 ,
            tr_tx_req => Net_134 ,
            tr_rx_req => Net_133 );
        Properties:
        {
            cy_registers = ""
            scb_mode = 0
        }
CSD group 0: empty
CSIDAC8 group 0: empty
CSIDAC7 group 0: empty
TCPWM group 0: empty
OA group 0: empty
TEMP group 0: empty
SARADC group 0: empty
CLK_GEN group 0: 
    M0S8 Clock Gen Block @ F(CLK_GEN,0): 
    m0s8clockgenblockcell: Name =ClockGenBlock
        PORT MAP (
            gen_clk_out_0 => \SPI:Net_276_digital\ ,
            gen_clk_in_0 => dclk_to_genclk );
        Properties:
        {
        }
LPCOMPBLOCK group 0: empty
PASSBLOCK group 0: empty
WCO group 0: empty
SRSS group 0: empty
CPUSS group 0: empty
EXCO group 0: empty
</CYPRESSTAG>
<CYPRESSTAG name="Port Configuration Details">

------------------------------------------------------------
Port Configuration report
------------------------------------------------------------
     |     |       | Interrupt |                  |              | 
Port | Pin | Fixed |      Type |       Drive Mode |         Name | Connections
-----+-----+-------+-----------+------------------+--------------+------------
   0 |   0 |     * |      NONE |    OPEN_DRAIN_LO |     RESET(0) | 
     |   4 |     * |      NONE |         CMOS_OUT |       SCK(0) | In(Net_162)
     |   5 |     * |      NONE |         CMOS_OUT |       SDA(0) | In(Net_161)
-----+-----+-------+-----------+------------------+--------------+------------
   1 |   6 |     * |      NONE |         CMOS_OUT |       LED(0) | 
-----+-----+-------+-----------+------------------+--------------+------------
   3 |   0 |     * |      NONE |         CMOS_OUT |      MOSI(0) | In(Net_163)
     |   1 |     * |      NONE |     HI_Z_DIGITAL |      MISO(0) | FB(Net_164)
-----+-----+-------+-----------+------------------+--------------+------------
   4 |   0 |     * |      NONE |    OPEN_DRAIN_LO | \I2C:scl(0)\ | FB(Net_149)
     |   1 |     * |      NONE |    OPEN_DRAIN_LO | \I2C:sda(0)\ | FB(Net_150)
------------------------------------------------------------------------------
</CYPRESSTAG>
</CYPRESSTAG>
</CYPRESSTAG>
Digital component placer commit/Report: Elapsed time ==> 0s.074ms
Digital Placement phase: Elapsed time ==> 1s.185ms
</CYPRESSTAG>
<CYPRESSTAG name="Digital Routing">
"C:\Program Files (x86)\Cypress\PSoC Creator\4.2\PSoC Creator\bin/sjrouter.exe" --xml-path "C:\Program Files (x86)\Cypress\PSoC Creator\4.2\PSoC Creator\dev\psoc4/psoc4a/route_arch-rrg.cydata" --vh2-path "I2C_LCD_PSOC_r.vh2" --pcf-path "I2C_LCD_PSOC.pco" --des-name "I2C_LCD_PSOC" --dsf-path "I2C_LCD_PSOC.dsf" --sdc-path "I2C_LCD_PSOC.sdc" --lib-path "I2C_LCD_PSOC_r.lib"
Routing successful.
Digital Routing phase: Elapsed time ==> 1s.719ms
</CYPRESSTAG>
<CYPRESSTAG name="Bitstream Generation">
Bitstream Generation phase: Elapsed time ==> 0s.451ms
</CYPRESSTAG>
<CYPRESSTAG name="Bitstream Verification">
Bitstream Verification phase: Elapsed time ==> 0s.054ms
</CYPRESSTAG>
<CYPRESSTAG name="Static timing analysis">
Timing report is in I2C_LCD_PSOC_timing.html.
Static timing analysis phase: Elapsed time ==> 0s.560ms
</CYPRESSTAG>
<CYPRESSTAG name="Data reporting">
Data reporting phase: Elapsed time ==> 0s.000ms
</CYPRESSTAG>
<CYPRESSTAG name="Database update...">
Design database save phase: Elapsed time ==> 0s.413ms
</CYPRESSTAG>
cydsfit: Elapsed time ==> 5s.549ms
</CYPRESSTAG>
Fitter phase: Elapsed time ==> 5s.550ms
API generation phase: Elapsed time ==> 3s.848ms
Dependency generation phase: Elapsed time ==> 0s.066ms
Cleanup phase: Elapsed time ==> 0s.001ms
